0.6418 	WARNING 	We strongly recommend you activate the PTB sound engine in PsychoPy prefs as the preferred audio engine. Its timing is vastly superior. Your prefs are currently set to use ['pygame', 'PTB', 'sounddevice', 'pyo'] (in that order).
6.5529 	EXP 	Created window1 = Window(allowGUI=False, allowStencil=False, autoLog=True, backendConf=UNKNOWN, bitsMode=UNKNOWN, blendMode='avg', bpc=(8, 8, 8), color=array([-1, -1, -1]), colorSpace='rgb', depthBits=8, fullscr=<method-wrapper '__getattribute__' of attributeSetter object at 0x7fbb78dd3190>, gamma=None, gammaErrorPolicy='raise', lms=UNKNOWN, monitor=<psychopy.monitors.calibTools.Monitor object at 0x7fbb78137580>, multiSample=False, name='window1', numSamples=2, pos=[0.0, 0.0], screen=0, size=array([1920, 1080]), stencilBits=0, stereo=False, units='deg', useFBO=True, useRetina=False, viewOri=0.0, viewPos=None, viewScale=None, waitBlanking=True, winType='pyglet')
6.5531 	EXP 	window1: mouseVisible = True
6.5532 	EXP 	window1: recordFrameIntervals = False
6.7188 	EXP 	window1: recordFrameIntervals = True
6.9024 	EXP 	window1: recordFrameIntervals = False
7.0247 	EXP 	Created text_3 = TextStim(__class__=<class 'psychopy.visual.text.TextStim'>, alignHoriz=method-wrapper(...), alignText='center', alignVert=method-wrapper(...), anchorHoriz='center', anchorVert='center', antialias=True, autoLog=True, bold=False, color=array([1., 1., 1.]), colorSpace='rgb', contrast=1.0, depth=-1.0, flipHoriz=False, flipVert=False, font='Open Sans', fontFiles=[], height=1.0, italic=False, languageStyle='LTR', name='text_3', opacity=1, ori=0.0, pos=array([0., 0.]), rgb=UNKNOWN, text='', units='deg', win=Window(...), wrapWidth=30.0)
7.0487 	EXP 	Created image_4 = ImageStim(__class__=<class 'psychopy.visual.image.ImageStim'>, autoLog=True, color=array([1., 1., 1.]), colorSpace='rgb', contrast=1.0, depth=0.0, flipHoriz=False, flipVert=False, image='instructions/cond-12-untimed-01.png', interpolate=True, mask=None, maskParams=None, name='image_4', opacity=1, ori=0.0, pos=array([0., 0.]), size=array([53., 30.]), texRes=128.0, units='deg', win=Window(...))
7.0633 	EXP 	Created image_5 = ImageStim(__class__=<class 'psychopy.visual.image.ImageStim'>, autoLog=True, color=array([1., 1., 1.]), colorSpace='rgb', contrast=1.0, depth=0.0, flipHoriz=False, flipVert=False, image='instructions/cond-12-untimed-02.png', interpolate=True, mask=None, maskParams=None, name='image_5', opacity=1, ori=0.0, pos=array([0., 0.]), size=array([53., 30.]), texRes=128.0, units='deg', win=Window(...))
7.0799 	EXP 	Created image_6 = ImageStim(__class__=<class 'psychopy.visual.image.ImageStim'>, autoLog=True, color=array([1., 1., 1.]), colorSpace='rgb', contrast=1.0, depth=0.0, flipHoriz=False, flipVert=False, image='instructions/cond-12-untimed-03.png', interpolate=True, mask=None, maskParams=None, name='image_6', opacity=1, ori=0.0, pos=array([0., 0.]), size=array([53., 30.]), texRes=128.0, units='deg', win=Window(...))
7.0953 	EXP 	Created image_7 = ImageStim(__class__=<class 'psychopy.visual.image.ImageStim'>, autoLog=True, color=array([1., 1., 1.]), colorSpace='rgb', contrast=1.0, depth=0.0, flipHoriz=False, flipVert=False, image='instructions/cond-12-untimed-04.png', interpolate=True, mask=None, maskParams=None, name='image_7', opacity=1, ori=0.0, pos=array([0., 0.]), size=array([53., 30.]), texRes=128.0, units='deg', win=Window(...))
7.1100 	EXP 	Created image_8 = ImageStim(__class__=<class 'psychopy.visual.image.ImageStim'>, autoLog=True, color=array([1., 1., 1.]), colorSpace='rgb', contrast=1.0, depth=0.0, flipHoriz=False, flipVert=False, image='instructions/cond-12-untimed-05.png', interpolate=True, mask=None, maskParams=None, name='image_8', opacity=1, ori=0.0, pos=array([0., 0.]), size=array([53., 30.]), texRes=128.0, units='deg', win=Window(...))
7.1254 	EXP 	Created image_9 = ImageStim(__class__=<class 'psychopy.visual.image.ImageStim'>, autoLog=True, color=array([1., 1., 1.]), colorSpace='rgb', contrast=1.0, depth=0.0, flipHoriz=False, flipVert=False, image='instructions/cond-12-untimed-06.png', interpolate=True, mask=None, maskParams=None, name='image_9', opacity=1, ori=0.0, pos=array([0., 0.]), size=array([53., 30.]), texRes=128.0, units='deg', win=Window(...))
7.1405 	EXP 	Created image_10 = ImageStim(__class__=<class 'psychopy.visual.image.ImageStim'>, autoLog=True, color=array([1., 1., 1.]), colorSpace='rgb', contrast=1.0, depth=0.0, flipHoriz=False, flipVert=False, image='instructions/cond-12-untimed-07.png', interpolate=True, mask=None, maskParams=None, name='image_10', opacity=1, ori=0.0, pos=array([0., 0.]), size=array([53., 30.]), texRes=128.0, units='deg', win=Window(...))
7.1593 	EXP 	Created image_11 = ImageStim(__class__=<class 'psychopy.visual.image.ImageStim'>, autoLog=True, color=array([1., 1., 1.]), colorSpace='rgb', contrast=1.0, depth=0.0, flipHoriz=False, flipVert=False, image='instructions/cond-12-untimed-08.png', interpolate=True, mask=None, maskParams=None, name='image_11', opacity=1, ori=0.0, pos=array([0., 0.]), size=array([53., 30.]), texRes=128.0, units='deg', win=Window(...))
7.1643 	EXP 	Created cue_untimed_image = ImageStim(__class__=<class 'psychopy.visual.image.ImageStim'>, autoLog=True, color=array([1., 1., 1.]), colorSpace='rgb', contrast=1.0, depth=0.0, flipHoriz=False, flipVert=False, image='sin', interpolate=True, mask=None, maskParams=None, name='cue_untimed_image', opacity=1, ori=0.0, pos=array([0., 0.]), size=array([30., 30.]), texRes=128.0, units='cm', win=Window(...))
7.1688 	EXP 	Created stimuli_untimed_image = ImageStim(__class__=<class 'psychopy.visual.image.ImageStim'>, autoLog=True, color=array([1., 1., 1.]), colorSpace='rgb', contrast=1.0, depth=-1.0, flipHoriz=False, flipVert=False, image='sin', interpolate=True, mask=None, maskParams=None, name='stimuli_untimed_image', opacity=1, ori=0.0, pos=array([0., 0.]), size=array([15., 15.]), texRes=128.0, units='cm', win=Window(...))
7.1766 	WARNING 	Hamming was requested using the 'pygame' sound library but hamming is not supported there.
7.1791 	EXP 	Set sound_1 sound=A
7.1791 	EXP 	Set Sound sound_1 volume=1.000
7.1961 	EXP 	Created image_2 = ImageStim(__class__=<class 'psychopy.visual.image.ImageStim'>, autoLog=True, color=array([1., 1., 1.]), colorSpace='rgb', contrast=1.0, depth=-1.0, flipHoriz=False, flipVert=False, image='instructions/cond-12-error-solid.png', interpolate=True, mask=None, maskParams=None, name='image_2', opacity=1, ori=0.0, pos=array([0., 0.]), size=array([53., 30.]), texRes=128.0, units='deg', win=Window(...))
7.1962 	WARNING 	Hamming was requested using the 'pygame' sound library but hamming is not supported there.
7.1976 	EXP 	Set sound_2 sound=A
7.1976 	EXP 	Set Sound sound_2 volume=1.000
7.2153 	EXP 	Created image_3 = ImageStim(__class__=<class 'psychopy.visual.image.ImageStim'>, autoLog=True, color=array([1., 1., 1.]), colorSpace='rgb', contrast=1.0, depth=-1.0, flipHoriz=False, flipVert=False, image='instructions/cond-12-error-dashed.png', interpolate=True, mask=None, maskParams=None, name='image_3', opacity=1, ori=0.0, pos=array([0., 0.]), size=array([53., 30.]), texRes=128.0, units='deg', win=Window(...))
7.2328 	EXP 	Created text_2 = TextStim(__class__=<class 'psychopy.visual.text.TextStim'>, alignHoriz=method-wrapper(...), alignText='center', alignVert=method-wrapper(...), anchorHoriz='center', anchorVert='center', antialias=True, autoLog=True, bold=False, color=array([1., 1., 1.]), colorSpace='rgb', contrast=1.0, depth=0.0, flipHoriz=False, flipVert=False, font='Open Sans', fontFiles=[], height=0.1, italic=False, languageStyle='LTR', name='text_2', opacity=1, ori=0.0, pos=array([0., 0.]), rgb=UNKNOWN, text='', units='deg', win=Window(...), wrapWidth=15.0)
7.2480 	EXP 	Created image_12 = ImageStim(__class__=<class 'psychopy.visual.image.ImageStim'>, autoLog=True, color=array([1., 1., 1.]), colorSpace='rgb', contrast=1.0, depth=0.0, flipHoriz=False, flipVert=False, image='instructions/cond-12-timed-01.png', interpolate=True, mask=None, maskParams=None, name='image_12', opacity=1, ori=0.0, pos=array([0., 0.]), size=array([53., 30.]), texRes=128.0, units='deg', win=Window(...))
7.2666 	EXP 	Created image_13 = ImageStim(__class__=<class 'psychopy.visual.image.ImageStim'>, autoLog=True, color=array([1., 1., 1.]), colorSpace='rgb', contrast=1.0, depth=0.0, flipHoriz=False, flipVert=False, image='instructions/cond-12-timed-02.png', interpolate=True, mask=None, maskParams=None, name='image_13', opacity=1, ori=0.0, pos=array([0., 0.]), size=array([53., 30.]), texRes=128.0, units='deg', win=Window(...))
7.2719 	EXP 	Created cue_timed_image = ImageStim(__class__=<class 'psychopy.visual.image.ImageStim'>, autoLog=True, color=array([1., 1., 1.]), colorSpace='rgb', contrast=1.0, depth=0.0, flipHoriz=False, flipVert=False, image='sin', interpolate=True, mask=None, maskParams=None, name='cue_timed_image', opacity=1, ori=0.0, pos=array([0., 0.]), size=array([25., 25.]), texRes=128.0, units='deg', win=Window(...))
7.2763 	EXP 	Created stimuli_timed_image = ImageStim(__class__=<class 'psychopy.visual.image.ImageStim'>, autoLog=True, color=array([1., 1., 1.]), colorSpace='rgb', contrast=1.0, depth=-1.0, flipHoriz=False, flipVert=False, image='sin', interpolate=True, mask=None, maskParams=None, name='stimuli_timed_image', opacity=1, ori=0.0, pos=array([0., 0.]), size=array([12., 12.]), texRes=128.0, units='deg', win=Window(...))
7.2765 	WARNING 	Hamming was requested using the 'pygame' sound library but hamming is not supported there.
7.2780 	EXP 	Set sound_1 sound=A
7.2780 	EXP 	Set Sound sound_1 volume=1.000
7.2935 	EXP 	Created image_2 = ImageStim(__class__=<class 'psychopy.visual.image.ImageStim'>, autoLog=True, color=array([1., 1., 1.]), colorSpace='rgb', contrast=1.0, depth=-1.0, flipHoriz=False, flipVert=False, image='instructions/cond-12-error-solid.png', interpolate=True, mask=None, maskParams=None, name='image_2', opacity=1, ori=0.0, pos=array([0., 0.]), size=array([53., 30.]), texRes=128.0, units='deg', win=Window(...))
7.2936 	WARNING 	Hamming was requested using the 'pygame' sound library but hamming is not supported there.
7.2950 	EXP 	Set sound_2 sound=A
7.2950 	EXP 	Set Sound sound_2 volume=1.000
7.3118 	EXP 	Created image_3 = ImageStim(__class__=<class 'psychopy.visual.image.ImageStim'>, autoLog=True, color=array([1., 1., 1.]), colorSpace='rgb', contrast=1.0, depth=-1.0, flipHoriz=False, flipVert=False, image='instructions/cond-12-error-dashed.png', interpolate=True, mask=None, maskParams=None, name='image_3', opacity=1, ori=0.0, pos=array([0., 0.]), size=array([53., 30.]), texRes=128.0, units='deg', win=Window(...))
7.3139 	EXP 	Created text_2 = TextStim(__class__=<class 'psychopy.visual.text.TextStim'>, alignHoriz=method-wrapper(...), alignText='center', alignVert=method-wrapper(...), anchorHoriz='center', anchorVert='center', antialias=True, autoLog=True, bold=False, color=array([1., 1., 1.]), colorSpace='rgb', contrast=1.0, depth=0.0, flipHoriz=False, flipVert=False, font='Open Sans', fontFiles=[], height=0.1, italic=False, languageStyle='LTR', name='text_2', opacity=1, ori=0.0, pos=array([0., 0.]), rgb=UNKNOWN, text='', units='deg', win=Window(...), wrapWidth=15.0)
7.3156 	EXP 	Created text_3 = TextStim(__class__=<class 'psychopy.visual.text.TextStim'>, alignHoriz=method-wrapper(...), alignText='center', alignVert=method-wrapper(...), anchorHoriz='center', anchorVert='center', antialias=True, autoLog=True, bold=False, color=array([1., 1., 1.]), colorSpace='rgb', contrast=1.0, depth=-1.0, flipHoriz=False, flipVert=False, font='Open Sans', fontFiles=[], height=1.0, italic=False, languageStyle='LTR', name='text_3', opacity=1, ori=0.0, pos=array([0., 0.]), rgb=UNKNOWN, text='', units='deg', win=Window(...), wrapWidth=30.0)
7.3338 	EXP 	Created image = ImageStim(__class__=<class 'psychopy.visual.image.ImageStim'>, autoLog=True, color=array([1., 1., 1.]), colorSpace='rgb', contrast=1.0, depth=0.0, flipHoriz=False, flipVert=False, image='instructions/cond-12-experiment-01.png', interpolate=True, mask=None, maskParams=None, name='image', opacity=1, ori=0.0, pos=array([0., 0.]), size=array([53., 30.]), texRes=128.0, units='deg', win=Window(...))
7.3358 	EXP 	Created text = TextStim(__class__=<class 'psychopy.visual.text.TextStim'>, alignHoriz=method-wrapper(...), alignText='center', alignVert=method-wrapper(...), anchorHoriz='center', anchorVert='center', antialias=True, autoLog=True, bold=False, color=array([1., 1., 1.]), colorSpace='rgb', contrast=1.0, depth=-1.0, flipHoriz=False, flipVert=False, font='Open Sans', fontFiles=[], height=1.0, italic=False, languageStyle='LTR', name='text', opacity=1, ori=0.0, pos=array([0., 0.]), rgb=UNKNOWN, text='', units='deg', win=Window(...), wrapWidth=30.0)
7.3411 	EXP 	Created cue_image = ImageStim(__class__=<class 'psychopy.visual.image.ImageStim'>, autoLog=True, color=array([1., 1., 1.]), colorSpace='rgb', contrast=1.0, depth=0.0, flipHoriz=False, flipVert=False, image='sin', interpolate=True, mask=None, maskParams=None, name='cue_image', opacity=1, ori=0.0, pos=array([0., 0.]), size=array([25., 25.]), texRes=128.0, units='deg', win=Window(...))
7.3458 	EXP 	Created stimuli_image = ImageStim(__class__=<class 'psychopy.visual.image.ImageStim'>, autoLog=True, color=array([1., 1., 1.]), colorSpace='rgb', contrast=1.0, depth=-1.0, flipHoriz=False, flipVert=False, image='sin', interpolate=True, mask=None, maskParams=None, name='stimuli_image', opacity=1, ori=0.0, pos=array([0., 0.]), size=array([12., 12.]), texRes=128.0, units='deg', win=Window(...))
7.3461 	WARNING 	Hamming was requested using the 'pygame' sound library but hamming is not supported there.
7.3476 	EXP 	Set sound_1 sound=A
7.3476 	EXP 	Set Sound sound_1 volume=1.000
7.3633 	EXP 	Created image_2 = ImageStim(__class__=<class 'psychopy.visual.image.ImageStim'>, autoLog=True, color=array([1., 1., 1.]), colorSpace='rgb', contrast=1.0, depth=-1.0, flipHoriz=False, flipVert=False, image='instructions/cond-12-error-solid.png', interpolate=True, mask=None, maskParams=None, name='image_2', opacity=1, ori=0.0, pos=array([0., 0.]), size=array([53., 30.]), texRes=128.0, units='deg', win=Window(...))
7.3634 	WARNING 	Hamming was requested using the 'pygame' sound library but hamming is not supported there.
7.3649 	EXP 	Set sound_2 sound=A
7.3649 	EXP 	Set Sound sound_2 volume=1.000
7.3818 	EXP 	Created image_3 = ImageStim(__class__=<class 'psychopy.visual.image.ImageStim'>, autoLog=True, color=array([1., 1., 1.]), colorSpace='rgb', contrast=1.0, depth=-1.0, flipHoriz=False, flipVert=False, image='instructions/cond-12-error-dashed.png', interpolate=True, mask=None, maskParams=None, name='image_3', opacity=1, ori=0.0, pos=array([0., 0.]), size=array([53., 30.]), texRes=128.0, units='deg', win=Window(...))
7.3839 	EXP 	Created text_2 = TextStim(__class__=<class 'psychopy.visual.text.TextStim'>, alignHoriz=method-wrapper(...), alignText='center', alignVert=method-wrapper(...), anchorHoriz='center', anchorVert='center', antialias=True, autoLog=True, bold=False, color=array([1., 1., 1.]), colorSpace='rgb', contrast=1.0, depth=0.0, flipHoriz=False, flipVert=False, font='Open Sans', fontFiles=[], height=0.1, italic=False, languageStyle='LTR', name='text_2', opacity=1, ori=0.0, pos=array([0., 0.]), rgb=UNKNOWN, text='', units='deg', win=Window(...), wrapWidth=15.0)
7.3855 	EXP 	Created text_4 = TextStim(__class__=<class 'psychopy.visual.text.TextStim'>, alignHoriz=method-wrapper(...), alignText='center', alignVert=method-wrapper(...), anchorHoriz='center', anchorVert='center', antialias=True, autoLog=True, bold=False, color=array([1., 1., 1.]), colorSpace='rgb', contrast=1.0, depth=-1.0, flipHoriz=False, flipVert=False, font='Open Sans', fontFiles=[], height=1.0, italic=False, languageStyle='LTR', name='text_4', opacity=1, ori=0.0, pos=array([0., 0.]), rgb=UNKNOWN, text='', units='deg', win=Window(...), wrapWidth=30.0)
7.4321 	EXP 	text_3: text = '\nYou will be performing this experiment in\ntwo separate postures.\n\nAt this time you should be in the\n`sitting` posture\n\nPlease have the experimenter help you\nget yourself into position for this\nportion of the experiment. \n\nPress any button when you are ready to continue.\n'
7.4321 	EXP 	text_3: autoDraw = True
10.4814 	DATA 	Keypress: 1
10.5154 	EXP 	text_3: autoDraw = False
10.5154 	EXP 	image_4: autoDraw = True
14.5990 	DATA 	Keypress: 1
14.6081 	EXP 	image_4: autoDraw = False
14.6081 	EXP 	image_5: autoDraw = True
21.8846 	DATA 	Keypress: 1
21.9588 	EXP 	image_5: autoDraw = False
21.9588 	EXP 	image_6: autoDraw = True
27.9085 	DATA 	Keypress: 2
27.9828 	EXP 	image_6: autoDraw = False
27.9828 	EXP 	image_7: autoDraw = True
32.9041 	DATA 	Keypress: 2
32.9783 	EXP 	image_7: autoDraw = False
32.9783 	EXP 	image_8: autoDraw = True
35.3499 	DATA 	Keypress: 1
35.4240 	EXP 	image_8: autoDraw = False
35.4240 	EXP 	image_9: autoDraw = True
37.2451 	DATA 	Keypress: 2
37.3194 	EXP 	image_9: autoDraw = False
37.3194 	EXP 	image_10: autoDraw = True
39.0784 	DATA 	Keypress: 1
39.0874 	EXP 	image_10: autoDraw = False
39.0874 	EXP 	image_11: autoDraw = True
78.6127 	DATA 	Keypress: escape
78.7416 	EXP 	window1: mouseVisible = True
