0.6432 	WARNING 	We strongly recommend you activate the PTB sound engine in PsychoPy prefs as the preferred audio engine. Its timing is vastly superior. Your prefs are currently set to use ['pygame', 'PTB', 'sounddevice', 'pyo'] (in that order).
8.2605 	EXP 	Created window1 = Window(allowGUI=False, allowStencil=False, autoLog=True, backendConf=UNKNOWN, bitsMode=UNKNOWN, blendMode='avg', bpc=(8, 8, 8), color=array([-1, -1, -1]), colorSpace='rgb', depthBits=8, fullscr=<method-wrapper '__getattribute__' of attributeSetter object at 0x7f0979ea4be0>, gamma=None, gammaErrorPolicy='raise', lms=UNKNOWN, monitor=<psychopy.monitors.calibTools.Monitor object at 0x7f09790a3fa0>, multiSample=False, name='window1', numSamples=2, pos=[0.0, 0.0], screen=0, size=array([1920, 1080]), stencilBits=0, stereo=False, units='deg', useFBO=True, useRetina=False, viewOri=0.0, viewPos=None, viewScale=None, waitBlanking=True, winType='pyglet')
8.2607 	EXP 	window1: mouseVisible = True
8.2607 	EXP 	window1: recordFrameIntervals = False
8.4264 	EXP 	window1: recordFrameIntervals = True
8.6099 	EXP 	window1: recordFrameIntervals = False
8.7297 	EXP 	Created text_3 = TextStim(__class__=<class 'psychopy.visual.text.TextStim'>, alignHoriz=method-wrapper(...), alignText='center', alignVert=method-wrapper(...), anchorHoriz='center', anchorVert='center', antialias=True, autoLog=True, bold=False, color=array([1., 1., 1.]), colorSpace='rgb', contrast=1.0, depth=-1.0, flipHoriz=False, flipVert=False, font='Open Sans', fontFiles=[], height=1.0, italic=False, languageStyle='LTR', name='text_3', opacity=1, ori=0.0, pos=array([0., 0.]), rgb=UNKNOWN, text='', units='deg', win=Window(...), wrapWidth=30.0)
8.7746 	EXP 	Created image_4 = ImageStim(__class__=<class 'psychopy.visual.image.ImageStim'>, autoLog=True, color=array([1., 1., 1.]), colorSpace='rgb', contrast=1.0, depth=0.0, flipHoriz=False, flipVert=False, image='instructions/cond-13-untimed-01.png', interpolate=True, mask=None, maskParams=None, name='image_4', opacity=1, ori=0.0, pos=array([0., 0.]), size=array([53., 30.]), texRes=128.0, units='deg', win=Window(...))
8.7900 	EXP 	Created image_5 = ImageStim(__class__=<class 'psychopy.visual.image.ImageStim'>, autoLog=True, color=array([1., 1., 1.]), colorSpace='rgb', contrast=1.0, depth=0.0, flipHoriz=False, flipVert=False, image='instructions/cond-13-untimed-02.png', interpolate=True, mask=None, maskParams=None, name='image_5', opacity=1, ori=0.0, pos=array([0., 0.]), size=array([53., 30.]), texRes=128.0, units='deg', win=Window(...))
8.8070 	EXP 	Created image_6 = ImageStim(__class__=<class 'psychopy.visual.image.ImageStim'>, autoLog=True, color=array([1., 1., 1.]), colorSpace='rgb', contrast=1.0, depth=0.0, flipHoriz=False, flipVert=False, image='instructions/cond-13-untimed-03.png', interpolate=True, mask=None, maskParams=None, name='image_6', opacity=1, ori=0.0, pos=array([0., 0.]), size=array([53., 30.]), texRes=128.0, units='deg', win=Window(...))
8.8239 	EXP 	Created image_7 = ImageStim(__class__=<class 'psychopy.visual.image.ImageStim'>, autoLog=True, color=array([1., 1., 1.]), colorSpace='rgb', contrast=1.0, depth=0.0, flipHoriz=False, flipVert=False, image='instructions/cond-13-untimed-04.png', interpolate=True, mask=None, maskParams=None, name='image_7', opacity=1, ori=0.0, pos=array([0., 0.]), size=array([53., 30.]), texRes=128.0, units='deg', win=Window(...))
8.8396 	EXP 	Created image_8 = ImageStim(__class__=<class 'psychopy.visual.image.ImageStim'>, autoLog=True, color=array([1., 1., 1.]), colorSpace='rgb', contrast=1.0, depth=0.0, flipHoriz=False, flipVert=False, image='instructions/cond-13-untimed-05.png', interpolate=True, mask=None, maskParams=None, name='image_8', opacity=1, ori=0.0, pos=array([0., 0.]), size=array([53., 30.]), texRes=128.0, units='deg', win=Window(...))
8.8552 	EXP 	Created image_9 = ImageStim(__class__=<class 'psychopy.visual.image.ImageStim'>, autoLog=True, color=array([1., 1., 1.]), colorSpace='rgb', contrast=1.0, depth=0.0, flipHoriz=False, flipVert=False, image='instructions/cond-13-untimed-06.png', interpolate=True, mask=None, maskParams=None, name='image_9', opacity=1, ori=0.0, pos=array([0., 0.]), size=array([53., 30.]), texRes=128.0, units='deg', win=Window(...))
8.8705 	EXP 	Created image_10 = ImageStim(__class__=<class 'psychopy.visual.image.ImageStim'>, autoLog=True, color=array([1., 1., 1.]), colorSpace='rgb', contrast=1.0, depth=0.0, flipHoriz=False, flipVert=False, image='instructions/cond-13-untimed-07.png', interpolate=True, mask=None, maskParams=None, name='image_10', opacity=1, ori=0.0, pos=array([0., 0.]), size=array([53., 30.]), texRes=128.0, units='deg', win=Window(...))
8.8896 	EXP 	Created image_11 = ImageStim(__class__=<class 'psychopy.visual.image.ImageStim'>, autoLog=True, color=array([1., 1., 1.]), colorSpace='rgb', contrast=1.0, depth=0.0, flipHoriz=False, flipVert=False, image='instructions/cond-13-untimed-08.png', interpolate=True, mask=None, maskParams=None, name='image_11', opacity=1, ori=0.0, pos=array([0., 0.]), size=array([53., 30.]), texRes=128.0, units='deg', win=Window(...))
8.8944 	EXP 	Created cue_untimed_image = ImageStim(__class__=<class 'psychopy.visual.image.ImageStim'>, autoLog=True, color=array([1., 1., 1.]), colorSpace='rgb', contrast=1.0, depth=0.0, flipHoriz=False, flipVert=False, image='sin', interpolate=True, mask=None, maskParams=None, name='cue_untimed_image', opacity=1, ori=0.0, pos=array([0., 0.]), size=array([30., 30.]), texRes=128.0, units='cm', win=Window(...))
8.8989 	EXP 	Created stimuli_untimed_image = ImageStim(__class__=<class 'psychopy.visual.image.ImageStim'>, autoLog=True, color=array([1., 1., 1.]), colorSpace='rgb', contrast=1.0, depth=-1.0, flipHoriz=False, flipVert=False, image='sin', interpolate=True, mask=None, maskParams=None, name='stimuli_untimed_image', opacity=1, ori=0.0, pos=array([0., 0.]), size=array([15., 15.]), texRes=128.0, units='cm', win=Window(...))
8.9039 	WARNING 	Hamming was requested using the 'pygame' sound library but hamming is not supported there.
8.9057 	EXP 	Set sound_1 sound=A
8.9057 	EXP 	Set Sound sound_1 volume=1.000
8.9226 	EXP 	Created image_2 = ImageStim(__class__=<class 'psychopy.visual.image.ImageStim'>, autoLog=True, color=array([1., 1., 1.]), colorSpace='rgb', contrast=1.0, depth=-1.0, flipHoriz=False, flipVert=False, image=str(...), interpolate=True, mask=None, maskParams=None, name='image_2', opacity=1, ori=0.0, pos=array([0., 0.]), size=array([53., 30.]), texRes=128.0, units='deg', win=Window(...))
8.9226 	WARNING 	Hamming was requested using the 'pygame' sound library but hamming is not supported there.
8.9241 	EXP 	Set sound_2 sound=A
8.9241 	EXP 	Set Sound sound_2 volume=1.000
8.9420 	EXP 	Created image_3 = ImageStim(__class__=<class 'psychopy.visual.image.ImageStim'>, autoLog=True, color=array([1., 1., 1.]), colorSpace='rgb', contrast=1.0, depth=-1.0, flipHoriz=False, flipVert=False, image=str(...), interpolate=True, mask=None, maskParams=None, name='image_3', opacity=1, ori=0.0, pos=array([0., 0.]), size=array([53., 30.]), texRes=128.0, units='deg', win=Window(...))
8.9631 	EXP 	Created text_2 = TextStim(__class__=<class 'psychopy.visual.text.TextStim'>, alignHoriz=method-wrapper(...), alignText='center', alignVert=method-wrapper(...), anchorHoriz='center', anchorVert='center', antialias=True, autoLog=True, bold=False, color=array([1., 1., 1.]), colorSpace='rgb', contrast=1.0, depth=0.0, flipHoriz=False, flipVert=False, font='Open Sans', fontFiles=[], height=0.1, italic=False, languageStyle='LTR', name='text_2', opacity=1, ori=0.0, pos=array([0., 0.]), rgb=UNKNOWN, text='', units='deg', win=Window(...), wrapWidth=15.0)
8.9874 	EXP 	Created image_12 = ImageStim(__class__=<class 'psychopy.visual.image.ImageStim'>, autoLog=True, color=array([1., 1., 1.]), colorSpace='rgb', contrast=1.0, depth=0.0, flipHoriz=False, flipVert=False, image='instructions/cond-13-timed-01.png', interpolate=True, mask=None, maskParams=None, name='image_12', opacity=1, ori=0.0, pos=array([0., 0.]), size=array([53., 30.]), texRes=128.0, units='deg', win=Window(...))
9.0066 	EXP 	Created image_13 = ImageStim(__class__=<class 'psychopy.visual.image.ImageStim'>, autoLog=True, color=array([1., 1., 1.]), colorSpace='rgb', contrast=1.0, depth=0.0, flipHoriz=False, flipVert=False, image='instructions/cond-13-timed-02.png', interpolate=True, mask=None, maskParams=None, name='image_13', opacity=1, ori=0.0, pos=array([0., 0.]), size=array([53., 30.]), texRes=128.0, units='deg', win=Window(...))
9.0121 	EXP 	Created cue_timed_image = ImageStim(__class__=<class 'psychopy.visual.image.ImageStim'>, autoLog=True, color=array([1., 1., 1.]), colorSpace='rgb', contrast=1.0, depth=0.0, flipHoriz=False, flipVert=False, image='sin', interpolate=True, mask=None, maskParams=None, name='cue_timed_image', opacity=1, ori=0.0, pos=array([0., 0.]), size=array([25., 25.]), texRes=128.0, units='deg', win=Window(...))
9.0169 	EXP 	Created stimuli_timed_image = ImageStim(__class__=<class 'psychopy.visual.image.ImageStim'>, autoLog=True, color=array([1., 1., 1.]), colorSpace='rgb', contrast=1.0, depth=-1.0, flipHoriz=False, flipVert=False, image='sin', interpolate=True, mask=None, maskParams=None, name='stimuli_timed_image', opacity=1, ori=0.0, pos=array([0., 0.]), size=array([12., 12.]), texRes=128.0, units='deg', win=Window(...))
9.0172 	WARNING 	Hamming was requested using the 'pygame' sound library but hamming is not supported there.
9.0187 	EXP 	Set sound_1 sound=A
9.0187 	EXP 	Set Sound sound_1 volume=1.000
9.0345 	EXP 	Created image_2 = ImageStim(__class__=<class 'psychopy.visual.image.ImageStim'>, autoLog=True, color=array([1., 1., 1.]), colorSpace='rgb', contrast=1.0, depth=-1.0, flipHoriz=False, flipVert=False, image=str(...), interpolate=True, mask=None, maskParams=None, name='image_2', opacity=1, ori=0.0, pos=array([0., 0.]), size=array([53., 30.]), texRes=128.0, units='deg', win=Window(...))
9.0346 	WARNING 	Hamming was requested using the 'pygame' sound library but hamming is not supported there.
9.0360 	EXP 	Set sound_3 sound=A
9.0360 	EXP 	Set Sound sound_3 volume=1.000
9.0661 	EXP 	Created image_14 = ImageStim(__class__=<class 'psychopy.visual.image.ImageStim'>, autoLog=True, color=array([1., 1., 1.]), colorSpace='rgb', contrast=1.0, depth=-1.0, flipHoriz=False, flipVert=False, image='instructions/cond-13-error-solid-timeout.png', interpolate=True, mask=None, maskParams=None, name='image_14', opacity=1, ori=0.0, pos=array([0., 0.]), size=array([53., 30.]), texRes=128.0, units='deg', win=Window(...))
9.0662 	WARNING 	Hamming was requested using the 'pygame' sound library but hamming is not supported there.
9.0676 	EXP 	Set sound_2 sound=A
9.0677 	EXP 	Set Sound sound_2 volume=1.000
9.0844 	EXP 	Created image_3 = ImageStim(__class__=<class 'psychopy.visual.image.ImageStim'>, autoLog=True, color=array([1., 1., 1.]), colorSpace='rgb', contrast=1.0, depth=-1.0, flipHoriz=False, flipVert=False, image=str(...), interpolate=True, mask=None, maskParams=None, name='image_3', opacity=1, ori=0.0, pos=array([0., 0.]), size=array([53., 30.]), texRes=128.0, units='deg', win=Window(...))
9.0845 	WARNING 	Hamming was requested using the 'pygame' sound library but hamming is not supported there.
9.0860 	EXP 	Set sound_4 sound=A
9.0860 	EXP 	Set Sound sound_4 volume=1.000
9.1151 	EXP 	Created image_15 = ImageStim(__class__=<class 'psychopy.visual.image.ImageStim'>, autoLog=True, color=array([1., 1., 1.]), colorSpace='rgb', contrast=1.0, depth=-1.0, flipHoriz=False, flipVert=False, image='instructions/cond-13-error-dashed-timeout.png', interpolate=True, mask=None, maskParams=None, name='image_15', opacity=1, ori=0.0, pos=array([0., 0.]), size=array([53., 30.]), texRes=128.0, units='deg', win=Window(...))
9.1170 	EXP 	Created text_2 = TextStim(__class__=<class 'psychopy.visual.text.TextStim'>, alignHoriz=method-wrapper(...), alignText='center', alignVert=method-wrapper(...), anchorHoriz='center', anchorVert='center', antialias=True, autoLog=True, bold=False, color=array([1., 1., 1.]), colorSpace='rgb', contrast=1.0, depth=0.0, flipHoriz=False, flipVert=False, font='Open Sans', fontFiles=[], height=0.1, italic=False, languageStyle='LTR', name='text_2', opacity=1, ori=0.0, pos=array([0., 0.]), rgb=UNKNOWN, text='', units='deg', win=Window(...), wrapWidth=15.0)
9.1187 	EXP 	Created text_3 = TextStim(__class__=<class 'psychopy.visual.text.TextStim'>, alignHoriz=method-wrapper(...), alignText='center', alignVert=method-wrapper(...), anchorHoriz='center', anchorVert='center', antialias=True, autoLog=True, bold=False, color=array([1., 1., 1.]), colorSpace='rgb', contrast=1.0, depth=-1.0, flipHoriz=False, flipVert=False, font='Open Sans', fontFiles=[], height=1.0, italic=False, languageStyle='LTR', name='text_3', opacity=1, ori=0.0, pos=array([0., 0.]), rgb=UNKNOWN, text='', units='deg', win=Window(...), wrapWidth=30.0)
9.1380 	EXP 	Created image = ImageStim(__class__=<class 'psychopy.visual.image.ImageStim'>, autoLog=True, color=array([1., 1., 1.]), colorSpace='rgb', contrast=1.0, depth=0.0, flipHoriz=False, flipVert=False, image='instructions/cond-13-experiment-01.png', interpolate=True, mask=None, maskParams=None, name='image', opacity=1, ori=0.0, pos=array([0., 0.]), size=array([53., 30.]), texRes=128.0, units='deg', win=Window(...))
9.1401 	EXP 	Created text = TextStim(__class__=<class 'psychopy.visual.text.TextStim'>, alignHoriz=method-wrapper(...), alignText='center', alignVert=method-wrapper(...), anchorHoriz='center', anchorVert='center', antialias=True, autoLog=True, bold=False, color=array([1., 1., 1.]), colorSpace='rgb', contrast=1.0, depth=-1.0, flipHoriz=False, flipVert=False, font='Open Sans', fontFiles=[], height=1.0, italic=False, languageStyle='LTR', name='text', opacity=1, ori=0.0, pos=array([0., 0.]), rgb=UNKNOWN, text='', units='deg', win=Window(...), wrapWidth=30.0)
9.1449 	EXP 	Created cue_image = ImageStim(__class__=<class 'psychopy.visual.image.ImageStim'>, autoLog=True, color=array([1., 1., 1.]), colorSpace='rgb', contrast=1.0, depth=0.0, flipHoriz=False, flipVert=False, image='sin', interpolate=True, mask=None, maskParams=None, name='cue_image', opacity=1, ori=0.0, pos=array([0., 0.]), size=array([25., 25.]), texRes=128.0, units='deg', win=Window(...))
9.1493 	EXP 	Created stimuli_image = ImageStim(__class__=<class 'psychopy.visual.image.ImageStim'>, autoLog=True, color=array([1., 1., 1.]), colorSpace='rgb', contrast=1.0, depth=-1.0, flipHoriz=False, flipVert=False, image='sin', interpolate=True, mask=None, maskParams=None, name='stimuli_image', opacity=1, ori=0.0, pos=array([0., 0.]), size=array([12., 12.]), texRes=128.0, units='deg', win=Window(...))
9.1495 	WARNING 	Hamming was requested using the 'pygame' sound library but hamming is not supported there.
9.1510 	EXP 	Set sound_1 sound=A
9.1510 	EXP 	Set Sound sound_1 volume=1.000
9.1660 	EXP 	Created image_2 = ImageStim(__class__=<class 'psychopy.visual.image.ImageStim'>, autoLog=True, color=array([1., 1., 1.]), colorSpace='rgb', contrast=1.0, depth=-1.0, flipHoriz=False, flipVert=False, image=str(...), interpolate=True, mask=None, maskParams=None, name='image_2', opacity=1, ori=0.0, pos=array([0., 0.]), size=array([53., 30.]), texRes=128.0, units='deg', win=Window(...))
9.1661 	WARNING 	Hamming was requested using the 'pygame' sound library but hamming is not supported there.
9.1675 	EXP 	Set sound_3 sound=A
9.1675 	EXP 	Set Sound sound_3 volume=1.000
9.1964 	EXP 	Created image_14 = ImageStim(__class__=<class 'psychopy.visual.image.ImageStim'>, autoLog=True, color=array([1., 1., 1.]), colorSpace='rgb', contrast=1.0, depth=-1.0, flipHoriz=False, flipVert=False, image='instructions/cond-13-error-solid-timeout.png', interpolate=True, mask=None, maskParams=None, name='image_14', opacity=1, ori=0.0, pos=array([0., 0.]), size=array([53., 30.]), texRes=128.0, units='deg', win=Window(...))
9.1965 	WARNING 	Hamming was requested using the 'pygame' sound library but hamming is not supported there.
9.1980 	EXP 	Set sound_2 sound=A
9.1981 	EXP 	Set Sound sound_2 volume=1.000
9.2146 	EXP 	Created image_3 = ImageStim(__class__=<class 'psychopy.visual.image.ImageStim'>, autoLog=True, color=array([1., 1., 1.]), colorSpace='rgb', contrast=1.0, depth=-1.0, flipHoriz=False, flipVert=False, image=str(...), interpolate=True, mask=None, maskParams=None, name='image_3', opacity=1, ori=0.0, pos=array([0., 0.]), size=array([53., 30.]), texRes=128.0, units='deg', win=Window(...))
9.2147 	WARNING 	Hamming was requested using the 'pygame' sound library but hamming is not supported there.
9.2162 	EXP 	Set sound_4 sound=A
9.2162 	EXP 	Set Sound sound_4 volume=1.000
9.2442 	EXP 	Created image_15 = ImageStim(__class__=<class 'psychopy.visual.image.ImageStim'>, autoLog=True, color=array([1., 1., 1.]), colorSpace='rgb', contrast=1.0, depth=-1.0, flipHoriz=False, flipVert=False, image='instructions/cond-13-error-dashed-timeout.png', interpolate=True, mask=None, maskParams=None, name='image_15', opacity=1, ori=0.0, pos=array([0., 0.]), size=array([53., 30.]), texRes=128.0, units='deg', win=Window(...))
9.2463 	EXP 	Created text_2 = TextStim(__class__=<class 'psychopy.visual.text.TextStim'>, alignHoriz=method-wrapper(...), alignText='center', alignVert=method-wrapper(...), anchorHoriz='center', anchorVert='center', antialias=True, autoLog=True, bold=False, color=array([1., 1., 1.]), colorSpace='rgb', contrast=1.0, depth=0.0, flipHoriz=False, flipVert=False, font='Open Sans', fontFiles=[], height=0.1, italic=False, languageStyle='LTR', name='text_2', opacity=1, ori=0.0, pos=array([0., 0.]), rgb=UNKNOWN, text='', units='deg', win=Window(...), wrapWidth=15.0)
9.2480 	EXP 	Created text_4 = TextStim(__class__=<class 'psychopy.visual.text.TextStim'>, alignHoriz=method-wrapper(...), alignText='center', alignVert=method-wrapper(...), anchorHoriz='center', anchorVert='center', antialias=True, autoLog=True, bold=False, color=array([1., 1., 1.]), colorSpace='rgb', contrast=1.0, depth=-1.0, flipHoriz=False, flipVert=False, font='Open Sans', fontFiles=[], height=1.0, italic=False, languageStyle='LTR', name='text_4', opacity=1, ori=0.0, pos=array([0., 0.]), rgb=UNKNOWN, text='', units='deg', win=Window(...), wrapWidth=30.0)
9.2975 	EXP 	text_3: text = '\nYou will be performing this experiment in\ntwo separate postures.\n\nAt this time you should be in the\n`sitting` posture\n\nPlease have the experimenter help you\nget yourself into position for this\nportion of the experiment. \n\nPress any button when you are ready to continue.\n'
9.2975 	EXP 	text_3: autoDraw = True
9.9447 	DATA 	Keypress: 2
9.9789 	EXP 	text_3: autoDraw = False
9.9789 	EXP 	image_4: autoDraw = True
10.7496 	DATA 	Keypress: 2
10.7587 	EXP 	image_4: autoDraw = False
10.7587 	EXP 	image_5: autoDraw = True
11.4429 	DATA 	Keypress: 1
11.4519 	EXP 	image_5: autoDraw = False
11.4519 	EXP 	image_6: autoDraw = True
12.0462 	DATA 	Keypress: 2
12.0836 	EXP 	image_6: autoDraw = False
12.0836 	EXP 	image_7: autoDraw = True
12.3107 	DATA 	Keypress: 2
12.3558 	EXP 	image_7: autoDraw = False
12.3558 	EXP 	image_8: autoDraw = True
12.6632 	DATA 	Keypress: 1
12.6723 	EXP 	image_8: autoDraw = False
12.6723 	EXP 	image_9: autoDraw = True
12.7258 	DATA 	Keypress: 1
13.2917 	DATA 	Keypress: 2
13.3364 	EXP 	image_9: autoDraw = False
13.3364 	EXP 	image_10: autoDraw = True
13.6039 	DATA 	Keypress: 2
13.6487 	EXP 	image_10: autoDraw = False
13.6487 	EXP 	image_11: autoDraw = True
14.6645 	DATA 	Keypress: 2
14.7090 	EXP 	Imported ../data/8015_task-switching-replication_2021_Nov_09_1336-untimed-01-trials.csv as conditions, 12 conditions, 13 params
14.7095 	EXP 	Created sequence: sequential, trialTypes=12, nReps=1, seed=None
14.7100 	EXP 	New trial (rep=0, index=0): OrderedDict([('blockNum', 1), ('trialNum', 1), ('trialType', 'untimed'), ('condition', 13), ('posture', 'sitting'), ('switchTrialType', 'buffer'), ('congruantTrialType', 'buffer'), ('cueType', 'dashed'), ('shapeType', 'triangle'), ('shapeColor', 'yellow'), ('cueFileName', 'stimuli/dashed-rectangle.png'), ('stimuliFileName', 'stimuli/yellow-triangle.png'), ('correctAnswer', 2)])
14.7251 	DATA 	Keypress: 1
14.7325 	EXP 	image_11: autoDraw = False
14.7325 	EXP 	cue_untimed_image: image = 'stimuli/dashed-rectangle.png'
14.7325 	EXP 	stimuli_untimed_image: image = 'stimuli/yellow-triangle.png'
14.7325 	EXP 	cue_untimed_image: autoDraw = True
15.7110 	EXP 	stimuli_untimed_image: autoDraw = True
17.4851 	DATA 	Keypress: 2
17.5281 	EXP 	Created sequence: sequential, trialTypes=1, nReps=0, seed=None
17.5284 	EXP 	Created sequence: sequential, trialTypes=1, nReps=0, seed=None
17.5464 	EXP 	cue_untimed_image: autoDraw = False
17.5464 	EXP 	stimuli_untimed_image: autoDraw = False
17.5464 	EXP 	text_2: autoDraw = True
17.5769 	DATA 	Keypress: 2
17.7432 	EXP 	New trial (rep=0, index=1): OrderedDict([('blockNum', 1), ('trialNum', 2), ('trialType', 'untimed'), ('condition', 13), ('posture', 'sitting'), ('switchTrialType', 'switch'), ('congruantTrialType', 'incongruant'), ('cueType', 'solid'), ('shapeType', 'triangle'), ('shapeColor', 'blue'), ('cueFileName', 'stimuli/solid-rectangle.png'), ('stimuliFileName', 'stimuli/blue-triangle.png'), ('correctAnswer', 1)])
17.7640 	EXP 	text_2: autoDraw = False
17.7640 	EXP 	cue_untimed_image: image = 'stimuli/solid-rectangle.png'
17.7640 	EXP 	stimuli_untimed_image: image = 'stimuli/blue-triangle.png'
17.7640 	EXP 	cue_untimed_image: autoDraw = True
18.7471 	EXP 	stimuli_untimed_image: autoDraw = True
19.6046 	EXP 	Created sequence: sequential, trialTypes=1, nReps=0, seed=None
19.6049 	EXP 	Created sequence: sequential, trialTypes=1, nReps=0, seed=None
19.6203 	DATA 	Keypress: 1
19.6204 	DATA 	Keypress: 1
19.6260 	EXP 	cue_untimed_image: autoDraw = False
19.6260 	EXP 	stimuli_untimed_image: autoDraw = False
19.6260 	EXP 	text_2: autoDraw = True
19.8087 	EXP 	New trial (rep=0, index=2): OrderedDict([('blockNum', 1), ('trialNum', 3), ('trialType', 'untimed'), ('condition', 13), ('posture', 'sitting'), ('switchTrialType', 'switch'), ('congruantTrialType', 'incongruant'), ('cueType', 'dashed'), ('shapeType', 'triangle'), ('shapeColor', 'yellow'), ('cueFileName', 'stimuli/dashed-rectangle.png'), ('stimuliFileName', 'stimuli/yellow-triangle.png'), ('correctAnswer', 2)])
19.8316 	EXP 	text_2: autoDraw = False
19.8316 	EXP 	cue_untimed_image: image = 'stimuli/dashed-rectangle.png'
19.8316 	EXP 	stimuli_untimed_image: image = 'stimuli/yellow-triangle.png'
19.8316 	EXP 	cue_untimed_image: autoDraw = True
20.8173 	EXP 	stimuli_untimed_image: autoDraw = True
21.4375 	DATA 	Keypress: 2
21.4872 	EXP 	Created sequence: sequential, trialTypes=1, nReps=0, seed=None
21.4875 	EXP 	Created sequence: sequential, trialTypes=1, nReps=0, seed=None
21.5078 	EXP 	cue_untimed_image: autoDraw = False
21.5078 	EXP 	stimuli_untimed_image: autoDraw = False
21.5078 	EXP 	text_2: autoDraw = True
21.6899 	EXP 	New trial (rep=0, index=3): OrderedDict([('blockNum', 1), ('trialNum', 4), ('trialType', 'untimed'), ('condition', 13), ('posture', 'sitting'), ('switchTrialType', 'switch'), ('congruantTrialType', 'congruant'), ('cueType', 'solid'), ('shapeType', 'square'), ('shapeColor', 'yellow'), ('cueFileName', 'stimuli/solid-rectangle.png'), ('stimuliFileName', 'stimuli/yellow-square.png'), ('correctAnswer', 2)])
21.7130 	EXP 	text_2: autoDraw = False
21.7130 	EXP 	cue_untimed_image: image = 'stimuli/solid-rectangle.png'
21.7130 	EXP 	stimuli_untimed_image: image = 'stimuli/yellow-square.png'
21.7130 	EXP 	cue_untimed_image: autoDraw = True
22.6996 	EXP 	stimuli_untimed_image: autoDraw = True
24.7836 	DATA 	Keypress: 2
24.8338 	EXP 	Created sequence: sequential, trialTypes=1, nReps=0, seed=None
24.8343 	EXP 	Created sequence: sequential, trialTypes=1, nReps=0, seed=None
24.8546 	EXP 	cue_untimed_image: autoDraw = False
24.8546 	EXP 	stimuli_untimed_image: autoDraw = False
24.8546 	EXP 	text_2: autoDraw = True
25.0370 	EXP 	New trial (rep=0, index=4): OrderedDict([('blockNum', 1), ('trialNum', 5), ('trialType', 'untimed'), ('condition', 13), ('posture', 'sitting'), ('switchTrialType', 'noswitch'), ('congruantTrialType', 'congruant'), ('cueType', 'solid'), ('shapeType', 'square'), ('shapeColor', 'blue'), ('cueFileName', 'stimuli/solid-rectangle.png'), ('stimuliFileName', 'stimuli/blue-square.png'), ('correctAnswer', 2)])
25.0600 	EXP 	text_2: autoDraw = False
25.0600 	EXP 	cue_untimed_image: image = 'stimuli/solid-rectangle.png'
25.0600 	EXP 	stimuli_untimed_image: image = 'stimuli/blue-square.png'
25.0600 	EXP 	cue_untimed_image: autoDraw = True
26.0451 	EXP 	stimuli_untimed_image: autoDraw = True
27.6291 	DATA 	Keypress: 2
27.6794 	EXP 	Created sequence: sequential, trialTypes=1, nReps=0, seed=None
27.6798 	EXP 	Created sequence: sequential, trialTypes=1, nReps=0, seed=None
27.7001 	EXP 	cue_untimed_image: autoDraw = False
27.7001 	EXP 	stimuli_untimed_image: autoDraw = False
27.7001 	EXP 	text_2: autoDraw = True
27.8842 	EXP 	New trial (rep=0, index=5): OrderedDict([('blockNum', 1), ('trialNum', 6), ('trialType', 'untimed'), ('condition', 13), ('posture', 'sitting'), ('switchTrialType', 'switch'), ('congruantTrialType', 'incongruant'), ('cueType', 'dashed'), ('shapeType', 'triangle'), ('shapeColor', 'blue'), ('cueFileName', 'stimuli/dashed-rectangle.png'), ('stimuliFileName', 'stimuli/blue-triangle.png'), ('correctAnswer', 1)])
27.9073 	EXP 	text_2: autoDraw = False
27.9073 	EXP 	cue_untimed_image: image = 'stimuli/dashed-rectangle.png'
27.9073 	EXP 	stimuli_untimed_image: image = 'stimuli/blue-triangle.png'
27.9073 	EXP 	cue_untimed_image: autoDraw = True
28.8907 	EXP 	stimuli_untimed_image: autoDraw = True
30.0451 	DATA 	Keypress: 2
30.0956 	EXP 	Created sequence: sequential, trialTypes=1, nReps=0, seed=None
30.0960 	EXP 	Created sequence: sequential, trialTypes=1, nReps=1, seed=None
30.0962 	EXP 	New trial (rep=0, index=0): None
30.0982 	EXP 	Set sound_2 sound=A
30.0983 	EXP 	Sound sound_2 started
30.1216 	EXP 	cue_untimed_image: autoDraw = False
30.1216 	EXP 	stimuli_untimed_image: autoDraw = False
30.1216 	EXP 	image_3: autoDraw = True
30.7368 	DATA 	Keypress: 2
31.0844 	DATA 	Keypress: 2
31.0935 	EXP 	Sound sound_2 stopped
31.3619 	DATA 	Keypress: 2
31.5237 	DATA 	Keypress: 2
31.5239 	DATA 	Keypress: 2
31.7112 	DATA 	Keypress: 1
31.8280 	DATA 	Keypress: 2
32.1765 	DATA 	Keypress: 1
32.3169 	DATA 	Keypress: 2
32.6448 	DATA 	Keypress: 1
32.7609 	DATA 	Keypress: 2
33.0403 	DATA 	Keypress: 1
33.1800 	DATA 	Keypress: 2
33.4159 	DATA 	Keypress: 1
33.5089 	DATA 	Keypress: 2
33.7429 	DATA 	Keypress: 1
33.8388 	DATA 	Keypress: 2
35.0960 	EXP 	Sound sound_2 stopped
35.1170 	EXP 	image_3: autoDraw = False
35.1170 	EXP 	text_2: autoDraw = True
35.3003 	EXP 	New trial (rep=0, index=6): OrderedDict([('blockNum', 1), ('trialNum', 7), ('trialType', 'untimed'), ('condition', 13), ('posture', 'sitting'), ('switchTrialType', 'switch'), ('congruantTrialType', 'congruant'), ('cueType', 'solid'), ('shapeType', 'triangle'), ('shapeColor', 'yellow'), ('cueFileName', 'stimuli/solid-rectangle.png'), ('stimuliFileName', 'stimuli/yellow-triangle.png'), ('correctAnswer', 1)])
35.3232 	EXP 	text_2: autoDraw = False
35.3232 	EXP 	cue_untimed_image: image = 'stimuli/solid-rectangle.png'
35.3232 	EXP 	stimuli_untimed_image: image = 'stimuli/yellow-triangle.png'
35.3232 	EXP 	cue_untimed_image: autoDraw = True
36.3099 	EXP 	stimuli_untimed_image: autoDraw = True
36.8690 	EXP 	Created sequence: sequential, trialTypes=1, nReps=1, seed=None
36.8693 	EXP 	New trial (rep=0, index=0): None
36.8713 	EXP 	Set sound_1 sound=A
36.8714 	EXP 	Sound sound_1 started
36.8859 	DATA 	Keypress: 2
36.8949 	EXP 	cue_untimed_image: autoDraw = False
36.8949 	EXP 	stimuli_untimed_image: autoDraw = False
36.8949 	EXP 	image_2: autoDraw = True
37.5115 	DATA 	Keypress: 2
37.7948 	DATA 	Keypress: 1
37.8735 	EXP 	Sound sound_1 stopped
37.9604 	DATA 	Keypress: 2
38.3122 	DATA 	Keypress: 1
38.4284 	DATA 	Keypress: 2
38.9371 	DATA 	Keypress: 2
41.8742 	EXP 	Sound sound_1 stopped
41.8752 	EXP 	Created sequence: sequential, trialTypes=1, nReps=0, seed=None
41.8979 	EXP 	image_2: autoDraw = False
41.8979 	EXP 	text_2: autoDraw = True
42.0798 	EXP 	New trial (rep=0, index=7): OrderedDict([('blockNum', 1), ('trialNum', 8), ('trialType', 'untimed'), ('condition', 13), ('posture', 'sitting'), ('switchTrialType', 'noswitch'), ('congruantTrialType', 'congruant'), ('cueType', 'solid'), ('shapeType', 'triangle'), ('shapeColor', 'blue'), ('cueFileName', 'stimuli/solid-rectangle.png'), ('stimuliFileName', 'stimuli/blue-triangle.png'), ('correctAnswer', 1)])
42.1053 	EXP 	text_2: autoDraw = False
42.1053 	EXP 	cue_untimed_image: image = 'stimuli/solid-rectangle.png'
42.1053 	EXP 	stimuli_untimed_image: image = 'stimuli/blue-triangle.png'
42.1053 	EXP 	cue_untimed_image: autoDraw = True
43.0817 	EXP 	stimuli_untimed_image: autoDraw = True
44.3687 	EXP 	Created sequence: sequential, trialTypes=1, nReps=1, seed=None
44.3690 	EXP 	New trial (rep=0, index=0): None
44.3711 	EXP 	Set sound_1 sound=A
44.3711 	EXP 	Sound sound_1 started
44.3880 	DATA 	Keypress: 2
44.3970 	EXP 	cue_untimed_image: autoDraw = False
44.3970 	EXP 	stimuli_untimed_image: autoDraw = False
44.3970 	EXP 	image_2: autoDraw = True
44.8218 	DATA 	Keypress: 2
45.1792 	DATA 	Keypress: 2
45.3924 	EXP 	Sound sound_1 stopped
45.4601 	DATA 	Keypress: 2
45.9236 	DATA 	Keypress: 1
46.0519 	DATA 	Keypress: 2
46.3594 	DATA 	Keypress: 2
46.6919 	DATA 	Keypress: 2
47.0237 	DATA 	Keypress: 2
47.0495 	DATA 	Keypress: 2
47.6616 	DATA 	Keypress: 2
48.0452 	DATA 	Keypress: 1
49.3939 	EXP 	Sound sound_1 stopped
49.3949 	EXP 	Created sequence: sequential, trialTypes=1, nReps=0, seed=None
49.4177 	EXP 	image_2: autoDraw = False
49.4177 	EXP 	text_2: autoDraw = True
49.5775 	EXP 	New trial (rep=0, index=8): OrderedDict([('blockNum', 1), ('trialNum', 9), ('trialType', 'untimed'), ('condition', 13), ('posture', 'sitting'), ('switchTrialType', 'switch'), ('congruantTrialType', 'congruant'), ('cueType', 'dashed'), ('shapeType', 'square'), ('shapeColor', 'blue'), ('cueFileName', 'stimuli/dashed-rectangle.png'), ('stimuliFileName', 'stimuli/blue-square.png'), ('correctAnswer', 1)])
49.6029 	EXP 	text_2: autoDraw = False
49.6029 	EXP 	cue_untimed_image: image = 'stimuli/dashed-rectangle.png'
49.6029 	EXP 	stimuli_untimed_image: image = 'stimuli/blue-square.png'
49.6029 	EXP 	cue_untimed_image: autoDraw = True
50.5812 	EXP 	stimuli_untimed_image: autoDraw = True
51.1648 	DATA 	Keypress: 2
51.2220 	EXP 	Created sequence: sequential, trialTypes=1, nReps=0, seed=None
51.2223 	EXP 	Created sequence: sequential, trialTypes=1, nReps=1, seed=None
51.2225 	EXP 	New trial (rep=0, index=0): None
51.2246 	EXP 	Set sound_2 sound=A
51.2247 	EXP 	Sound sound_2 started
51.2503 	EXP 	cue_untimed_image: autoDraw = False
51.2503 	EXP 	stimuli_untimed_image: autoDraw = False
51.2503 	EXP 	image_3: autoDraw = True
52.2451 	EXP 	Sound sound_2 stopped
56.2332 	EXP 	Sound sound_2 stopped
56.2591 	EXP 	image_3: autoDraw = False
56.2591 	EXP 	text_2: autoDraw = True
56.4365 	EXP 	New trial (rep=0, index=9): OrderedDict([('blockNum', 1), ('trialNum', 10), ('trialType', 'untimed'), ('condition', 13), ('posture', 'sitting'), ('switchTrialType', 'switch'), ('congruantTrialType', 'incongruant'), ('cueType', 'solid'), ('shapeType', 'square'), ('shapeColor', 'blue'), ('cueFileName', 'stimuli/solid-rectangle.png'), ('stimuliFileName', 'stimuli/blue-square.png'), ('correctAnswer', 2)])
56.4644 	EXP 	text_2: autoDraw = False
56.4644 	EXP 	cue_untimed_image: image = 'stimuli/solid-rectangle.png'
56.4644 	EXP 	stimuli_untimed_image: image = 'stimuli/blue-square.png'
56.4644 	EXP 	cue_untimed_image: autoDraw = True
57.4352 	EXP 	stimuli_untimed_image: autoDraw = True
58.1925 	EXP 	Created sequence: sequential, trialTypes=1, nReps=1, seed=None
58.1927 	EXP 	New trial (rep=0, index=0): None
58.1943 	EXP 	Set sound_1 sound=A
58.1944 	EXP 	Sound sound_1 started
58.2142 	DATA 	Keypress: 1
58.2233 	EXP 	cue_untimed_image: autoDraw = False
58.2233 	EXP 	stimuli_untimed_image: autoDraw = False
58.2233 	EXP 	image_2: autoDraw = True
58.6645 	DATA 	Keypress: 2
59.1961 	DATA 	Keypress: 2
59.2051 	EXP 	Sound sound_1 stopped
59.6706 	DATA 	Keypress: 2
60.1451 	DATA 	Keypress: 2
63.1947 	EXP 	Sound sound_1 stopped
63.1957 	EXP 	Created sequence: sequential, trialTypes=1, nReps=0, seed=None
63.2208 	EXP 	image_2: autoDraw = False
63.2208 	EXP 	text_2: autoDraw = True
63.3967 	EXP 	New trial (rep=0, index=10): OrderedDict([('blockNum', 1), ('trialNum', 11), ('trialType', 'untimed'), ('condition', 13), ('posture', 'sitting'), ('switchTrialType', 'switch'), ('congruantTrialType', 'congruant'), ('cueType', 'dashed'), ('shapeType', 'square'), ('shapeColor', 'yellow'), ('cueFileName', 'stimuli/dashed-rectangle.png'), ('stimuliFileName', 'stimuli/yellow-square.png'), ('correctAnswer', 2)])
63.4247 	EXP 	text_2: autoDraw = False
63.4247 	EXP 	cue_untimed_image: image = 'stimuli/dashed-rectangle.png'
63.4247 	EXP 	stimuli_untimed_image: image = 'stimuli/yellow-square.png'
63.4247 	EXP 	cue_untimed_image: autoDraw = True
64.3949 	EXP 	stimuli_untimed_image: autoDraw = True
65.2435 	EXP 	Created sequence: sequential, trialTypes=1, nReps=0, seed=None
65.2440 	EXP 	Created sequence: sequential, trialTypes=1, nReps=0, seed=None
65.2640 	DATA 	Keypress: 2
65.2694 	EXP 	cue_untimed_image: autoDraw = False
65.2694 	EXP 	stimuli_untimed_image: autoDraw = False
65.2694 	EXP 	text_2: autoDraw = True
65.4455 	EXP 	New trial (rep=0, index=11): OrderedDict([('blockNum', 1), ('trialNum', 12), ('trialType', 'untimed'), ('condition', 13), ('posture', 'sitting'), ('switchTrialType', 'noswitch'), ('congruantTrialType', 'incongruant'), ('cueType', 'dashed'), ('shapeType', 'triangle'), ('shapeColor', 'blue'), ('cueFileName', 'stimuli/dashed-rectangle.png'), ('stimuliFileName', 'stimuli/blue-triangle.png'), ('correctAnswer', 1)])
65.4734 	EXP 	text_2: autoDraw = False
65.4734 	EXP 	cue_untimed_image: image = 'stimuli/dashed-rectangle.png'
65.4734 	EXP 	stimuli_untimed_image: image = 'stimuli/blue-triangle.png'
65.4734 	EXP 	cue_untimed_image: autoDraw = True
66.4432 	EXP 	stimuli_untimed_image: autoDraw = True
67.0183 	EXP 	Created sequence: sequential, trialTypes=1, nReps=0, seed=None
67.0186 	EXP 	Created sequence: sequential, trialTypes=1, nReps=0, seed=None
67.0387 	DATA 	Keypress: 1
67.0440 	EXP 	cue_untimed_image: autoDraw = False
67.0440 	EXP 	stimuli_untimed_image: autoDraw = False
67.0440 	EXP 	text_2: autoDraw = True
67.2478 	EXP 	text_2: autoDraw = False
67.2478 	EXP 	image_12: autoDraw = True
68.2319 	DATA 	Keypress: 2
68.3060 	EXP 	image_12: autoDraw = False
68.3060 	EXP 	image_13: autoDraw = True
68.8256 	DATA 	Keypress: 2
68.9011 	EXP 	Imported ../data/8015_task-switching-replication_2021_Nov_09_1336-timed-01-trials.csv as conditions, 24 conditions, 13 params
68.9015 	EXP 	Created sequence: sequential, trialTypes=24, nReps=1, seed=None
68.9020 	EXP 	New trial (rep=0, index=0): OrderedDict([('blockNum', 1), ('trialNum', 1), ('trialType', 'timed'), ('condition', 13), ('posture', 'sitting'), ('switchTrialType', 'buffer'), ('congruantTrialType', 'buffer'), ('cueType', 'dashed'), ('shapeType', 'square'), ('shapeColor', 'yellow'), ('cueFileName', 'stimuli/dashed-rectangle.png'), ('stimuliFileName', 'stimuli/yellow-square.png'), ('correctAnswer', 2)])
68.9299 	EXP 	image_13: autoDraw = False
68.9299 	EXP 	cue_timed_image: image = 'stimuli/dashed-rectangle.png'
68.9299 	EXP 	stimuli_timed_image: image = 'stimuli/yellow-square.png'
68.9299 	EXP 	cue_timed_image: autoDraw = True
69.9082 	EXP 	stimuli_timed_image: autoDraw = True
71.4264 	EXP 	Created sequence: sequential, trialTypes=1, nReps=0, seed=None
71.4268 	EXP 	Created sequence: sequential, trialTypes=1, nReps=0, seed=None
71.4272 	EXP 	Created sequence: sequential, trialTypes=1, nReps=0, seed=None
71.4276 	EXP 	Created sequence: sequential, trialTypes=1, nReps=1, seed=None
71.4278 	EXP 	New trial (rep=0, index=0): None
71.4297 	EXP 	Set sound_4 sound=A
71.4298 	EXP 	Sound sound_4 started
71.4582 	EXP 	cue_timed_image: autoDraw = False
71.4582 	EXP 	stimuli_timed_image: autoDraw = False
71.4582 	EXP 	image_15: autoDraw = True
72.4456 	EXP 	Sound sound_4 stopped
76.4338 	EXP 	Sound sound_4 stopped
76.4669 	EXP 	image_15: autoDraw = False
76.4669 	EXP 	text_2: autoDraw = True
76.6289 	EXP 	New trial (rep=0, index=1): OrderedDict([('blockNum', 1), ('trialNum', 2), ('trialType', 'timed'), ('condition', 13), ('posture', 'sitting'), ('switchTrialType', 'switch'), ('congruantTrialType', 'incongruant'), ('cueType', 'solid'), ('shapeType', 'triangle'), ('shapeColor', 'yellow'), ('cueFileName', 'stimuli/solid-rectangle.png'), ('stimuliFileName', 'stimuli/yellow-triangle.png'), ('correctAnswer', 1)])
76.6633 	EXP 	text_2: autoDraw = False
76.6633 	EXP 	cue_timed_image: image = 'stimuli/solid-rectangle.png'
76.6633 	EXP 	stimuli_timed_image: image = 'stimuli/yellow-triangle.png'
76.6633 	EXP 	cue_timed_image: autoDraw = True
77.6512 	EXP 	stimuli_timed_image: autoDraw = True
79.1839 	EXP 	Created sequence: sequential, trialTypes=1, nReps=0, seed=None
79.1843 	EXP 	Created sequence: sequential, trialTypes=1, nReps=1, seed=None
79.1846 	EXP 	New trial (rep=0, index=0): None
79.1865 	EXP 	Set sound_3 sound=A
79.1866 	EXP 	Sound sound_3 started
79.2222 	EXP 	cue_timed_image: autoDraw = False
79.2222 	EXP 	stimuli_timed_image: autoDraw = False
79.2222 	EXP 	image_14: autoDraw = True
80.1746 	EXP 	Sound sound_3 stopped
84.1912 	EXP 	Sound sound_3 stopped
84.1923 	EXP 	Created sequence: sequential, trialTypes=1, nReps=0, seed=None
84.1926 	EXP 	Created sequence: sequential, trialTypes=1, nReps=0, seed=None
84.2248 	EXP 	image_14: autoDraw = False
84.2248 	EXP 	text_2: autoDraw = True
84.3865 	EXP 	New trial (rep=0, index=2): OrderedDict([('blockNum', 1), ('trialNum', 3), ('trialType', 'timed'), ('condition', 13), ('posture', 'sitting'), ('switchTrialType', 'noswitch'), ('congruantTrialType', 'congruant'), ('cueType', 'solid'), ('shapeType', 'triangle'), ('shapeColor', 'yellow'), ('cueFileName', 'stimuli/solid-rectangle.png'), ('stimuliFileName', 'stimuli/yellow-triangle.png'), ('correctAnswer', 1)])
84.4209 	EXP 	text_2: autoDraw = False
84.4209 	EXP 	cue_timed_image: image = 'stimuli/solid-rectangle.png'
84.4209 	EXP 	stimuli_timed_image: image = 'stimuli/yellow-triangle.png'
84.4209 	EXP 	cue_timed_image: autoDraw = True
85.4072 	EXP 	stimuli_timed_image: autoDraw = True
86.0764 	DATA 	Keypress: 2
86.1621 	EXP 	Created sequence: sequential, trialTypes=1, nReps=1, seed=None
86.1623 	EXP 	New trial (rep=0, index=0): None
86.1643 	EXP 	Set sound_1 sound=A
86.1644 	EXP 	Sound sound_1 started
86.1996 	EXP 	cue_timed_image: autoDraw = False
86.1996 	EXP 	stimuli_timed_image: autoDraw = False
86.1996 	EXP 	image_2: autoDraw = True
87.1826 	EXP 	Sound sound_1 stopped
91.1827 	EXP 	Sound sound_1 stopped
91.1836 	EXP 	Created sequence: sequential, trialTypes=1, nReps=0, seed=None
91.1839 	EXP 	Created sequence: sequential, trialTypes=1, nReps=0, seed=None
91.1842 	EXP 	Created sequence: sequential, trialTypes=1, nReps=0, seed=None
91.2167 	EXP 	image_2: autoDraw = False
91.2167 	EXP 	text_2: autoDraw = True
91.3785 	EXP 	New trial (rep=0, index=3): OrderedDict([('blockNum', 1), ('trialNum', 4), ('trialType', 'timed'), ('condition', 13), ('posture', 'sitting'), ('switchTrialType', 'switch'), ('congruantTrialType', 'incongruant'), ('cueType', 'dashed'), ('shapeType', 'square'), ('shapeColor', 'yellow'), ('cueFileName', 'stimuli/dashed-rectangle.png'), ('stimuliFileName', 'stimuli/yellow-square.png'), ('correctAnswer', 2)])
91.4131 	EXP 	text_2: autoDraw = False
91.4131 	EXP 	cue_timed_image: image = 'stimuli/dashed-rectangle.png'
91.4131 	EXP 	stimuli_timed_image: image = 'stimuli/yellow-square.png'
91.4131 	EXP 	cue_timed_image: autoDraw = True
92.4007 	EXP 	stimuli_timed_image: autoDraw = True
92.7163 	DATA 	Keypress: 1
92.8016 	EXP 	Created sequence: sequential, trialTypes=1, nReps=0, seed=None
92.8019 	EXP 	Created sequence: sequential, trialTypes=1, nReps=0, seed=None
92.8022 	EXP 	Created sequence: sequential, trialTypes=1, nReps=1, seed=None
92.8024 	EXP 	New trial (rep=0, index=0): None
92.8040 	EXP 	Set sound_2 sound=A
92.8041 	EXP 	Sound sound_2 started
92.8393 	EXP 	cue_timed_image: autoDraw = False
92.8393 	EXP 	stimuli_timed_image: autoDraw = False
92.8393 	EXP 	image_3: autoDraw = True
93.8227 	EXP 	Sound sound_2 stopped
95.2915 	DATA 	Keypress: escape
95.3729 	EXP 	window1: mouseVisible = True
