0.6422 	WARNING 	We strongly recommend you activate the PTB sound engine in PsychoPy prefs as the preferred audio engine. Its timing is vastly superior. Your prefs are currently set to use ['pygame', 'PTB', 'sounddevice', 'pyo'] (in that order).
13.2293 	EXP 	Created window1 = Window(allowGUI=False, allowStencil=False, autoLog=True, backendConf=UNKNOWN, bitsMode=UNKNOWN, blendMode='avg', bpc=(8, 8, 8), color=array([-1, -1, -1]), colorSpace='rgb', depthBits=8, fullscr=<method-wrapper '__getattribute__' of attributeSetter object at 0x7fe6a3e798e0>, gamma=None, gammaErrorPolicy='raise', lms=UNKNOWN, monitor=<psychopy.monitors.calibTools.Monitor object at 0x7fe6a01d0cd0>, multiSample=False, name='window1', numSamples=2, pos=[0.0, 0.0], screen=0, size=array([1920, 1080]), stencilBits=0, stereo=False, units='deg', useFBO=True, useRetina=False, viewOri=0.0, viewPos=None, viewScale=None, waitBlanking=True, winType='pyglet')
13.2294 	EXP 	window1: mouseVisible = True
13.2295 	EXP 	window1: recordFrameIntervals = False
13.3951 	EXP 	window1: recordFrameIntervals = True
13.5787 	EXP 	window1: recordFrameIntervals = False
13.7003 	EXP 	Created text_3 = TextStim(__class__=<class 'psychopy.visual.text.TextStim'>, alignHoriz=method-wrapper(...), alignText='center', alignVert=method-wrapper(...), anchorHoriz='center', anchorVert='center', antialias=True, autoLog=True, bold=False, color=array([1., 1., 1.]), colorSpace='rgb', contrast=1.0, depth=-1.0, flipHoriz=False, flipVert=False, font='Open Sans', fontFiles=[], height=1.0, italic=False, languageStyle='LTR', name='text_3', opacity=1, ori=0.0, pos=array([0., 0.]), rgb=UNKNOWN, text='', units='deg', win=Window(...), wrapWidth=30.0)
13.7348 	EXP 	Created image_4 = ImageStim(__class__=<class 'psychopy.visual.image.ImageStim'>, autoLog=True, color=array([1., 1., 1.]), colorSpace='rgb', contrast=1.0, depth=0.0, flipHoriz=False, flipVert=False, image='instructions/cond-06-untimed-01.png', interpolate=True, mask=None, maskParams=None, name='image_4', opacity=1, ori=0.0, pos=array([0., 0.]), size=array([53., 30.]), texRes=128.0, units='deg', win=Window(...))
13.7590 	EXP 	Created image_5 = ImageStim(__class__=<class 'psychopy.visual.image.ImageStim'>, autoLog=True, color=array([1., 1., 1.]), colorSpace='rgb', contrast=1.0, depth=0.0, flipHoriz=False, flipVert=False, image='instructions/cond-06-untimed-02.png', interpolate=True, mask=None, maskParams=None, name='image_5', opacity=1, ori=0.0, pos=array([0., 0.]), size=array([53., 30.]), texRes=128.0, units='deg', win=Window(...))
13.7757 	EXP 	Created image_6 = ImageStim(__class__=<class 'psychopy.visual.image.ImageStim'>, autoLog=True, color=array([1., 1., 1.]), colorSpace='rgb', contrast=1.0, depth=0.0, flipHoriz=False, flipVert=False, image='instructions/cond-06-untimed-03.png', interpolate=True, mask=None, maskParams=None, name='image_6', opacity=1, ori=0.0, pos=array([0., 0.]), size=array([53., 30.]), texRes=128.0, units='deg', win=Window(...))
13.7924 	EXP 	Created image_7 = ImageStim(__class__=<class 'psychopy.visual.image.ImageStim'>, autoLog=True, color=array([1., 1., 1.]), colorSpace='rgb', contrast=1.0, depth=0.0, flipHoriz=False, flipVert=False, image='instructions/cond-06-untimed-04.png', interpolate=True, mask=None, maskParams=None, name='image_7', opacity=1, ori=0.0, pos=array([0., 0.]), size=array([53., 30.]), texRes=128.0, units='deg', win=Window(...))
13.8076 	EXP 	Created image_8 = ImageStim(__class__=<class 'psychopy.visual.image.ImageStim'>, autoLog=True, color=array([1., 1., 1.]), colorSpace='rgb', contrast=1.0, depth=0.0, flipHoriz=False, flipVert=False, image='instructions/cond-06-untimed-05.png', interpolate=True, mask=None, maskParams=None, name='image_8', opacity=1, ori=0.0, pos=array([0., 0.]), size=array([53., 30.]), texRes=128.0, units='deg', win=Window(...))
13.8233 	EXP 	Created image_9 = ImageStim(__class__=<class 'psychopy.visual.image.ImageStim'>, autoLog=True, color=array([1., 1., 1.]), colorSpace='rgb', contrast=1.0, depth=0.0, flipHoriz=False, flipVert=False, image='instructions/cond-06-untimed-06.png', interpolate=True, mask=None, maskParams=None, name='image_9', opacity=1, ori=0.0, pos=array([0., 0.]), size=array([53., 30.]), texRes=128.0, units='deg', win=Window(...))
13.8388 	EXP 	Created image_10 = ImageStim(__class__=<class 'psychopy.visual.image.ImageStim'>, autoLog=True, color=array([1., 1., 1.]), colorSpace='rgb', contrast=1.0, depth=0.0, flipHoriz=False, flipVert=False, image='instructions/cond-06-untimed-07.png', interpolate=True, mask=None, maskParams=None, name='image_10', opacity=1, ori=0.0, pos=array([0., 0.]), size=array([53., 30.]), texRes=128.0, units='deg', win=Window(...))
13.8787 	EXP 	Created image_11 = ImageStim(__class__=<class 'psychopy.visual.image.ImageStim'>, autoLog=True, color=array([1., 1., 1.]), colorSpace='rgb', contrast=1.0, depth=0.0, flipHoriz=False, flipVert=False, image='instructions/cond-06-untimed-08.png', interpolate=True, mask=None, maskParams=None, name='image_11', opacity=1, ori=0.0, pos=array([0., 0.]), size=array([53., 30.]), texRes=128.0, units='deg', win=Window(...))
13.8840 	EXP 	Created cue_untimed_image = ImageStim(__class__=<class 'psychopy.visual.image.ImageStim'>, autoLog=True, color=array([1., 1., 1.]), colorSpace='rgb', contrast=1.0, depth=0.0, flipHoriz=False, flipVert=False, image='sin', interpolate=True, mask=None, maskParams=None, name='cue_untimed_image', opacity=1, ori=0.0, pos=array([0., 0.]), size=array([30., 30.]), texRes=128.0, units='cm', win=Window(...))
13.8885 	EXP 	Created stimuli_untimed_image = ImageStim(__class__=<class 'psychopy.visual.image.ImageStim'>, autoLog=True, color=array([1., 1., 1.]), colorSpace='rgb', contrast=1.0, depth=-1.0, flipHoriz=False, flipVert=False, image='sin', interpolate=True, mask=None, maskParams=None, name='stimuli_untimed_image', opacity=1, ori=0.0, pos=array([0., 0.]), size=array([15., 15.]), texRes=128.0, units='cm', win=Window(...))
13.8937 	WARNING 	Hamming was requested using the 'pygame' sound library but hamming is not supported there.
13.8964 	EXP 	Set sound_1 sound=A
13.8965 	EXP 	Set Sound sound_1 volume=1.000
13.9168 	EXP 	Created image_2 = ImageStim(__class__=<class 'psychopy.visual.image.ImageStim'>, autoLog=True, color=array([1., 1., 1.]), colorSpace='rgb', contrast=1.0, depth=-1.0, flipHoriz=False, flipVert=False, image=str(...), interpolate=True, mask=None, maskParams=None, name='image_2', opacity=1, ori=0.0, pos=array([0., 0.]), size=array([53., 30.]), texRes=128.0, units='deg', win=Window(...))
13.9169 	WARNING 	Hamming was requested using the 'pygame' sound library but hamming is not supported there.
13.9183 	EXP 	Set sound_2 sound=A
13.9183 	EXP 	Set Sound sound_2 volume=1.000
13.9473 	EXP 	Created image_3 = ImageStim(__class__=<class 'psychopy.visual.image.ImageStim'>, autoLog=True, color=array([1., 1., 1.]), colorSpace='rgb', contrast=1.0, depth=-1.0, flipHoriz=False, flipVert=False, image=str(...), interpolate=True, mask=None, maskParams=None, name='image_3', opacity=1, ori=0.0, pos=array([0., 0.]), size=array([53., 30.]), texRes=128.0, units='deg', win=Window(...))
13.9685 	EXP 	Created text_2 = TextStim(__class__=<class 'psychopy.visual.text.TextStim'>, alignHoriz=method-wrapper(...), alignText='center', alignVert=method-wrapper(...), anchorHoriz='center', anchorVert='center', antialias=True, autoLog=True, bold=False, color=array([1., 1., 1.]), colorSpace='rgb', contrast=1.0, depth=0.0, flipHoriz=False, flipVert=False, font='Open Sans', fontFiles=[], height=0.1, italic=False, languageStyle='LTR', name='text_2', opacity=1, ori=0.0, pos=array([0., 0.]), rgb=UNKNOWN, text='', units='deg', win=Window(...), wrapWidth=15.0)
13.9915 	EXP 	Created image_12 = ImageStim(__class__=<class 'psychopy.visual.image.ImageStim'>, autoLog=True, color=array([1., 1., 1.]), colorSpace='rgb', contrast=1.0, depth=0.0, flipHoriz=False, flipVert=False, image='instructions/cond-06-timed-01.png', interpolate=True, mask=None, maskParams=None, name='image_12', opacity=1, ori=0.0, pos=array([0., 0.]), size=array([53., 30.]), texRes=128.0, units='deg', win=Window(...))
14.0208 	EXP 	Created image_13 = ImageStim(__class__=<class 'psychopy.visual.image.ImageStim'>, autoLog=True, color=array([1., 1., 1.]), colorSpace='rgb', contrast=1.0, depth=0.0, flipHoriz=False, flipVert=False, image='instructions/cond-06-timed-02.png', interpolate=True, mask=None, maskParams=None, name='image_13', opacity=1, ori=0.0, pos=array([0., 0.]), size=array([53., 30.]), texRes=128.0, units='deg', win=Window(...))
14.0269 	EXP 	Created cue_timed_image = ImageStim(__class__=<class 'psychopy.visual.image.ImageStim'>, autoLog=True, color=array([1., 1., 1.]), colorSpace='rgb', contrast=1.0, depth=0.0, flipHoriz=False, flipVert=False, image='sin', interpolate=True, mask=None, maskParams=None, name='cue_timed_image', opacity=1, ori=0.0, pos=array([0., 0.]), size=array([25., 25.]), texRes=128.0, units='deg', win=Window(...))
14.0318 	EXP 	Created stimuli_timed_image = ImageStim(__class__=<class 'psychopy.visual.image.ImageStim'>, autoLog=True, color=array([1., 1., 1.]), colorSpace='rgb', contrast=1.0, depth=-1.0, flipHoriz=False, flipVert=False, image='sin', interpolate=True, mask=None, maskParams=None, name='stimuli_timed_image', opacity=1, ori=0.0, pos=array([0., 0.]), size=array([12., 12.]), texRes=128.0, units='deg', win=Window(...))
14.0321 	WARNING 	Hamming was requested using the 'pygame' sound library but hamming is not supported there.
14.0336 	EXP 	Set sound_1 sound=A
14.0336 	EXP 	Set Sound sound_1 volume=1.000
14.0517 	EXP 	Created image_2 = ImageStim(__class__=<class 'psychopy.visual.image.ImageStim'>, autoLog=True, color=array([1., 1., 1.]), colorSpace='rgb', contrast=1.0, depth=-1.0, flipHoriz=False, flipVert=False, image=str(...), interpolate=True, mask=None, maskParams=None, name='image_2', opacity=1, ori=0.0, pos=array([0., 0.]), size=array([53., 30.]), texRes=128.0, units='deg', win=Window(...))
14.0518 	WARNING 	Hamming was requested using the 'pygame' sound library but hamming is not supported there.
14.0533 	EXP 	Set sound_3 sound=A
14.0533 	EXP 	Set Sound sound_3 volume=1.000
14.0810 	EXP 	Created image_14 = ImageStim(__class__=<class 'psychopy.visual.image.ImageStim'>, autoLog=True, color=array([1., 1., 1.]), colorSpace='rgb', contrast=1.0, depth=-1.0, flipHoriz=False, flipVert=False, image='instructions/cond-06-error-solid-timeout.png', interpolate=True, mask=None, maskParams=None, name='image_14', opacity=1, ori=0.0, pos=array([0., 0.]), size=array([53., 30.]), texRes=128.0, units='deg', win=Window(...))
14.0811 	WARNING 	Hamming was requested using the 'pygame' sound library but hamming is not supported there.
14.0825 	EXP 	Set sound_2 sound=A
14.0825 	EXP 	Set Sound sound_2 volume=1.000
14.1108 	EXP 	Created image_3 = ImageStim(__class__=<class 'psychopy.visual.image.ImageStim'>, autoLog=True, color=array([1., 1., 1.]), colorSpace='rgb', contrast=1.0, depth=-1.0, flipHoriz=False, flipVert=False, image=str(...), interpolate=True, mask=None, maskParams=None, name='image_3', opacity=1, ori=0.0, pos=array([0., 0.]), size=array([53., 30.]), texRes=128.0, units='deg', win=Window(...))
14.1109 	WARNING 	Hamming was requested using the 'pygame' sound library but hamming is not supported there.
14.1124 	EXP 	Set sound_4 sound=A
14.1124 	EXP 	Set Sound sound_4 volume=1.000
14.1403 	EXP 	Created image_15 = ImageStim(__class__=<class 'psychopy.visual.image.ImageStim'>, autoLog=True, color=array([1., 1., 1.]), colorSpace='rgb', contrast=1.0, depth=-1.0, flipHoriz=False, flipVert=False, image='instructions/cond-06-error-dashed-timeout.png', interpolate=True, mask=None, maskParams=None, name='image_15', opacity=1, ori=0.0, pos=array([0., 0.]), size=array([53., 30.]), texRes=128.0, units='deg', win=Window(...))
14.1423 	EXP 	Created text_2 = TextStim(__class__=<class 'psychopy.visual.text.TextStim'>, alignHoriz=method-wrapper(...), alignText='center', alignVert=method-wrapper(...), anchorHoriz='center', anchorVert='center', antialias=True, autoLog=True, bold=False, color=array([1., 1., 1.]), colorSpace='rgb', contrast=1.0, depth=0.0, flipHoriz=False, flipVert=False, font='Open Sans', fontFiles=[], height=0.1, italic=False, languageStyle='LTR', name='text_2', opacity=1, ori=0.0, pos=array([0., 0.]), rgb=UNKNOWN, text='', units='deg', win=Window(...), wrapWidth=15.0)
14.1441 	EXP 	Created text_3 = TextStim(__class__=<class 'psychopy.visual.text.TextStim'>, alignHoriz=method-wrapper(...), alignText='center', alignVert=method-wrapper(...), anchorHoriz='center', anchorVert='center', antialias=True, autoLog=True, bold=False, color=array([1., 1., 1.]), colorSpace='rgb', contrast=1.0, depth=-1.0, flipHoriz=False, flipVert=False, font='Open Sans', fontFiles=[], height=1.0, italic=False, languageStyle='LTR', name='text_3', opacity=1, ori=0.0, pos=array([0., 0.]), rgb=UNKNOWN, text='', units='deg', win=Window(...), wrapWidth=30.0)
14.1732 	EXP 	Created image = ImageStim(__class__=<class 'psychopy.visual.image.ImageStim'>, autoLog=True, color=array([1., 1., 1.]), colorSpace='rgb', contrast=1.0, depth=0.0, flipHoriz=False, flipVert=False, image='instructions/cond-06-experiment-01.png', interpolate=True, mask=None, maskParams=None, name='image', opacity=1, ori=0.0, pos=array([0., 0.]), size=array([53., 30.]), texRes=128.0, units='deg', win=Window(...))
14.1754 	EXP 	Created text = TextStim(__class__=<class 'psychopy.visual.text.TextStim'>, alignHoriz=method-wrapper(...), alignText='center', alignVert=method-wrapper(...), anchorHoriz='center', anchorVert='center', antialias=True, autoLog=True, bold=False, color=array([1., 1., 1.]), colorSpace='rgb', contrast=1.0, depth=-1.0, flipHoriz=False, flipVert=False, font='Open Sans', fontFiles=[], height=1.0, italic=False, languageStyle='LTR', name='text', opacity=1, ori=0.0, pos=array([0., 0.]), rgb=UNKNOWN, text='', units='deg', win=Window(...), wrapWidth=30.0)
14.1802 	EXP 	Created cue_image = ImageStim(__class__=<class 'psychopy.visual.image.ImageStim'>, autoLog=True, color=array([1., 1., 1.]), colorSpace='rgb', contrast=1.0, depth=0.0, flipHoriz=False, flipVert=False, image='sin', interpolate=True, mask=None, maskParams=None, name='cue_image', opacity=1, ori=0.0, pos=array([0., 0.]), size=array([25., 25.]), texRes=128.0, units='deg', win=Window(...))
14.1846 	EXP 	Created stimuli_image = ImageStim(__class__=<class 'psychopy.visual.image.ImageStim'>, autoLog=True, color=array([1., 1., 1.]), colorSpace='rgb', contrast=1.0, depth=-1.0, flipHoriz=False, flipVert=False, image='sin', interpolate=True, mask=None, maskParams=None, name='stimuli_image', opacity=1, ori=0.0, pos=array([0., 0.]), size=array([12., 12.]), texRes=128.0, units='deg', win=Window(...))
14.1848 	WARNING 	Hamming was requested using the 'pygame' sound library but hamming is not supported there.
14.1863 	EXP 	Set sound_1 sound=A
14.1863 	EXP 	Set Sound sound_1 volume=1.000
14.2042 	EXP 	Created image_2 = ImageStim(__class__=<class 'psychopy.visual.image.ImageStim'>, autoLog=True, color=array([1., 1., 1.]), colorSpace='rgb', contrast=1.0, depth=-1.0, flipHoriz=False, flipVert=False, image=str(...), interpolate=True, mask=None, maskParams=None, name='image_2', opacity=1, ori=0.0, pos=array([0., 0.]), size=array([53., 30.]), texRes=128.0, units='deg', win=Window(...))
14.2043 	WARNING 	Hamming was requested using the 'pygame' sound library but hamming is not supported there.
14.2058 	EXP 	Set sound_3 sound=A
14.2058 	EXP 	Set Sound sound_3 volume=1.000
14.2334 	EXP 	Created image_14 = ImageStim(__class__=<class 'psychopy.visual.image.ImageStim'>, autoLog=True, color=array([1., 1., 1.]), colorSpace='rgb', contrast=1.0, depth=-1.0, flipHoriz=False, flipVert=False, image='instructions/cond-06-error-solid-timeout.png', interpolate=True, mask=None, maskParams=None, name='image_14', opacity=1, ori=0.0, pos=array([0., 0.]), size=array([53., 30.]), texRes=128.0, units='deg', win=Window(...))
14.2335 	WARNING 	Hamming was requested using the 'pygame' sound library but hamming is not supported there.
14.2350 	EXP 	Set sound_2 sound=A
14.2351 	EXP 	Set Sound sound_2 volume=1.000
14.2623 	EXP 	Created image_3 = ImageStim(__class__=<class 'psychopy.visual.image.ImageStim'>, autoLog=True, color=array([1., 1., 1.]), colorSpace='rgb', contrast=1.0, depth=-1.0, flipHoriz=False, flipVert=False, image=str(...), interpolate=True, mask=None, maskParams=None, name='image_3', opacity=1, ori=0.0, pos=array([0., 0.]), size=array([53., 30.]), texRes=128.0, units='deg', win=Window(...))
14.2624 	WARNING 	Hamming was requested using the 'pygame' sound library but hamming is not supported there.
14.2638 	EXP 	Set sound_4 sound=A
14.2638 	EXP 	Set Sound sound_4 volume=1.000
14.2915 	EXP 	Created image_15 = ImageStim(__class__=<class 'psychopy.visual.image.ImageStim'>, autoLog=True, color=array([1., 1., 1.]), colorSpace='rgb', contrast=1.0, depth=-1.0, flipHoriz=False, flipVert=False, image='instructions/cond-06-error-dashed-timeout.png', interpolate=True, mask=None, maskParams=None, name='image_15', opacity=1, ori=0.0, pos=array([0., 0.]), size=array([53., 30.]), texRes=128.0, units='deg', win=Window(...))
14.2935 	EXP 	Created text_2 = TextStim(__class__=<class 'psychopy.visual.text.TextStim'>, alignHoriz=method-wrapper(...), alignText='center', alignVert=method-wrapper(...), anchorHoriz='center', anchorVert='center', antialias=True, autoLog=True, bold=False, color=array([1., 1., 1.]), colorSpace='rgb', contrast=1.0, depth=0.0, flipHoriz=False, flipVert=False, font='Open Sans', fontFiles=[], height=0.1, italic=False, languageStyle='LTR', name='text_2', opacity=1, ori=0.0, pos=array([0., 0.]), rgb=UNKNOWN, text='', units='deg', win=Window(...), wrapWidth=15.0)
14.2952 	EXP 	Created text_4 = TextStim(__class__=<class 'psychopy.visual.text.TextStim'>, alignHoriz=method-wrapper(...), alignText='center', alignVert=method-wrapper(...), anchorHoriz='center', anchorVert='center', antialias=True, autoLog=True, bold=False, color=array([1., 1., 1.]), colorSpace='rgb', contrast=1.0, depth=-1.0, flipHoriz=False, flipVert=False, font='Open Sans', fontFiles=[], height=1.0, italic=False, languageStyle='LTR', name='text_4', opacity=1, ori=0.0, pos=array([0., 0.]), rgb=UNKNOWN, text='', units='deg', win=Window(...), wrapWidth=30.0)
14.3450 	EXP 	text_3: text = '\nYou will be performing this experiment in\ntwo separate postures.\n\nAt this time you should be in the\n`standing` posture\n\nPlease have the experimenter help you\nget yourself into position for this\nportion of the experiment. \n\nPress any button when you are ready to continue.\n'
14.3450 	EXP 	text_3: autoDraw = True
227.9374 	DATA 	Keypress: 1
227.9465 	EXP 	text_3: autoDraw = False
227.9465 	EXP 	image_4: autoDraw = True
230.6375 	DATA 	Keypress: 2
230.7333 	EXP 	image_4: autoDraw = False
230.7333 	EXP 	image_5: autoDraw = True
239.1006 	DATA 	Keypress: 1
239.1097 	EXP 	image_5: autoDraw = False
239.1097 	EXP 	image_6: autoDraw = True
247.0850 	DATA 	Keypress: 2
247.1810 	EXP 	image_6: autoDraw = False
247.1810 	EXP 	image_7: autoDraw = True
251.7161 	DATA 	Keypress: 1
251.7255 	EXP 	image_7: autoDraw = False
251.7255 	EXP 	image_8: autoDraw = True
254.4813 	DATA 	Keypress: 2
254.9721 	DATA 	Keypress: 1
255.0678 	EXP 	image_8: autoDraw = False
255.0678 	EXP 	image_9: autoDraw = True
257.0546 	DATA 	Keypress: 2
257.0638 	EXP 	image_9: autoDraw = False
257.0638 	EXP 	image_10: autoDraw = True
264.0321 	DATA 	Keypress: 2
264.0413 	EXP 	image_10: autoDraw = False
264.0413 	EXP 	image_11: autoDraw = True
290.1753 	DATA 	Keypress: 1
290.2713 	EXP 	Imported ../data/8015_task-switching-replication_2021_Nov_09_1105-untimed-01-trials.csv as conditions, 12 conditions, 13 params
290.2718 	EXP 	Created sequence: sequential, trialTypes=12, nReps=1, seed=None
290.2723 	EXP 	New trial (rep=0, index=0): OrderedDict([('blockNum', 1), ('trialNum', 1), ('trialType', 'untimed'), ('condition', 6), ('posture', 'standing'), ('switchTrialType', 'buffer'), ('congruantTrialType', 'buffer'), ('cueType', 'dashed'), ('shapeType', 'triangle'), ('shapeColor', 'blue'), ('cueFileName', 'stimuli/dashed-rectangle.png'), ('stimuliFileName', 'stimuli/blue-triangle.png'), ('correctAnswer', 1)])
290.3078 	EXP 	image_11: autoDraw = False
290.3078 	EXP 	cue_untimed_image: image = 'stimuli/dashed-rectangle.png'
290.3078 	EXP 	stimuli_untimed_image: image = 'stimuli/blue-triangle.png'
290.3078 	EXP 	cue_untimed_image: autoDraw = True
291.3129 	EXP 	stimuli_untimed_image: autoDraw = True
291.6306 	DATA 	Keypress: 1
291.7176 	EXP 	Created sequence: sequential, trialTypes=1, nReps=0, seed=None
291.7180 	EXP 	Created sequence: sequential, trialTypes=1, nReps=0, seed=None
291.7506 	EXP 	cue_untimed_image: autoDraw = False
291.7506 	EXP 	stimuli_untimed_image: autoDraw = False
291.7506 	EXP 	text_2: autoDraw = True
291.9450 	EXP 	New trial (rep=0, index=1): OrderedDict([('blockNum', 1), ('trialNum', 2), ('trialType', 'untimed'), ('condition', 6), ('posture', 'standing'), ('switchTrialType', 'switch'), ('congruantTrialType', 'incongruant'), ('cueType', 'solid'), ('shapeType', 'triangle'), ('shapeColor', 'yellow'), ('cueFileName', 'stimuli/solid-rectangle.png'), ('stimuliFileName', 'stimuli/yellow-triangle.png'), ('correctAnswer', 2)])
291.9799 	EXP 	text_2: autoDraw = False
291.9799 	EXP 	cue_untimed_image: image = 'stimuli/solid-rectangle.png'
291.9799 	EXP 	stimuli_untimed_image: image = 'stimuli/yellow-triangle.png'
291.9799 	EXP 	cue_untimed_image: autoDraw = True
292.9506 	EXP 	stimuli_untimed_image: autoDraw = True
293.7496 	DATA 	Keypress: 2
293.8356 	EXP 	Created sequence: sequential, trialTypes=1, nReps=0, seed=None
293.8359 	EXP 	Created sequence: sequential, trialTypes=1, nReps=0, seed=None
293.8680 	EXP 	cue_untimed_image: autoDraw = False
293.8680 	EXP 	stimuli_untimed_image: autoDraw = False
293.8680 	EXP 	text_2: autoDraw = True
294.0625 	EXP 	New trial (rep=0, index=2): OrderedDict([('blockNum', 1), ('trialNum', 3), ('trialType', 'untimed'), ('condition', 6), ('posture', 'standing'), ('switchTrialType', 'switch'), ('congruantTrialType', 'incongruant'), ('cueType', 'dashed'), ('shapeType', 'triangle'), ('shapeColor', 'blue'), ('cueFileName', 'stimuli/dashed-rectangle.png'), ('stimuliFileName', 'stimuli/blue-triangle.png'), ('correctAnswer', 1)])
294.0978 	EXP 	text_2: autoDraw = False
294.0978 	EXP 	cue_untimed_image: image = 'stimuli/dashed-rectangle.png'
294.0978 	EXP 	stimuli_untimed_image: image = 'stimuli/blue-triangle.png'
294.0978 	EXP 	cue_untimed_image: autoDraw = True
295.0674 	EXP 	stimuli_untimed_image: autoDraw = True
295.4706 	EXP 	Created sequence: sequential, trialTypes=1, nReps=0, seed=None
295.4710 	EXP 	Created sequence: sequential, trialTypes=1, nReps=0, seed=None
295.4983 	DATA 	Keypress: 1
295.5037 	EXP 	cue_untimed_image: autoDraw = False
295.5037 	EXP 	stimuli_untimed_image: autoDraw = False
295.5037 	EXP 	text_2: autoDraw = True
295.6979 	EXP 	New trial (rep=0, index=3): OrderedDict([('blockNum', 1), ('trialNum', 4), ('trialType', 'untimed'), ('condition', 6), ('posture', 'standing'), ('switchTrialType', 'switch'), ('congruantTrialType', 'congruant'), ('cueType', 'solid'), ('shapeType', 'square'), ('shapeColor', 'blue'), ('cueFileName', 'stimuli/solid-rectangle.png'), ('stimuliFileName', 'stimuli/blue-square.png'), ('correctAnswer', 1)])
295.7332 	EXP 	text_2: autoDraw = False
295.7332 	EXP 	cue_untimed_image: image = 'stimuli/solid-rectangle.png'
295.7332 	EXP 	stimuli_untimed_image: image = 'stimuli/blue-square.png'
295.7332 	EXP 	cue_untimed_image: autoDraw = True
296.7038 	EXP 	stimuli_untimed_image: autoDraw = True
297.3859 	DATA 	Keypress: 2
297.4721 	EXP 	Created sequence: sequential, trialTypes=1, nReps=1, seed=None
297.4723 	EXP 	New trial (rep=0, index=0): None
297.4740 	EXP 	Set sound_1 sound=A
297.4741 	EXP 	Sound sound_1 started
297.5096 	EXP 	cue_untimed_image: autoDraw = False
297.5096 	EXP 	stimuli_untimed_image: autoDraw = False
297.5096 	EXP 	image_2: autoDraw = True
298.4626 	EXP 	Sound sound_1 stopped
302.4829 	EXP 	Sound sound_1 stopped
302.4839 	EXP 	Created sequence: sequential, trialTypes=1, nReps=0, seed=None
302.5164 	EXP 	image_2: autoDraw = False
302.5164 	EXP 	text_2: autoDraw = True
302.6783 	EXP 	New trial (rep=0, index=4): OrderedDict([('blockNum', 1), ('trialNum', 5), ('trialType', 'untimed'), ('condition', 6), ('posture', 'standing'), ('switchTrialType', 'noswitch'), ('congruantTrialType', 'incongruant'), ('cueType', 'solid'), ('shapeType', 'triangle'), ('shapeColor', 'blue'), ('cueFileName', 'stimuli/solid-rectangle.png'), ('stimuliFileName', 'stimuli/blue-triangle.png'), ('correctAnswer', 2)])
302.7134 	EXP 	text_2: autoDraw = False
302.7134 	EXP 	cue_untimed_image: image = 'stimuli/solid-rectangle.png'
302.7134 	EXP 	stimuli_untimed_image: image = 'stimuli/blue-triangle.png'
302.7134 	EXP 	cue_untimed_image: autoDraw = True
303.6839 	EXP 	stimuli_untimed_image: autoDraw = True
303.9679 	EXP 	Created sequence: sequential, trialTypes=1, nReps=1, seed=None
303.9681 	EXP 	New trial (rep=0, index=0): None
303.9698 	EXP 	Set sound_1 sound=A
303.9699 	EXP 	Sound sound_1 started
303.9963 	DATA 	Keypress: 1
304.0056 	EXP 	cue_untimed_image: autoDraw = False
304.0056 	EXP 	stimuli_untimed_image: autoDraw = False
304.0056 	EXP 	image_2: autoDraw = True
304.9591 	EXP 	Sound sound_1 stopped
308.9795 	EXP 	Sound sound_1 stopped
308.9806 	EXP 	Created sequence: sequential, trialTypes=1, nReps=0, seed=None
309.0129 	EXP 	image_2: autoDraw = False
309.0129 	EXP 	text_2: autoDraw = True
309.1741 	DATA 	Keypress: 2
309.1801 	EXP 	New trial (rep=0, index=5): OrderedDict([('blockNum', 1), ('trialNum', 6), ('trialType', 'untimed'), ('condition', 6), ('posture', 'standing'), ('switchTrialType', 'noswitch'), ('congruantTrialType', 'incongruant'), ('cueType', 'solid'), ('shapeType', 'square'), ('shapeColor', 'yellow'), ('cueFileName', 'stimuli/solid-rectangle.png'), ('stimuliFileName', 'stimuli/yellow-square.png'), ('correctAnswer', 1)])
309.2152 	EXP 	text_2: autoDraw = False
309.2152 	EXP 	cue_untimed_image: image = 'stimuli/solid-rectangle.png'
309.2152 	EXP 	stimuli_untimed_image: image = 'stimuli/yellow-square.png'
309.2152 	EXP 	cue_untimed_image: autoDraw = True
310.1867 	EXP 	stimuli_untimed_image: autoDraw = True
310.3846 	DATA 	Keypress: 2
310.4710 	EXP 	Created sequence: sequential, trialTypes=1, nReps=1, seed=None
310.4713 	EXP 	New trial (rep=0, index=0): None
310.4732 	EXP 	Set sound_1 sound=A
310.4733 	EXP 	Sound sound_1 started
310.5087 	EXP 	cue_untimed_image: autoDraw = False
310.5087 	EXP 	stimuli_untimed_image: autoDraw = False
310.5087 	EXP 	image_2: autoDraw = True
311.4628 	EXP 	Sound sound_1 stopped
315.4913 	EXP 	Sound sound_1 stopped
315.4923 	EXP 	Created sequence: sequential, trialTypes=1, nReps=0, seed=None
315.5247 	EXP 	image_2: autoDraw = False
315.5247 	EXP 	text_2: autoDraw = True
315.6868 	EXP 	New trial (rep=0, index=6): OrderedDict([('blockNum', 1), ('trialNum', 7), ('trialType', 'untimed'), ('condition', 6), ('posture', 'standing'), ('switchTrialType', 'switch'), ('congruantTrialType', 'congruant'), ('cueType', 'dashed'), ('shapeType', 'square'), ('shapeColor', 'blue'), ('cueFileName', 'stimuli/dashed-rectangle.png'), ('stimuliFileName', 'stimuli/blue-square.png'), ('correctAnswer', 1)])
315.7220 	EXP 	text_2: autoDraw = False
315.7220 	EXP 	cue_untimed_image: image = 'stimuli/dashed-rectangle.png'
315.7220 	EXP 	stimuli_untimed_image: image = 'stimuli/blue-square.png'
315.7220 	EXP 	cue_untimed_image: autoDraw = True
316.6928 	EXP 	stimuli_untimed_image: autoDraw = True
317.5154 	EXP 	Created sequence: sequential, trialTypes=1, nReps=0, seed=None
317.5158 	EXP 	Created sequence: sequential, trialTypes=1, nReps=0, seed=None
317.5432 	DATA 	Keypress: 1
317.5485 	EXP 	cue_untimed_image: autoDraw = False
317.5485 	EXP 	stimuli_untimed_image: autoDraw = False
317.5485 	EXP 	text_2: autoDraw = True
317.7430 	EXP 	New trial (rep=0, index=7): OrderedDict([('blockNum', 1), ('trialNum', 8), ('trialType', 'untimed'), ('condition', 6), ('posture', 'standing'), ('switchTrialType', 'noswitch'), ('congruantTrialType', 'incongruant'), ('cueType', 'dashed'), ('shapeType', 'square'), ('shapeColor', 'yellow'), ('cueFileName', 'stimuli/dashed-rectangle.png'), ('stimuliFileName', 'stimuli/yellow-square.png'), ('correctAnswer', 2)])
317.7783 	EXP 	text_2: autoDraw = False
317.7783 	EXP 	cue_untimed_image: image = 'stimuli/dashed-rectangle.png'
317.7783 	EXP 	stimuli_untimed_image: image = 'stimuli/yellow-square.png'
317.7783 	EXP 	cue_untimed_image: autoDraw = True
318.7488 	EXP 	stimuli_untimed_image: autoDraw = True
319.1528 	EXP 	Created sequence: sequential, trialTypes=1, nReps=0, seed=None
319.1532 	EXP 	Created sequence: sequential, trialTypes=1, nReps=1, seed=None
319.1535 	EXP 	New trial (rep=0, index=0): None
319.1556 	EXP 	Set sound_2 sound=A
319.1556 	EXP 	Sound sound_2 started
319.1822 	DATA 	Keypress: 1
319.1913 	EXP 	cue_untimed_image: autoDraw = False
319.1913 	EXP 	stimuli_untimed_image: autoDraw = False
319.1913 	EXP 	image_3: autoDraw = True
320.1438 	EXP 	Sound sound_2 stopped
324.1648 	EXP 	Sound sound_2 stopped
324.1978 	EXP 	image_3: autoDraw = False
324.1978 	EXP 	text_2: autoDraw = True
324.3599 	EXP 	New trial (rep=0, index=8): OrderedDict([('blockNum', 1), ('trialNum', 9), ('trialType', 'untimed'), ('condition', 6), ('posture', 'standing'), ('switchTrialType', 'noswitch'), ('congruantTrialType', 'incongruant'), ('cueType', 'dashed'), ('shapeType', 'square'), ('shapeColor', 'blue'), ('cueFileName', 'stimuli/dashed-rectangle.png'), ('stimuliFileName', 'stimuli/blue-square.png'), ('correctAnswer', 1)])
324.3951 	EXP 	text_2: autoDraw = False
324.3951 	EXP 	cue_untimed_image: image = 'stimuli/dashed-rectangle.png'
324.3951 	EXP 	stimuli_untimed_image: image = 'stimuli/blue-square.png'
324.3951 	EXP 	cue_untimed_image: autoDraw = True
325.3657 	EXP 	stimuli_untimed_image: autoDraw = True
325.7096 	EXP 	Created sequence: sequential, trialTypes=1, nReps=0, seed=None
325.7100 	EXP 	Created sequence: sequential, trialTypes=1, nReps=1, seed=None
325.7102 	EXP 	New trial (rep=0, index=0): None
325.7119 	EXP 	Set sound_2 sound=A
325.7119 	EXP 	Sound sound_2 started
325.7384 	DATA 	Keypress: 2
325.7477 	EXP 	cue_untimed_image: autoDraw = False
325.7477 	EXP 	stimuli_untimed_image: autoDraw = False
325.7477 	EXP 	image_3: autoDraw = True
326.7011 	EXP 	Sound sound_2 stopped
330.7207 	EXP 	Sound sound_2 stopped
330.7537 	EXP 	image_3: autoDraw = False
330.7537 	EXP 	text_2: autoDraw = True
330.9156 	EXP 	New trial (rep=0, index=9): OrderedDict([('blockNum', 1), ('trialNum', 10), ('trialType', 'untimed'), ('condition', 6), ('posture', 'standing'), ('switchTrialType', 'switch'), ('congruantTrialType', 'incongruant'), ('cueType', 'solid'), ('shapeType', 'triangle'), ('shapeColor', 'blue'), ('cueFileName', 'stimuli/solid-rectangle.png'), ('stimuliFileName', 'stimuli/blue-triangle.png'), ('correctAnswer', 2)])
330.9508 	EXP 	text_2: autoDraw = False
330.9508 	EXP 	cue_untimed_image: image = 'stimuli/solid-rectangle.png'
330.9508 	EXP 	stimuli_untimed_image: image = 'stimuli/blue-triangle.png'
330.9508 	EXP 	cue_untimed_image: autoDraw = True
331.9208 	EXP 	stimuli_untimed_image: autoDraw = True
332.3844 	EXP 	Created sequence: sequential, trialTypes=1, nReps=1, seed=None
332.3846 	EXP 	New trial (rep=0, index=0): None
332.3861 	EXP 	Set sound_1 sound=A
332.3862 	EXP 	Sound sound_1 started
332.4126 	DATA 	Keypress: 1
332.4220 	EXP 	cue_untimed_image: autoDraw = False
332.4220 	EXP 	stimuli_untimed_image: autoDraw = False
332.4220 	EXP 	image_2: autoDraw = True
333.3751 	EXP 	Sound sound_1 stopped
337.3949 	EXP 	Sound sound_1 stopped
337.3959 	EXP 	Created sequence: sequential, trialTypes=1, nReps=0, seed=None
337.4283 	EXP 	image_2: autoDraw = False
337.4283 	EXP 	text_2: autoDraw = True
337.5906 	EXP 	New trial (rep=0, index=10): OrderedDict([('blockNum', 1), ('trialNum', 11), ('trialType', 'untimed'), ('condition', 6), ('posture', 'standing'), ('switchTrialType', 'noswitch'), ('congruantTrialType', 'congruant'), ('cueType', 'solid'), ('shapeType', 'triangle'), ('shapeColor', 'yellow'), ('cueFileName', 'stimuli/solid-rectangle.png'), ('stimuliFileName', 'stimuli/yellow-triangle.png'), ('correctAnswer', 2)])
337.6256 	EXP 	text_2: autoDraw = False
337.6256 	EXP 	cue_untimed_image: image = 'stimuli/solid-rectangle.png'
337.6256 	EXP 	stimuli_untimed_image: image = 'stimuli/yellow-triangle.png'
337.6256 	EXP 	cue_untimed_image: autoDraw = True
338.5960 	EXP 	stimuli_untimed_image: autoDraw = True
339.2173 	DATA 	Keypress: 2
339.3033 	EXP 	Created sequence: sequential, trialTypes=1, nReps=0, seed=None
339.3037 	EXP 	Created sequence: sequential, trialTypes=1, nReps=0, seed=None
339.3359 	EXP 	cue_untimed_image: autoDraw = False
339.3359 	EXP 	stimuli_untimed_image: autoDraw = False
339.3359 	EXP 	text_2: autoDraw = True
339.5304 	EXP 	New trial (rep=0, index=11): OrderedDict([('blockNum', 1), ('trialNum', 12), ('trialType', 'untimed'), ('condition', 6), ('posture', 'standing'), ('switchTrialType', 'switch'), ('congruantTrialType', 'congruant'), ('cueType', 'dashed'), ('shapeType', 'triangle'), ('shapeColor', 'yellow'), ('cueFileName', 'stimuli/dashed-rectangle.png'), ('stimuliFileName', 'stimuli/yellow-triangle.png'), ('correctAnswer', 2)])
339.5654 	EXP 	text_2: autoDraw = False
339.5654 	EXP 	cue_untimed_image: image = 'stimuli/dashed-rectangle.png'
339.5654 	EXP 	stimuli_untimed_image: image = 'stimuli/yellow-triangle.png'
339.5654 	EXP 	cue_untimed_image: autoDraw = True
340.5356 	EXP 	stimuli_untimed_image: autoDraw = True
340.9992 	EXP 	Created sequence: sequential, trialTypes=1, nReps=0, seed=None
340.9996 	EXP 	Created sequence: sequential, trialTypes=1, nReps=0, seed=None
341.0269 	DATA 	Keypress: 2
341.0323 	EXP 	cue_untimed_image: autoDraw = False
341.0323 	EXP 	stimuli_untimed_image: autoDraw = False
341.0323 	EXP 	text_2: autoDraw = True
341.2615 	EXP 	text_2: autoDraw = False
341.2615 	EXP 	image_12: autoDraw = True
346.4098 	DATA 	Keypress: 1
346.4193 	EXP 	image_12: autoDraw = False
346.4193 	EXP 	image_13: autoDraw = True
347.2281 	DATA 	Keypress: 2
347.3237 	EXP 	Imported ../data/8015_task-switching-replication_2021_Nov_09_1105-timed-01-trials.csv as conditions, 24 conditions, 13 params
347.3241 	EXP 	Created sequence: sequential, trialTypes=24, nReps=1, seed=None
347.3246 	EXP 	New trial (rep=0, index=0): OrderedDict([('blockNum', 1), ('trialNum', 1), ('trialType', 'timed'), ('condition', 6), ('posture', 'standing'), ('switchTrialType', 'buffer'), ('congruantTrialType', 'buffer'), ('cueType', 'solid'), ('shapeType', 'triangle'), ('shapeColor', 'yellow'), ('cueFileName', 'stimuli/solid-rectangle.png'), ('stimuliFileName', 'stimuli/yellow-triangle.png'), ('correctAnswer', 2)])
347.3592 	EXP 	image_13: autoDraw = False
347.3592 	EXP 	cue_timed_image: image = 'stimuli/solid-rectangle.png'
347.3592 	EXP 	stimuli_timed_image: image = 'stimuli/yellow-triangle.png'
347.3592 	EXP 	cue_timed_image: autoDraw = True
348.3484 	EXP 	stimuli_timed_image: autoDraw = True
349.8815 	EXP 	Created sequence: sequential, trialTypes=1, nReps=0, seed=None
349.8819 	EXP 	Created sequence: sequential, trialTypes=1, nReps=1, seed=None
349.8822 	EXP 	New trial (rep=0, index=0): None
349.8843 	EXP 	Set sound_3 sound=A
349.8844 	EXP 	Sound sound_3 started
349.9199 	EXP 	cue_timed_image: autoDraw = False
349.9199 	EXP 	stimuli_timed_image: autoDraw = False
349.9199 	EXP 	image_14: autoDraw = True
350.8718 	EXP 	Sound sound_3 stopped
354.8927 	EXP 	Sound sound_3 stopped
354.8937 	EXP 	Created sequence: sequential, trialTypes=1, nReps=0, seed=None
354.8940 	EXP 	Created sequence: sequential, trialTypes=1, nReps=0, seed=None
354.9265 	EXP 	image_14: autoDraw = False
354.9265 	EXP 	text_2: autoDraw = True
355.0886 	EXP 	New trial (rep=0, index=1): OrderedDict([('blockNum', 1), ('trialNum', 2), ('trialType', 'timed'), ('condition', 6), ('posture', 'standing'), ('switchTrialType', 'switch'), ('congruantTrialType', 'incongruant'), ('cueType', 'dashed'), ('shapeType', 'square'), ('shapeColor', 'blue'), ('cueFileName', 'stimuli/dashed-rectangle.png'), ('stimuliFileName', 'stimuli/blue-square.png'), ('correctAnswer', 1)])
355.1233 	EXP 	text_2: autoDraw = False
355.1233 	EXP 	cue_timed_image: image = 'stimuli/dashed-rectangle.png'
355.1233 	EXP 	stimuli_timed_image: image = 'stimuli/blue-square.png'
355.1233 	EXP 	cue_timed_image: autoDraw = True
356.1112 	EXP 	stimuli_timed_image: autoDraw = True
356.3929 	EXP 	Created sequence: sequential, trialTypes=1, nReps=0, seed=None
356.3933 	EXP 	Created sequence: sequential, trialTypes=1, nReps=0, seed=None
356.3936 	EXP 	Created sequence: sequential, trialTypes=1, nReps=0, seed=None
356.3939 	EXP 	Created sequence: sequential, trialTypes=1, nReps=0, seed=None
356.4214 	DATA 	Keypress: 1
356.4267 	EXP 	cue_timed_image: autoDraw = False
356.4267 	EXP 	stimuli_timed_image: autoDraw = False
356.4267 	EXP 	text_2: autoDraw = True
356.6211 	EXP 	New trial (rep=0, index=2): OrderedDict([('blockNum', 1), ('trialNum', 3), ('trialType', 'timed'), ('condition', 6), ('posture', 'standing'), ('switchTrialType', 'switch'), ('congruantTrialType', 'incongruant'), ('cueType', 'solid'), ('shapeType', 'triangle'), ('shapeColor', 'blue'), ('cueFileName', 'stimuli/solid-rectangle.png'), ('stimuliFileName', 'stimuli/blue-triangle.png'), ('correctAnswer', 2)])
356.6557 	EXP 	text_2: autoDraw = False
356.6557 	EXP 	cue_timed_image: image = 'stimuli/solid-rectangle.png'
356.6557 	EXP 	stimuli_timed_image: image = 'stimuli/blue-triangle.png'
356.6557 	EXP 	cue_timed_image: autoDraw = True
357.6445 	EXP 	stimuli_timed_image: autoDraw = True
357.8414 	DATA 	Keypress: 1
357.9271 	EXP 	Created sequence: sequential, trialTypes=1, nReps=1, seed=None
357.9273 	EXP 	New trial (rep=0, index=0): None
357.9293 	EXP 	Set sound_1 sound=A
357.9294 	EXP 	Sound sound_1 started
357.9649 	EXP 	cue_timed_image: autoDraw = False
357.9649 	EXP 	stimuli_timed_image: autoDraw = False
357.9649 	EXP 	image_2: autoDraw = True
358.9169 	EXP 	Sound sound_1 stopped
360.9953 	DATA 	Keypress: escape
361.1108 	EXP 	window1: mouseVisible = True
