0.6379 	WARNING 	We strongly recommend you activate the PTB sound engine in PsychoPy prefs as the preferred audio engine. Its timing is vastly superior. Your prefs are currently set to use ['pygame', 'PTB', 'sounddevice', 'pyo'] (in that order).
14.5060 	EXP 	Created window1 = Window(allowGUI=False, allowStencil=False, autoLog=True, backendConf=UNKNOWN, bitsMode=UNKNOWN, blendMode='avg', bpc=(8, 8, 8), color=array([-1, -1, -1]), colorSpace='rgb', depthBits=8, fullscr=<method-wrapper '__getattribute__' of attributeSetter object at 0x7fd295a71bb0>, gamma=None, gammaErrorPolicy='raise', lms=UNKNOWN, monitor=<psychopy.monitors.calibTools.Monitor object at 0x7fd29401ff70>, multiSample=False, name='window1', numSamples=2, pos=[0.0, 0.0], screen=0, size=array([1920, 1080]), stencilBits=0, stereo=False, units='deg', useFBO=True, useRetina=False, viewOri=0.0, viewPos=None, viewScale=None, waitBlanking=True, winType='pyglet')
14.5062 	EXP 	window1: mouseVisible = True
14.5063 	EXP 	window1: recordFrameIntervals = False
14.6718 	EXP 	window1: recordFrameIntervals = True
14.8554 	EXP 	window1: recordFrameIntervals = False
14.9726 	EXP 	Created text_3 = TextStim(__class__=<class 'psychopy.visual.text.TextStim'>, alignHoriz=method-wrapper(...), alignText='center', alignVert=method-wrapper(...), anchorHoriz='center', anchorVert='center', antialias=True, autoLog=True, bold=False, color=array([1., 1., 1.]), colorSpace='rgb', contrast=1.0, depth=-1.0, flipHoriz=False, flipVert=False, font='Open Sans', fontFiles=[], height=1.0, italic=False, languageStyle='LTR', name='text_3', opacity=1, ori=0.0, pos=array([0., 0.]), rgb=UNKNOWN, text='', units='deg', win=Window(...), wrapWidth=30.0)
14.9972 	EXP 	Created image_4 = ImageStim(__class__=<class 'psychopy.visual.image.ImageStim'>, autoLog=True, color=array([1., 1., 1.]), colorSpace='rgb', contrast=1.0, depth=0.0, flipHoriz=False, flipVert=False, image='instructions/cond-03-untimed-01.png', interpolate=True, mask=None, maskParams=None, name='image_4', opacity=1, ori=0.0, pos=array([0., 0.]), size=array([53., 30.]), texRes=128.0, units='deg', win=Window(...))
15.0125 	EXP 	Created image_5 = ImageStim(__class__=<class 'psychopy.visual.image.ImageStim'>, autoLog=True, color=array([1., 1., 1.]), colorSpace='rgb', contrast=1.0, depth=0.0, flipHoriz=False, flipVert=False, image='instructions/cond-03-untimed-02.png', interpolate=True, mask=None, maskParams=None, name='image_5', opacity=1, ori=0.0, pos=array([0., 0.]), size=array([53., 30.]), texRes=128.0, units='deg', win=Window(...))
15.0291 	EXP 	Created image_6 = ImageStim(__class__=<class 'psychopy.visual.image.ImageStim'>, autoLog=True, color=array([1., 1., 1.]), colorSpace='rgb', contrast=1.0, depth=0.0, flipHoriz=False, flipVert=False, image='instructions/cond-03-untimed-03.png', interpolate=True, mask=None, maskParams=None, name='image_6', opacity=1, ori=0.0, pos=array([0., 0.]), size=array([53., 30.]), texRes=128.0, units='deg', win=Window(...))
15.0453 	EXP 	Created image_7 = ImageStim(__class__=<class 'psychopy.visual.image.ImageStim'>, autoLog=True, color=array([1., 1., 1.]), colorSpace='rgb', contrast=1.0, depth=0.0, flipHoriz=False, flipVert=False, image='instructions/cond-03-untimed-04.png', interpolate=True, mask=None, maskParams=None, name='image_7', opacity=1, ori=0.0, pos=array([0., 0.]), size=array([53., 30.]), texRes=128.0, units='deg', win=Window(...))
15.0605 	EXP 	Created image_8 = ImageStim(__class__=<class 'psychopy.visual.image.ImageStim'>, autoLog=True, color=array([1., 1., 1.]), colorSpace='rgb', contrast=1.0, depth=0.0, flipHoriz=False, flipVert=False, image='instructions/cond-03-untimed-05.png', interpolate=True, mask=None, maskParams=None, name='image_8', opacity=1, ori=0.0, pos=array([0., 0.]), size=array([53., 30.]), texRes=128.0, units='deg', win=Window(...))
15.0760 	EXP 	Created image_9 = ImageStim(__class__=<class 'psychopy.visual.image.ImageStim'>, autoLog=True, color=array([1., 1., 1.]), colorSpace='rgb', contrast=1.0, depth=0.0, flipHoriz=False, flipVert=False, image='instructions/cond-03-untimed-06.png', interpolate=True, mask=None, maskParams=None, name='image_9', opacity=1, ori=0.0, pos=array([0., 0.]), size=array([53., 30.]), texRes=128.0, units='deg', win=Window(...))
15.0915 	EXP 	Created image_10 = ImageStim(__class__=<class 'psychopy.visual.image.ImageStim'>, autoLog=True, color=array([1., 1., 1.]), colorSpace='rgb', contrast=1.0, depth=0.0, flipHoriz=False, flipVert=False, image='instructions/cond-03-untimed-07.png', interpolate=True, mask=None, maskParams=None, name='image_10', opacity=1, ori=0.0, pos=array([0., 0.]), size=array([53., 30.]), texRes=128.0, units='deg', win=Window(...))
15.1219 	EXP 	Created image_11 = ImageStim(__class__=<class 'psychopy.visual.image.ImageStim'>, autoLog=True, color=array([1., 1., 1.]), colorSpace='rgb', contrast=1.0, depth=0.0, flipHoriz=False, flipVert=False, image='instructions/cond-03-untimed-08.png', interpolate=True, mask=None, maskParams=None, name='image_11', opacity=1, ori=0.0, pos=array([0., 0.]), size=array([53., 30.]), texRes=128.0, units='deg', win=Window(...))
15.1270 	EXP 	Created cue_untimed_image = ImageStim(__class__=<class 'psychopy.visual.image.ImageStim'>, autoLog=True, color=array([1., 1., 1.]), colorSpace='rgb', contrast=1.0, depth=0.0, flipHoriz=False, flipVert=False, image='sin', interpolate=True, mask=None, maskParams=None, name='cue_untimed_image', opacity=1, ori=0.0, pos=array([0., 0.]), size=array([30., 30.]), texRes=128.0, units='cm', win=Window(...))
15.1316 	EXP 	Created stimuli_untimed_image = ImageStim(__class__=<class 'psychopy.visual.image.ImageStim'>, autoLog=True, color=array([1., 1., 1.]), colorSpace='rgb', contrast=1.0, depth=-1.0, flipHoriz=False, flipVert=False, image='sin', interpolate=True, mask=None, maskParams=None, name='stimuli_untimed_image', opacity=1, ori=0.0, pos=array([0., 0.]), size=array([15., 15.]), texRes=128.0, units='cm', win=Window(...))
15.1366 	WARNING 	Hamming was requested using the 'pygame' sound library but hamming is not supported there.
15.1382 	EXP 	Set sound_1 sound=A
15.1382 	EXP 	Set Sound sound_1 volume=1.000
15.1569 	EXP 	Created image_2 = ImageStim(__class__=<class 'psychopy.visual.image.ImageStim'>, autoLog=True, color=array([1., 1., 1.]), colorSpace='rgb', contrast=1.0, depth=-1.0, flipHoriz=False, flipVert=False, image=str(...), interpolate=True, mask=None, maskParams=None, name='image_2', opacity=1, ori=0.0, pos=array([0., 0.]), size=array([53., 30.]), texRes=128.0, units='deg', win=Window(...))
15.1569 	WARNING 	Hamming was requested using the 'pygame' sound library but hamming is not supported there.
15.1584 	EXP 	Set sound_2 sound=A
15.1584 	EXP 	Set Sound sound_2 volume=1.000
15.1755 	EXP 	Created image_3 = ImageStim(__class__=<class 'psychopy.visual.image.ImageStim'>, autoLog=True, color=array([1., 1., 1.]), colorSpace='rgb', contrast=1.0, depth=-1.0, flipHoriz=False, flipVert=False, image=str(...), interpolate=True, mask=None, maskParams=None, name='image_3', opacity=1, ori=0.0, pos=array([0., 0.]), size=array([53., 30.]), texRes=128.0, units='deg', win=Window(...))
15.1965 	EXP 	Created text_2 = TextStim(__class__=<class 'psychopy.visual.text.TextStim'>, alignHoriz=method-wrapper(...), alignText='center', alignVert=method-wrapper(...), anchorHoriz='center', anchorVert='center', antialias=True, autoLog=True, bold=False, color=array([1., 1., 1.]), colorSpace='rgb', contrast=1.0, depth=0.0, flipHoriz=False, flipVert=False, font='Open Sans', fontFiles=[], height=0.1, italic=False, languageStyle='LTR', name='text_2', opacity=1, ori=0.0, pos=array([0., 0.]), rgb=UNKNOWN, text='', units='deg', win=Window(...), wrapWidth=15.0)
15.2108 	EXP 	Created image_12 = ImageStim(__class__=<class 'psychopy.visual.image.ImageStim'>, autoLog=True, color=array([1., 1., 1.]), colorSpace='rgb', contrast=1.0, depth=0.0, flipHoriz=False, flipVert=False, image='instructions/cond-03-timed-01.png', interpolate=True, mask=None, maskParams=None, name='image_12', opacity=1, ori=0.0, pos=array([0., 0.]), size=array([53., 30.]), texRes=128.0, units='deg', win=Window(...))
15.2295 	EXP 	Created image_13 = ImageStim(__class__=<class 'psychopy.visual.image.ImageStim'>, autoLog=True, color=array([1., 1., 1.]), colorSpace='rgb', contrast=1.0, depth=0.0, flipHoriz=False, flipVert=False, image='instructions/cond-03-timed-02.png', interpolate=True, mask=None, maskParams=None, name='image_13', opacity=1, ori=0.0, pos=array([0., 0.]), size=array([53., 30.]), texRes=128.0, units='deg', win=Window(...))
15.2348 	EXP 	Created cue_timed_image = ImageStim(__class__=<class 'psychopy.visual.image.ImageStim'>, autoLog=True, color=array([1., 1., 1.]), colorSpace='rgb', contrast=1.0, depth=0.0, flipHoriz=False, flipVert=False, image='sin', interpolate=True, mask=None, maskParams=None, name='cue_timed_image', opacity=1, ori=0.0, pos=array([0., 0.]), size=array([25., 25.]), texRes=128.0, units='deg', win=Window(...))
15.2393 	EXP 	Created stimuli_timed_image = ImageStim(__class__=<class 'psychopy.visual.image.ImageStim'>, autoLog=True, color=array([1., 1., 1.]), colorSpace='rgb', contrast=1.0, depth=-1.0, flipHoriz=False, flipVert=False, image='sin', interpolate=True, mask=None, maskParams=None, name='stimuli_timed_image', opacity=1, ori=0.0, pos=array([0., 0.]), size=array([12., 12.]), texRes=128.0, units='deg', win=Window(...))
15.2396 	WARNING 	Hamming was requested using the 'pygame' sound library but hamming is not supported there.
15.2410 	EXP 	Set sound_1 sound=A
15.2411 	EXP 	Set Sound sound_1 volume=1.000
15.2568 	EXP 	Created image_2 = ImageStim(__class__=<class 'psychopy.visual.image.ImageStim'>, autoLog=True, color=array([1., 1., 1.]), colorSpace='rgb', contrast=1.0, depth=-1.0, flipHoriz=False, flipVert=False, image=str(...), interpolate=True, mask=None, maskParams=None, name='image_2', opacity=1, ori=0.0, pos=array([0., 0.]), size=array([53., 30.]), texRes=128.0, units='deg', win=Window(...))
15.2568 	WARNING 	Hamming was requested using the 'pygame' sound library but hamming is not supported there.
15.2583 	EXP 	Set sound_3 sound=A
15.2584 	EXP 	Set Sound sound_3 volume=1.000
15.2882 	EXP 	Created image_14 = ImageStim(__class__=<class 'psychopy.visual.image.ImageStim'>, autoLog=True, color=array([1., 1., 1.]), colorSpace='rgb', contrast=1.0, depth=-1.0, flipHoriz=False, flipVert=False, image='instructions/cond-03-error-solid-timeout.png', interpolate=True, mask=None, maskParams=None, name='image_14', opacity=1, ori=0.0, pos=array([0., 0.]), size=array([53., 30.]), texRes=128.0, units='deg', win=Window(...))
15.2883 	WARNING 	Hamming was requested using the 'pygame' sound library but hamming is not supported there.
15.2898 	EXP 	Set sound_2 sound=A
15.2898 	EXP 	Set Sound sound_2 volume=1.000
15.3068 	EXP 	Created image_3 = ImageStim(__class__=<class 'psychopy.visual.image.ImageStim'>, autoLog=True, color=array([1., 1., 1.]), colorSpace='rgb', contrast=1.0, depth=-1.0, flipHoriz=False, flipVert=False, image=str(...), interpolate=True, mask=None, maskParams=None, name='image_3', opacity=1, ori=0.0, pos=array([0., 0.]), size=array([53., 30.]), texRes=128.0, units='deg', win=Window(...))
15.3069 	WARNING 	Hamming was requested using the 'pygame' sound library but hamming is not supported there.
15.3084 	EXP 	Set sound_4 sound=A
15.3084 	EXP 	Set Sound sound_4 volume=1.000
15.3371 	EXP 	Created image_15 = ImageStim(__class__=<class 'psychopy.visual.image.ImageStim'>, autoLog=True, color=array([1., 1., 1.]), colorSpace='rgb', contrast=1.0, depth=-1.0, flipHoriz=False, flipVert=False, image='instructions/cond-03-error-dashed-timeout.png', interpolate=True, mask=None, maskParams=None, name='image_15', opacity=1, ori=0.0, pos=array([0., 0.]), size=array([53., 30.]), texRes=128.0, units='deg', win=Window(...))
15.3391 	EXP 	Created text_2 = TextStim(__class__=<class 'psychopy.visual.text.TextStim'>, alignHoriz=method-wrapper(...), alignText='center', alignVert=method-wrapper(...), anchorHoriz='center', anchorVert='center', antialias=True, autoLog=True, bold=False, color=array([1., 1., 1.]), colorSpace='rgb', contrast=1.0, depth=0.0, flipHoriz=False, flipVert=False, font='Open Sans', fontFiles=[], height=0.1, italic=False, languageStyle='LTR', name='text_2', opacity=1, ori=0.0, pos=array([0., 0.]), rgb=UNKNOWN, text='', units='deg', win=Window(...), wrapWidth=15.0)
15.3408 	EXP 	Created text_3 = TextStim(__class__=<class 'psychopy.visual.text.TextStim'>, alignHoriz=method-wrapper(...), alignText='center', alignVert=method-wrapper(...), anchorHoriz='center', anchorVert='center', antialias=True, autoLog=True, bold=False, color=array([1., 1., 1.]), colorSpace='rgb', contrast=1.0, depth=-1.0, flipHoriz=False, flipVert=False, font='Open Sans', fontFiles=[], height=1.0, italic=False, languageStyle='LTR', name='text_3', opacity=1, ori=0.0, pos=array([0., 0.]), rgb=UNKNOWN, text='', units='deg', win=Window(...), wrapWidth=30.0)
15.3600 	EXP 	Created image = ImageStim(__class__=<class 'psychopy.visual.image.ImageStim'>, autoLog=True, color=array([1., 1., 1.]), colorSpace='rgb', contrast=1.0, depth=0.0, flipHoriz=False, flipVert=False, image='instructions/cond-03-experiment-01.png', interpolate=True, mask=None, maskParams=None, name='image', opacity=1, ori=0.0, pos=array([0., 0.]), size=array([53., 30.]), texRes=128.0, units='deg', win=Window(...))
15.3621 	EXP 	Created text = TextStim(__class__=<class 'psychopy.visual.text.TextStim'>, alignHoriz=method-wrapper(...), alignText='center', alignVert=method-wrapper(...), anchorHoriz='center', anchorVert='center', antialias=True, autoLog=True, bold=False, color=array([1., 1., 1.]), colorSpace='rgb', contrast=1.0, depth=-1.0, flipHoriz=False, flipVert=False, font='Open Sans', fontFiles=[], height=1.0, italic=False, languageStyle='LTR', name='text', opacity=1, ori=0.0, pos=array([0., 0.]), rgb=UNKNOWN, text='', units='deg', win=Window(...), wrapWidth=30.0)
15.3669 	EXP 	Created cue_image = ImageStim(__class__=<class 'psychopy.visual.image.ImageStim'>, autoLog=True, color=array([1., 1., 1.]), colorSpace='rgb', contrast=1.0, depth=0.0, flipHoriz=False, flipVert=False, image='sin', interpolate=True, mask=None, maskParams=None, name='cue_image', opacity=1, ori=0.0, pos=array([0., 0.]), size=array([25., 25.]), texRes=128.0, units='deg', win=Window(...))
15.3712 	EXP 	Created stimuli_image = ImageStim(__class__=<class 'psychopy.visual.image.ImageStim'>, autoLog=True, color=array([1., 1., 1.]), colorSpace='rgb', contrast=1.0, depth=-1.0, flipHoriz=False, flipVert=False, image='sin', interpolate=True, mask=None, maskParams=None, name='stimuli_image', opacity=1, ori=0.0, pos=array([0., 0.]), size=array([12., 12.]), texRes=128.0, units='deg', win=Window(...))
15.3715 	WARNING 	Hamming was requested using the 'pygame' sound library but hamming is not supported there.
15.3729 	EXP 	Set sound_1 sound=A
15.3730 	EXP 	Set Sound sound_1 volume=1.000
15.3879 	EXP 	Created image_2 = ImageStim(__class__=<class 'psychopy.visual.image.ImageStim'>, autoLog=True, color=array([1., 1., 1.]), colorSpace='rgb', contrast=1.0, depth=-1.0, flipHoriz=False, flipVert=False, image=str(...), interpolate=True, mask=None, maskParams=None, name='image_2', opacity=1, ori=0.0, pos=array([0., 0.]), size=array([53., 30.]), texRes=128.0, units='deg', win=Window(...))
15.3880 	WARNING 	Hamming was requested using the 'pygame' sound library but hamming is not supported there.
15.3895 	EXP 	Set sound_3 sound=A
15.3895 	EXP 	Set Sound sound_3 volume=1.000
15.4184 	EXP 	Created image_14 = ImageStim(__class__=<class 'psychopy.visual.image.ImageStim'>, autoLog=True, color=array([1., 1., 1.]), colorSpace='rgb', contrast=1.0, depth=-1.0, flipHoriz=False, flipVert=False, image='instructions/cond-03-error-solid-timeout.png', interpolate=True, mask=None, maskParams=None, name='image_14', opacity=1, ori=0.0, pos=array([0., 0.]), size=array([53., 30.]), texRes=128.0, units='deg', win=Window(...))
15.4185 	WARNING 	Hamming was requested using the 'pygame' sound library but hamming is not supported there.
15.4200 	EXP 	Set sound_2 sound=A
15.4200 	EXP 	Set Sound sound_2 volume=1.000
15.4366 	EXP 	Created image_3 = ImageStim(__class__=<class 'psychopy.visual.image.ImageStim'>, autoLog=True, color=array([1., 1., 1.]), colorSpace='rgb', contrast=1.0, depth=-1.0, flipHoriz=False, flipVert=False, image=str(...), interpolate=True, mask=None, maskParams=None, name='image_3', opacity=1, ori=0.0, pos=array([0., 0.]), size=array([53., 30.]), texRes=128.0, units='deg', win=Window(...))
15.4367 	WARNING 	Hamming was requested using the 'pygame' sound library but hamming is not supported there.
15.4382 	EXP 	Set sound_4 sound=A
15.4382 	EXP 	Set Sound sound_4 volume=1.000
15.4660 	EXP 	Created image_15 = ImageStim(__class__=<class 'psychopy.visual.image.ImageStim'>, autoLog=True, color=array([1., 1., 1.]), colorSpace='rgb', contrast=1.0, depth=-1.0, flipHoriz=False, flipVert=False, image='instructions/cond-03-error-dashed-timeout.png', interpolate=True, mask=None, maskParams=None, name='image_15', opacity=1, ori=0.0, pos=array([0., 0.]), size=array([53., 30.]), texRes=128.0, units='deg', win=Window(...))
15.4681 	EXP 	Created text_2 = TextStim(__class__=<class 'psychopy.visual.text.TextStim'>, alignHoriz=method-wrapper(...), alignText='center', alignVert=method-wrapper(...), anchorHoriz='center', anchorVert='center', antialias=True, autoLog=True, bold=False, color=array([1., 1., 1.]), colorSpace='rgb', contrast=1.0, depth=0.0, flipHoriz=False, flipVert=False, font='Open Sans', fontFiles=[], height=0.1, italic=False, languageStyle='LTR', name='text_2', opacity=1, ori=0.0, pos=array([0., 0.]), rgb=UNKNOWN, text='', units='deg', win=Window(...), wrapWidth=15.0)
15.4697 	EXP 	Created text_4 = TextStim(__class__=<class 'psychopy.visual.text.TextStim'>, alignHoriz=method-wrapper(...), alignText='center', alignVert=method-wrapper(...), anchorHoriz='center', anchorVert='center', antialias=True, autoLog=True, bold=False, color=array([1., 1., 1.]), colorSpace='rgb', contrast=1.0, depth=-1.0, flipHoriz=False, flipVert=False, font='Open Sans', fontFiles=[], height=1.0, italic=False, languageStyle='LTR', name='text_4', opacity=1, ori=0.0, pos=array([0., 0.]), rgb=UNKNOWN, text='', units='deg', win=Window(...), wrapWidth=30.0)
15.5192 	EXP 	text_3: text = '\nYou will be performing this experiment in\ntwo separate postures.\n\nAt this time you should be in the\n`standing` posture\n\nPlease have the experimenter help you\nget yourself into position for this\nportion of the experiment. \n\nPress any button when you are ready to continue.\n'
15.5192 	EXP 	text_3: autoDraw = True
26.6872 	DATA 	Keypress: 1
26.6962 	EXP 	text_3: autoDraw = False
26.6962 	EXP 	image_4: autoDraw = True
39.5062 	DATA 	Keypress: 1
39.5875 	EXP 	image_4: autoDraw = False
39.5875 	EXP 	image_5: autoDraw = True
51.2258 	DATA 	Keypress: 1
51.2348 	EXP 	image_5: autoDraw = False
51.2348 	EXP 	image_6: autoDraw = True
59.6818 	DATA 	Keypress: 2
59.7632 	EXP 	image_6: autoDraw = False
59.7632 	EXP 	image_7: autoDraw = True
60.9517 	DATA 	Keypress: 1
61.0330 	EXP 	image_7: autoDraw = False
61.0330 	EXP 	image_8: autoDraw = True
64.9986 	DATA 	Keypress: 2
65.2840 	DATA 	Keypress: 1
65.3725 	EXP 	image_8: autoDraw = False
65.3725 	EXP 	image_9: autoDraw = True
66.0601 	DATA 	Keypress: 2
66.1487 	EXP 	image_9: autoDraw = False
66.1487 	EXP 	image_10: autoDraw = True
67.3613 	DATA 	Keypress: 1
67.3706 	EXP 	image_10: autoDraw = False
67.3706 	EXP 	image_11: autoDraw = True
86.1764 	EXP 	Imported ../data/8015_task-switching-replication_2021_Nov_09_1138-untimed-01-trials.csv as conditions, 12 conditions, 13 params
86.1769 	EXP 	Created sequence: sequential, trialTypes=12, nReps=1, seed=None
86.1774 	EXP 	New trial (rep=0, index=0): OrderedDict([('blockNum', 1), ('trialNum', 1), ('trialType', 'untimed'), ('condition', 3), ('posture', 'standing'), ('switchTrialType', 'buffer'), ('congruantTrialType', 'buffer'), ('cueType', 'solid'), ('shapeType', 'triangle'), ('shapeColor', 'blue'), ('cueFileName', 'stimuli/solid-rectangle.png'), ('stimuliFileName', 'stimuli/blue-triangle.png'), ('correctAnswer', 2)])
86.2058 	DATA 	Keypress: 1
86.2130 	EXP 	image_11: autoDraw = False
86.2130 	EXP 	cue_untimed_image: image = 'stimuli/solid-rectangle.png'
86.2130 	EXP 	stimuli_untimed_image: image = 'stimuli/blue-triangle.png'
86.2130 	EXP 	cue_untimed_image: autoDraw = True
87.2182 	EXP 	stimuli_untimed_image: autoDraw = True
87.5623 	EXP 	Created sequence: sequential, trialTypes=1, nReps=0, seed=None
87.5626 	EXP 	Created sequence: sequential, trialTypes=1, nReps=0, seed=None
87.5901 	DATA 	Keypress: 2
87.5955 	EXP 	cue_untimed_image: autoDraw = False
87.5955 	EXP 	stimuli_untimed_image: autoDraw = False
87.5955 	EXP 	text_2: autoDraw = True
87.7901 	EXP 	New trial (rep=0, index=1): OrderedDict([('blockNum', 1), ('trialNum', 2), ('trialType', 'untimed'), ('condition', 3), ('posture', 'standing'), ('switchTrialType', 'noswitch'), ('congruantTrialType', 'incongruant'), ('cueType', 'solid'), ('shapeType', 'triangle'), ('shapeColor', 'yellow'), ('cueFileName', 'stimuli/solid-rectangle.png'), ('stimuliFileName', 'stimuli/yellow-triangle.png'), ('correctAnswer', 1)])
87.8249 	EXP 	text_2: autoDraw = False
87.8249 	EXP 	cue_untimed_image: image = 'stimuli/solid-rectangle.png'
87.8249 	EXP 	stimuli_untimed_image: image = 'stimuli/yellow-triangle.png'
87.8249 	EXP 	cue_untimed_image: autoDraw = True
88.7944 	EXP 	stimuli_untimed_image: autoDraw = True
89.1718 	DATA 	Keypress: 2
89.2583 	EXP 	Created sequence: sequential, trialTypes=1, nReps=1, seed=None
89.2585 	EXP 	New trial (rep=0, index=0): None
89.2606 	EXP 	Set sound_1 sound=A
89.2607 	EXP 	Sound sound_1 started
89.2963 	EXP 	cue_untimed_image: autoDraw = False
89.2963 	EXP 	stimuli_untimed_image: autoDraw = False
89.2963 	EXP 	image_2: autoDraw = True
90.2797 	EXP 	Sound sound_1 stopped
94.2811 	EXP 	Sound sound_1 stopped
94.2820 	EXP 	Created sequence: sequential, trialTypes=1, nReps=0, seed=None
94.3145 	EXP 	image_2: autoDraw = False
94.3145 	EXP 	text_2: autoDraw = True
94.4765 	EXP 	New trial (rep=0, index=2): OrderedDict([('blockNum', 1), ('trialNum', 3), ('trialType', 'untimed'), ('condition', 3), ('posture', 'standing'), ('switchTrialType', 'switch'), ('congruantTrialType', 'incongruant'), ('cueType', 'dashed'), ('shapeType', 'square'), ('shapeColor', 'yellow'), ('cueFileName', 'stimuli/dashed-rectangle.png'), ('stimuliFileName', 'stimuli/yellow-square.png'), ('correctAnswer', 2)])
94.5116 	EXP 	text_2: autoDraw = False
94.5116 	EXP 	cue_untimed_image: image = 'stimuli/dashed-rectangle.png'
94.5116 	EXP 	stimuli_untimed_image: image = 'stimuli/yellow-square.png'
94.5116 	EXP 	cue_untimed_image: autoDraw = True
94.8087 	DATA 	Keypress: 1
95.4858 	EXP 	stimuli_untimed_image: autoDraw = True
95.8897 	EXP 	Created sequence: sequential, trialTypes=1, nReps=0, seed=None
95.8902 	EXP 	Created sequence: sequential, trialTypes=1, nReps=1, seed=None
95.8904 	EXP 	New trial (rep=0, index=0): None
95.8924 	EXP 	Set sound_2 sound=A
95.8925 	EXP 	Sound sound_2 started
95.9192 	DATA 	Keypress: 1
95.9282 	EXP 	cue_untimed_image: autoDraw = False
95.9282 	EXP 	stimuli_untimed_image: autoDraw = False
95.9282 	EXP 	image_3: autoDraw = True
96.9117 	EXP 	Sound sound_2 stopped
100.9115 	EXP 	Sound sound_2 stopped
100.9446 	EXP 	image_3: autoDraw = False
100.9446 	EXP 	text_2: autoDraw = True
101.1075 	EXP 	New trial (rep=0, index=3): OrderedDict([('blockNum', 1), ('trialNum', 4), ('trialType', 'untimed'), ('condition', 3), ('posture', 'standing'), ('switchTrialType', 'switch'), ('congruantTrialType', 'congruant'), ('cueType', 'solid'), ('shapeType', 'square'), ('shapeColor', 'blue'), ('cueFileName', 'stimuli/solid-rectangle.png'), ('stimuliFileName', 'stimuli/blue-square.png'), ('correctAnswer', 2)])
101.1428 	EXP 	text_2: autoDraw = False
101.1428 	EXP 	cue_untimed_image: image = 'stimuli/solid-rectangle.png'
101.1428 	EXP 	stimuli_untimed_image: image = 'stimuli/blue-square.png'
101.1428 	EXP 	cue_untimed_image: autoDraw = True
101.4412 	DATA 	Keypress: 2
102.1187 	EXP 	stimuli_untimed_image: autoDraw = True
102.3764 	DATA 	Keypress: 2
102.4628 	EXP 	Created sequence: sequential, trialTypes=1, nReps=0, seed=None
102.4632 	EXP 	Created sequence: sequential, trialTypes=1, nReps=0, seed=None
102.4957 	EXP 	cue_untimed_image: autoDraw = False
102.4957 	EXP 	stimuli_untimed_image: autoDraw = False
102.4957 	EXP 	text_2: autoDraw = True
102.6917 	EXP 	New trial (rep=0, index=4): OrderedDict([('blockNum', 1), ('trialNum', 5), ('trialType', 'untimed'), ('condition', 3), ('posture', 'standing'), ('switchTrialType', 'noswitch'), ('congruantTrialType', 'incongruant'), ('cueType', 'solid'), ('shapeType', 'triangle'), ('shapeColor', 'yellow'), ('cueFileName', 'stimuli/solid-rectangle.png'), ('stimuliFileName', 'stimuli/yellow-triangle.png'), ('correctAnswer', 1)])
102.7265 	EXP 	text_2: autoDraw = False
102.7265 	EXP 	cue_untimed_image: image = 'stimuli/solid-rectangle.png'
102.7265 	EXP 	stimuli_untimed_image: image = 'stimuli/yellow-triangle.png'
102.7265 	EXP 	cue_untimed_image: autoDraw = True
103.6967 	EXP 	stimuli_untimed_image: autoDraw = True
104.2203 	EXP 	Created sequence: sequential, trialTypes=1, nReps=1, seed=None
104.2205 	EXP 	New trial (rep=0, index=0): None
104.2226 	EXP 	Set sound_1 sound=A
104.2226 	EXP 	Sound sound_1 started
104.2490 	DATA 	Keypress: 2
104.2580 	EXP 	cue_untimed_image: autoDraw = False
104.2580 	EXP 	stimuli_untimed_image: autoDraw = False
104.2580 	EXP 	image_2: autoDraw = True
105.2411 	EXP 	Sound sound_1 stopped
109.2444 	EXP 	Sound sound_1 stopped
109.2454 	EXP 	Created sequence: sequential, trialTypes=1, nReps=0, seed=None
109.2778 	EXP 	image_2: autoDraw = False
109.2778 	EXP 	text_2: autoDraw = True
109.4399 	EXP 	New trial (rep=0, index=5): OrderedDict([('blockNum', 1), ('trialNum', 6), ('trialType', 'untimed'), ('condition', 3), ('posture', 'standing'), ('switchTrialType', 'switch'), ('congruantTrialType', 'incongruant'), ('cueType', 'dashed'), ('shapeType', 'square'), ('shapeColor', 'blue'), ('cueFileName', 'stimuli/dashed-rectangle.png'), ('stimuliFileName', 'stimuli/blue-square.png'), ('correctAnswer', 2)])
109.4751 	EXP 	text_2: autoDraw = False
109.4751 	EXP 	cue_untimed_image: image = 'stimuli/dashed-rectangle.png'
109.4751 	EXP 	stimuli_untimed_image: image = 'stimuli/blue-square.png'
109.4751 	EXP 	cue_untimed_image: autoDraw = True
110.4462 	EXP 	stimuli_untimed_image: autoDraw = True
112.5874 	EXP 	Created sequence: sequential, trialTypes=1, nReps=0, seed=None
112.5878 	EXP 	Created sequence: sequential, trialTypes=1, nReps=1, seed=None
112.5880 	EXP 	New trial (rep=0, index=0): None
112.5895 	EXP 	Set sound_2 sound=A
112.5896 	EXP 	Sound sound_2 started
112.6163 	DATA 	Keypress: 1
112.6254 	EXP 	cue_untimed_image: autoDraw = False
112.6254 	EXP 	stimuli_untimed_image: autoDraw = False
112.6254 	EXP 	image_3: autoDraw = True
113.6093 	EXP 	Sound sound_2 stopped
117.6120 	EXP 	Sound sound_2 stopped
117.6451 	EXP 	image_3: autoDraw = False
117.6451 	EXP 	text_2: autoDraw = True
117.8075 	EXP 	New trial (rep=0, index=6): OrderedDict([('blockNum', 1), ('trialNum', 7), ('trialType', 'untimed'), ('condition', 3), ('posture', 'standing'), ('switchTrialType', 'switch'), ('congruantTrialType', 'incongruant'), ('cueType', 'solid'), ('shapeType', 'square'), ('shapeColor', 'yellow'), ('cueFileName', 'stimuli/solid-rectangle.png'), ('stimuliFileName', 'stimuli/yellow-square.png'), ('correctAnswer', 1)])
117.8427 	EXP 	text_2: autoDraw = False
117.8427 	EXP 	cue_untimed_image: image = 'stimuli/solid-rectangle.png'
117.8427 	EXP 	stimuli_untimed_image: image = 'stimuli/yellow-square.png'
117.8427 	EXP 	cue_untimed_image: autoDraw = True
118.8132 	EXP 	stimuli_untimed_image: autoDraw = True
119.0973 	EXP 	Created sequence: sequential, trialTypes=1, nReps=1, seed=None
119.0976 	EXP 	New trial (rep=0, index=0): None
119.0999 	EXP 	Set sound_1 sound=A
119.1000 	EXP 	Sound sound_1 started
119.1266 	DATA 	Keypress: 2
119.1357 	EXP 	cue_untimed_image: autoDraw = False
119.1357 	EXP 	stimuli_untimed_image: autoDraw = False
119.1357 	EXP 	image_2: autoDraw = True
120.1193 	EXP 	Sound sound_1 stopped
124.1215 	EXP 	Sound sound_1 stopped
124.1225 	EXP 	Created sequence: sequential, trialTypes=1, nReps=0, seed=None
124.1549 	EXP 	image_2: autoDraw = False
124.1549 	EXP 	text_2: autoDraw = True
124.3171 	EXP 	New trial (rep=0, index=7): OrderedDict([('blockNum', 1), ('trialNum', 8), ('trialType', 'untimed'), ('condition', 3), ('posture', 'standing'), ('switchTrialType', 'noswitch'), ('congruantTrialType', 'congruant'), ('cueType', 'solid'), ('shapeType', 'square'), ('shapeColor', 'yellow'), ('cueFileName', 'stimuli/solid-rectangle.png'), ('stimuliFileName', 'stimuli/yellow-square.png'), ('correctAnswer', 1)])
124.3522 	EXP 	text_2: autoDraw = False
124.3522 	EXP 	cue_untimed_image: image = 'stimuli/solid-rectangle.png'
124.3522 	EXP 	stimuli_untimed_image: image = 'stimuli/yellow-square.png'
124.3522 	EXP 	cue_untimed_image: autoDraw = True
124.5836 	DATA 	Keypress: 1
125.3285 	EXP 	stimuli_untimed_image: autoDraw = True
125.8260 	DATA 	Keypress: 1
125.9124 	EXP 	Created sequence: sequential, trialTypes=1, nReps=0, seed=None
125.9128 	EXP 	Created sequence: sequential, trialTypes=1, nReps=0, seed=None
125.9453 	EXP 	cue_untimed_image: autoDraw = False
125.9453 	EXP 	stimuli_untimed_image: autoDraw = False
125.9453 	EXP 	text_2: autoDraw = True
126.1398 	EXP 	New trial (rep=0, index=8): OrderedDict([('blockNum', 1), ('trialNum', 9), ('trialType', 'untimed'), ('condition', 3), ('posture', 'standing'), ('switchTrialType', 'switch'), ('congruantTrialType', 'incongruant'), ('cueType', 'dashed'), ('shapeType', 'square'), ('shapeColor', 'blue'), ('cueFileName', 'stimuli/dashed-rectangle.png'), ('stimuliFileName', 'stimuli/blue-square.png'), ('correctAnswer', 2)])
126.1749 	EXP 	text_2: autoDraw = False
126.1749 	EXP 	cue_untimed_image: image = 'stimuli/dashed-rectangle.png'
126.1749 	EXP 	stimuli_untimed_image: image = 'stimuli/blue-square.png'
126.1749 	EXP 	cue_untimed_image: autoDraw = True
127.1456 	EXP 	stimuli_untimed_image: autoDraw = True
127.5495 	EXP 	Created sequence: sequential, trialTypes=1, nReps=0, seed=None
127.5499 	EXP 	Created sequence: sequential, trialTypes=1, nReps=1, seed=None
127.5501 	EXP 	New trial (rep=0, index=0): None
127.5521 	EXP 	Set sound_2 sound=A
127.5522 	EXP 	Sound sound_2 started
127.5786 	DATA 	Keypress: 1
127.5876 	EXP 	cue_untimed_image: autoDraw = False
127.5876 	EXP 	stimuli_untimed_image: autoDraw = False
127.5876 	EXP 	image_3: autoDraw = True
128.5379 	EXP 	Sound sound_2 stopped
132.1455 	DATA 	Keypress: 2
132.5769 	EXP 	Sound sound_2 stopped
132.6099 	EXP 	image_3: autoDraw = False
132.6099 	EXP 	text_2: autoDraw = True
132.7719 	EXP 	New trial (rep=0, index=9): OrderedDict([('blockNum', 1), ('trialNum', 10), ('trialType', 'untimed'), ('condition', 3), ('posture', 'standing'), ('switchTrialType', 'noswitch'), ('congruantTrialType', 'incongruant'), ('cueType', 'dashed'), ('shapeType', 'triangle'), ('shapeColor', 'blue'), ('cueFileName', 'stimuli/dashed-rectangle.png'), ('stimuliFileName', 'stimuli/blue-triangle.png'), ('correctAnswer', 1)])
132.8071 	EXP 	text_2: autoDraw = False
132.8071 	EXP 	cue_untimed_image: image = 'stimuli/dashed-rectangle.png'
132.8071 	EXP 	stimuli_untimed_image: image = 'stimuli/blue-triangle.png'
132.8071 	EXP 	cue_untimed_image: autoDraw = True
133.1343 	DATA 	Keypress: 2
133.7778 	EXP 	stimuli_untimed_image: autoDraw = True
134.3351 	DATA 	Keypress: 2
134.4213 	EXP 	Created sequence: sequential, trialTypes=1, nReps=0, seed=None
134.4218 	EXP 	Created sequence: sequential, trialTypes=1, nReps=1, seed=None
134.4220 	EXP 	New trial (rep=0, index=0): None
134.4239 	EXP 	Set sound_2 sound=A
134.4240 	EXP 	Sound sound_2 started
134.4594 	EXP 	cue_untimed_image: autoDraw = False
134.4594 	EXP 	stimuli_untimed_image: autoDraw = False
134.4594 	EXP 	image_3: autoDraw = True
135.4428 	EXP 	Sound sound_2 stopped
137.3301 	DATA 	Keypress: 2
139.4070 	DATA 	Keypress: 1
139.4517 	EXP 	Sound sound_2 stopped
139.4847 	EXP 	image_3: autoDraw = False
139.4847 	EXP 	text_2: autoDraw = True
139.6471 	EXP 	New trial (rep=0, index=10): OrderedDict([('blockNum', 1), ('trialNum', 11), ('trialType', 'untimed'), ('condition', 3), ('posture', 'standing'), ('switchTrialType', 'switch'), ('congruantTrialType', 'incongruant'), ('cueType', 'solid'), ('shapeType', 'square'), ('shapeColor', 'blue'), ('cueFileName', 'stimuli/solid-rectangle.png'), ('stimuliFileName', 'stimuli/blue-square.png'), ('correctAnswer', 2)])
139.6822 	EXP 	text_2: autoDraw = False
139.6822 	EXP 	cue_untimed_image: image = 'stimuli/solid-rectangle.png'
139.6822 	EXP 	stimuli_untimed_image: image = 'stimuli/blue-square.png'
139.6822 	EXP 	cue_untimed_image: autoDraw = True
140.6525 	EXP 	stimuli_untimed_image: autoDraw = True
141.2957 	EXP 	Created sequence: sequential, trialTypes=1, nReps=1, seed=None
141.2959 	EXP 	New trial (rep=0, index=0): None
141.2980 	EXP 	Set sound_1 sound=A
141.2981 	EXP 	Sound sound_1 started
141.3245 	DATA 	Keypress: 1
141.3335 	EXP 	cue_untimed_image: autoDraw = False
141.3335 	EXP 	stimuli_untimed_image: autoDraw = False
141.3335 	EXP 	image_2: autoDraw = True
142.2830 	EXP 	Sound sound_1 stopped
143.1895 	DATA 	Keypress: 2
144.7369 	DATA 	Keypress: 2
146.3262 	EXP 	Sound sound_1 stopped
146.3272 	EXP 	Created sequence: sequential, trialTypes=1, nReps=0, seed=None
146.3596 	EXP 	image_2: autoDraw = False
146.3596 	EXP 	text_2: autoDraw = True
146.5217 	EXP 	New trial (rep=0, index=11): OrderedDict([('blockNum', 1), ('trialNum', 12), ('trialType', 'untimed'), ('condition', 3), ('posture', 'standing'), ('switchTrialType', 'switch'), ('congruantTrialType', 'incongruant'), ('cueType', 'dashed'), ('shapeType', 'triangle'), ('shapeColor', 'yellow'), ('cueFileName', 'stimuli/dashed-rectangle.png'), ('stimuliFileName', 'stimuli/yellow-triangle.png'), ('correctAnswer', 1)])
146.5567 	EXP 	text_2: autoDraw = False
146.5567 	EXP 	cue_untimed_image: image = 'stimuli/dashed-rectangle.png'
146.5567 	EXP 	stimuli_untimed_image: image = 'stimuli/yellow-triangle.png'
146.5567 	EXP 	cue_untimed_image: autoDraw = True
146.8511 	DATA 	Keypress: 2
147.5274 	EXP 	stimuli_untimed_image: autoDraw = True
147.8451 	DATA 	Keypress: 2
147.9314 	EXP 	Created sequence: sequential, trialTypes=1, nReps=0, seed=None
147.9318 	EXP 	Created sequence: sequential, trialTypes=1, nReps=1, seed=None
147.9321 	EXP 	New trial (rep=0, index=0): None
147.9341 	EXP 	Set sound_2 sound=A
147.9342 	EXP 	Sound sound_2 started
147.9695 	EXP 	cue_untimed_image: autoDraw = False
147.9695 	EXP 	stimuli_untimed_image: autoDraw = False
147.9695 	EXP 	image_3: autoDraw = True
148.9190 	EXP 	Sound sound_2 stopped
152.9621 	EXP 	Sound sound_2 stopped
152.9952 	EXP 	image_3: autoDraw = False
152.9952 	EXP 	text_2: autoDraw = True
153.1930 	EXP 	text_2: autoDraw = False
153.1930 	EXP 	image_12: autoDraw = True
162.0171 	DATA 	Keypress: 1
162.1128 	EXP 	image_12: autoDraw = False
162.1128 	EXP 	image_13: autoDraw = True
166.6620 	EXP 	Imported ../data/8015_task-switching-replication_2021_Nov_09_1138-timed-01-trials.csv as conditions, 24 conditions, 13 params
166.6624 	EXP 	Created sequence: sequential, trialTypes=24, nReps=1, seed=None
166.6629 	EXP 	New trial (rep=0, index=0): OrderedDict([('blockNum', 1), ('trialNum', 1), ('trialType', 'timed'), ('condition', 3), ('posture', 'standing'), ('switchTrialType', 'buffer'), ('congruantTrialType', 'buffer'), ('cueType', 'solid'), ('shapeType', 'square'), ('shapeColor', 'yellow'), ('cueFileName', 'stimuli/solid-rectangle.png'), ('stimuliFileName', 'stimuli/yellow-square.png'), ('correctAnswer', 1)])
166.6913 	DATA 	Keypress: 1
166.6979 	EXP 	image_13: autoDraw = False
166.6979 	EXP 	cue_timed_image: image = 'stimuli/solid-rectangle.png'
166.6979 	EXP 	stimuli_timed_image: image = 'stimuli/yellow-square.png'
166.6979 	EXP 	cue_timed_image: autoDraw = True
167.6865 	EXP 	stimuli_timed_image: autoDraw = True
169.2203 	EXP 	Created sequence: sequential, trialTypes=1, nReps=0, seed=None
169.2207 	EXP 	Created sequence: sequential, trialTypes=1, nReps=1, seed=None
169.2210 	EXP 	New trial (rep=0, index=0): None
169.2231 	EXP 	Set sound_3 sound=A
169.2232 	EXP 	Sound sound_3 started
169.2587 	EXP 	cue_timed_image: autoDraw = False
169.2587 	EXP 	stimuli_timed_image: autoDraw = False
169.2587 	EXP 	image_14: autoDraw = True
170.2112 	EXP 	Sound sound_3 stopped
174.2316 	EXP 	Sound sound_3 stopped
174.2326 	EXP 	Created sequence: sequential, trialTypes=1, nReps=0, seed=None
174.2329 	EXP 	Created sequence: sequential, trialTypes=1, nReps=0, seed=None
174.2653 	EXP 	image_14: autoDraw = False
174.2653 	EXP 	text_2: autoDraw = True
174.4273 	EXP 	New trial (rep=0, index=1): OrderedDict([('blockNum', 1), ('trialNum', 2), ('trialType', 'timed'), ('condition', 3), ('posture', 'standing'), ('switchTrialType', 'switch'), ('congruantTrialType', 'incongruant'), ('cueType', 'dashed'), ('shapeType', 'square'), ('shapeColor', 'yellow'), ('cueFileName', 'stimuli/dashed-rectangle.png'), ('stimuliFileName', 'stimuli/yellow-square.png'), ('correctAnswer', 2)])
174.4619 	EXP 	text_2: autoDraw = False
174.4619 	EXP 	cue_timed_image: image = 'stimuli/dashed-rectangle.png'
174.4619 	EXP 	stimuli_timed_image: image = 'stimuli/yellow-square.png'
174.4619 	EXP 	cue_timed_image: autoDraw = True
175.4496 	EXP 	stimuli_timed_image: autoDraw = True
175.5277 	DATA 	Keypress: 1
175.7652 	DATA 	Keypress: 1
175.8509 	EXP 	Created sequence: sequential, trialTypes=1, nReps=0, seed=None
175.8514 	EXP 	Created sequence: sequential, trialTypes=1, nReps=0, seed=None
175.8518 	EXP 	Created sequence: sequential, trialTypes=1, nReps=1, seed=None
175.8520 	EXP 	New trial (rep=0, index=0): None
175.8541 	EXP 	Set sound_2 sound=A
175.8542 	EXP 	Sound sound_2 started
175.8895 	EXP 	cue_timed_image: autoDraw = False
175.8895 	EXP 	stimuli_timed_image: autoDraw = False
175.8895 	EXP 	image_3: autoDraw = True
176.8382 	EXP 	Sound sound_2 stopped
180.8753 	EXP 	Sound sound_2 stopped
180.8763 	EXP 	Created sequence: sequential, trialTypes=1, nReps=0, seed=None
180.9088 	EXP 	image_3: autoDraw = False
180.9088 	EXP 	text_2: autoDraw = True
181.0711 	EXP 	New trial (rep=0, index=2): OrderedDict([('blockNum', 1), ('trialNum', 3), ('trialType', 'timed'), ('condition', 3), ('posture', 'standing'), ('switchTrialType', 'switch'), ('congruantTrialType', 'incongruant'), ('cueType', 'solid'), ('shapeType', 'triangle'), ('shapeColor', 'yellow'), ('cueFileName', 'stimuli/solid-rectangle.png'), ('stimuliFileName', 'stimuli/yellow-triangle.png'), ('correctAnswer', 1)])
181.1055 	EXP 	text_2: autoDraw = False
181.1055 	EXP 	cue_timed_image: image = 'stimuli/solid-rectangle.png'
181.1055 	EXP 	stimuli_timed_image: image = 'stimuli/yellow-triangle.png'
181.1055 	EXP 	cue_timed_image: autoDraw = True
182.0929 	EXP 	stimuli_timed_image: autoDraw = True
182.4695 	DATA 	Keypress: 2
182.5547 	EXP 	Created sequence: sequential, trialTypes=1, nReps=1, seed=None
182.5550 	EXP 	New trial (rep=0, index=0): None
182.5565 	EXP 	Set sound_1 sound=A
182.5566 	EXP 	Sound sound_1 started
182.5919 	EXP 	cue_timed_image: autoDraw = False
182.5919 	EXP 	stimuli_timed_image: autoDraw = False
182.5919 	EXP 	image_2: autoDraw = True
183.5751 	EXP 	Sound sound_1 stopped
187.5786 	EXP 	Sound sound_1 stopped
187.5795 	EXP 	Created sequence: sequential, trialTypes=1, nReps=0, seed=None
187.5798 	EXP 	Created sequence: sequential, trialTypes=1, nReps=0, seed=None
187.5801 	EXP 	Created sequence: sequential, trialTypes=1, nReps=0, seed=None
187.6125 	EXP 	image_2: autoDraw = False
187.6125 	EXP 	text_2: autoDraw = True
187.7744 	EXP 	New trial (rep=0, index=3): OrderedDict([('blockNum', 1), ('trialNum', 4), ('trialType', 'timed'), ('condition', 3), ('posture', 'standing'), ('switchTrialType', 'noswitch'), ('congruantTrialType', 'incongruant'), ('cueType', 'solid'), ('shapeType', 'triangle'), ('shapeColor', 'blue'), ('cueFileName', 'stimuli/solid-rectangle.png'), ('stimuliFileName', 'stimuli/blue-triangle.png'), ('correctAnswer', 2)])
187.8090 	EXP 	text_2: autoDraw = False
187.8090 	EXP 	cue_timed_image: image = 'stimuli/solid-rectangle.png'
187.8090 	EXP 	stimuli_timed_image: image = 'stimuli/blue-triangle.png'
187.8090 	EXP 	cue_timed_image: autoDraw = True
188.7960 	EXP 	stimuli_timed_image: autoDraw = True
190.3278 	EXP 	Created sequence: sequential, trialTypes=1, nReps=0, seed=None
190.3283 	EXP 	Created sequence: sequential, trialTypes=1, nReps=1, seed=None
190.3286 	EXP 	New trial (rep=0, index=0): None
190.3307 	EXP 	Set sound_3 sound=A
190.3308 	EXP 	Sound sound_3 started
190.3662 	EXP 	cue_timed_image: autoDraw = False
190.3662 	EXP 	stimuli_timed_image: autoDraw = False
190.3662 	EXP 	image_14: autoDraw = True
191.3187 	EXP 	Sound sound_3 stopped
194.5589 	DATA 	Keypress: escape
194.7113 	EXP 	window1: mouseVisible = True
