0.6415 	WARNING 	We strongly recommend you activate the PTB sound engine in PsychoPy prefs as the preferred audio engine. Its timing is vastly superior. Your prefs are currently set to use ['pygame', 'PTB', 'sounddevice', 'pyo'] (in that order).
12.0090 	EXP 	Created window1 = Window(allowGUI=False, allowStencil=False, autoLog=True, backendConf=UNKNOWN, bitsMode=UNKNOWN, blendMode='avg', bpc=(8, 8, 8), color=array([-1, -1, -1]), colorSpace='rgb', depthBits=8, fullscr=<method-wrapper '__getattribute__' of attributeSetter object at 0x7fca73ea4fd0>, gamma=None, gammaErrorPolicy='raise', lms=UNKNOWN, monitor=<psychopy.monitors.calibTools.Monitor object at 0x7fca73d483d0>, multiSample=False, name='window1', numSamples=2, pos=[0.0, 0.0], screen=0, size=array([1920, 1080]), stencilBits=0, stereo=False, units='deg', useFBO=True, useRetina=False, viewOri=0.0, viewPos=None, viewScale=None, waitBlanking=True, winType='pyglet')
12.0092 	EXP 	window1: mouseVisible = True
12.0092 	EXP 	window1: recordFrameIntervals = False
12.1749 	EXP 	window1: recordFrameIntervals = True
12.3585 	EXP 	window1: recordFrameIntervals = False
12.4775 	EXP 	Created text_3 = TextStim(__class__=<class 'psychopy.visual.text.TextStim'>, alignHoriz=method-wrapper(...), alignText='center', alignVert=method-wrapper(...), anchorHoriz='center', anchorVert='center', antialias=True, autoLog=True, bold=False, color=array([1., 1., 1.]), colorSpace='rgb', contrast=1.0, depth=-1.0, flipHoriz=False, flipVert=False, font='Open Sans', fontFiles=[], height=1.0, italic=False, languageStyle='LTR', name='text_3', opacity=1, ori=0.0, pos=array([0., 0.]), rgb=UNKNOWN, text='', units='deg', win=Window(...), wrapWidth=30.0)
12.5192 	EXP 	Created image_4 = ImageStim(__class__=<class 'psychopy.visual.image.ImageStim'>, autoLog=True, color=array([1., 1., 1.]), colorSpace='rgb', contrast=1.0, depth=0.0, flipHoriz=False, flipVert=False, image='instructions/cond-03-untimed-01.png', interpolate=True, mask=None, maskParams=None, name='image_4', opacity=1, ori=0.0, pos=array([0., 0.]), size=array([53., 30.]), texRes=128.0, units='deg', win=Window(...))
12.5560 	EXP 	Created image_5 = ImageStim(__class__=<class 'psychopy.visual.image.ImageStim'>, autoLog=True, color=array([1., 1., 1.]), colorSpace='rgb', contrast=1.0, depth=0.0, flipHoriz=False, flipVert=False, image='instructions/cond-03-untimed-02.png', interpolate=True, mask=None, maskParams=None, name='image_5', opacity=1, ori=0.0, pos=array([0., 0.]), size=array([53., 30.]), texRes=128.0, units='deg', win=Window(...))
12.5806 	EXP 	Created image_6 = ImageStim(__class__=<class 'psychopy.visual.image.ImageStim'>, autoLog=True, color=array([1., 1., 1.]), colorSpace='rgb', contrast=1.0, depth=0.0, flipHoriz=False, flipVert=False, image='instructions/cond-03-untimed-03.png', interpolate=True, mask=None, maskParams=None, name='image_6', opacity=1, ori=0.0, pos=array([0., 0.]), size=array([53., 30.]), texRes=128.0, units='deg', win=Window(...))
12.5976 	EXP 	Created image_7 = ImageStim(__class__=<class 'psychopy.visual.image.ImageStim'>, autoLog=True, color=array([1., 1., 1.]), colorSpace='rgb', contrast=1.0, depth=0.0, flipHoriz=False, flipVert=False, image='instructions/cond-03-untimed-04.png', interpolate=True, mask=None, maskParams=None, name='image_7', opacity=1, ori=0.0, pos=array([0., 0.]), size=array([53., 30.]), texRes=128.0, units='deg', win=Window(...))
12.6130 	EXP 	Created image_8 = ImageStim(__class__=<class 'psychopy.visual.image.ImageStim'>, autoLog=True, color=array([1., 1., 1.]), colorSpace='rgb', contrast=1.0, depth=0.0, flipHoriz=False, flipVert=False, image='instructions/cond-03-untimed-05.png', interpolate=True, mask=None, maskParams=None, name='image_8', opacity=1, ori=0.0, pos=array([0., 0.]), size=array([53., 30.]), texRes=128.0, units='deg', win=Window(...))
12.6291 	EXP 	Created image_9 = ImageStim(__class__=<class 'psychopy.visual.image.ImageStim'>, autoLog=True, color=array([1., 1., 1.]), colorSpace='rgb', contrast=1.0, depth=0.0, flipHoriz=False, flipVert=False, image='instructions/cond-03-untimed-06.png', interpolate=True, mask=None, maskParams=None, name='image_9', opacity=1, ori=0.0, pos=array([0., 0.]), size=array([53., 30.]), texRes=128.0, units='deg', win=Window(...))
12.6448 	EXP 	Created image_10 = ImageStim(__class__=<class 'psychopy.visual.image.ImageStim'>, autoLog=True, color=array([1., 1., 1.]), colorSpace='rgb', contrast=1.0, depth=0.0, flipHoriz=False, flipVert=False, image='instructions/cond-03-untimed-07.png', interpolate=True, mask=None, maskParams=None, name='image_10', opacity=1, ori=0.0, pos=array([0., 0.]), size=array([53., 30.]), texRes=128.0, units='deg', win=Window(...))
12.6837 	EXP 	Created image_11 = ImageStim(__class__=<class 'psychopy.visual.image.ImageStim'>, autoLog=True, color=array([1., 1., 1.]), colorSpace='rgb', contrast=1.0, depth=0.0, flipHoriz=False, flipVert=False, image='instructions/cond-03-untimed-08.png', interpolate=True, mask=None, maskParams=None, name='image_11', opacity=1, ori=0.0, pos=array([0., 0.]), size=array([53., 30.]), texRes=128.0, units='deg', win=Window(...))
12.6896 	EXP 	Created cue_untimed_image = ImageStim(__class__=<class 'psychopy.visual.image.ImageStim'>, autoLog=True, color=array([1., 1., 1.]), colorSpace='rgb', contrast=1.0, depth=0.0, flipHoriz=False, flipVert=False, image='sin', interpolate=True, mask=None, maskParams=None, name='cue_untimed_image', opacity=1, ori=0.0, pos=array([0., 0.]), size=array([30., 30.]), texRes=128.0, units='cm', win=Window(...))
12.6947 	EXP 	Created stimuli_untimed_image = ImageStim(__class__=<class 'psychopy.visual.image.ImageStim'>, autoLog=True, color=array([1., 1., 1.]), colorSpace='rgb', contrast=1.0, depth=-1.0, flipHoriz=False, flipVert=False, image='sin', interpolate=True, mask=None, maskParams=None, name='stimuli_untimed_image', opacity=1, ori=0.0, pos=array([0., 0.]), size=array([15., 15.]), texRes=128.0, units='cm', win=Window(...))
12.6994 	WARNING 	Hamming was requested using the 'pygame' sound library but hamming is not supported there.
12.7010 	EXP 	Set sound_1 sound=A
12.7010 	EXP 	Set Sound sound_1 volume=1.000
12.7168 	EXP 	Created image_2 = ImageStim(__class__=<class 'psychopy.visual.image.ImageStim'>, autoLog=True, color=array([1., 1., 1.]), colorSpace='rgb', contrast=1.0, depth=-1.0, flipHoriz=False, flipVert=False, image=str(...), interpolate=True, mask=None, maskParams=None, name='image_2', opacity=1, ori=0.0, pos=array([0., 0.]), size=array([53., 30.]), texRes=128.0, units='deg', win=Window(...))
12.7168 	WARNING 	Hamming was requested using the 'pygame' sound library but hamming is not supported there.
12.7183 	EXP 	Set sound_2 sound=A
12.7183 	EXP 	Set Sound sound_2 volume=1.000
12.7355 	EXP 	Created image_3 = ImageStim(__class__=<class 'psychopy.visual.image.ImageStim'>, autoLog=True, color=array([1., 1., 1.]), colorSpace='rgb', contrast=1.0, depth=-1.0, flipHoriz=False, flipVert=False, image=str(...), interpolate=True, mask=None, maskParams=None, name='image_3', opacity=1, ori=0.0, pos=array([0., 0.]), size=array([53., 30.]), texRes=128.0, units='deg', win=Window(...))
12.7563 	EXP 	Created text_2 = TextStim(__class__=<class 'psychopy.visual.text.TextStim'>, alignHoriz=method-wrapper(...), alignText='center', alignVert=method-wrapper(...), anchorHoriz='center', anchorVert='center', antialias=True, autoLog=True, bold=False, color=array([1., 1., 1.]), colorSpace='rgb', contrast=1.0, depth=0.0, flipHoriz=False, flipVert=False, font='Open Sans', fontFiles=[], height=0.1, italic=False, languageStyle='LTR', name='text_2', opacity=1, ori=0.0, pos=array([0., 0.]), rgb=UNKNOWN, text='', units='deg', win=Window(...), wrapWidth=15.0)
12.7754 	EXP 	Created image_12 = ImageStim(__class__=<class 'psychopy.visual.image.ImageStim'>, autoLog=True, color=array([1., 1., 1.]), colorSpace='rgb', contrast=1.0, depth=0.0, flipHoriz=False, flipVert=False, image='instructions/cond-03-timed-01.png', interpolate=True, mask=None, maskParams=None, name='image_12', opacity=1, ori=0.0, pos=array([0., 0.]), size=array([53., 30.]), texRes=128.0, units='deg', win=Window(...))
12.7945 	EXP 	Created image_13 = ImageStim(__class__=<class 'psychopy.visual.image.ImageStim'>, autoLog=True, color=array([1., 1., 1.]), colorSpace='rgb', contrast=1.0, depth=0.0, flipHoriz=False, flipVert=False, image='instructions/cond-03-timed-02.png', interpolate=True, mask=None, maskParams=None, name='image_13', opacity=1, ori=0.0, pos=array([0., 0.]), size=array([53., 30.]), texRes=128.0, units='deg', win=Window(...))
12.7998 	EXP 	Created cue_timed_image = ImageStim(__class__=<class 'psychopy.visual.image.ImageStim'>, autoLog=True, color=array([1., 1., 1.]), colorSpace='rgb', contrast=1.0, depth=0.0, flipHoriz=False, flipVert=False, image='sin', interpolate=True, mask=None, maskParams=None, name='cue_timed_image', opacity=1, ori=0.0, pos=array([0., 0.]), size=array([25., 25.]), texRes=128.0, units='deg', win=Window(...))
12.8044 	EXP 	Created stimuli_timed_image = ImageStim(__class__=<class 'psychopy.visual.image.ImageStim'>, autoLog=True, color=array([1., 1., 1.]), colorSpace='rgb', contrast=1.0, depth=-1.0, flipHoriz=False, flipVert=False, image='sin', interpolate=True, mask=None, maskParams=None, name='stimuli_timed_image', opacity=1, ori=0.0, pos=array([0., 0.]), size=array([12., 12.]), texRes=128.0, units='deg', win=Window(...))
12.8046 	WARNING 	Hamming was requested using the 'pygame' sound library but hamming is not supported there.
12.8061 	EXP 	Set sound_1 sound=A
12.8061 	EXP 	Set Sound sound_1 volume=1.000
12.8216 	EXP 	Created image_2 = ImageStim(__class__=<class 'psychopy.visual.image.ImageStim'>, autoLog=True, color=array([1., 1., 1.]), colorSpace='rgb', contrast=1.0, depth=-1.0, flipHoriz=False, flipVert=False, image=str(...), interpolate=True, mask=None, maskParams=None, name='image_2', opacity=1, ori=0.0, pos=array([0., 0.]), size=array([53., 30.]), texRes=128.0, units='deg', win=Window(...))
12.8217 	WARNING 	Hamming was requested using the 'pygame' sound library but hamming is not supported there.
12.8231 	EXP 	Set sound_3 sound=A
12.8231 	EXP 	Set Sound sound_3 volume=1.000
12.8530 	EXP 	Created image_14 = ImageStim(__class__=<class 'psychopy.visual.image.ImageStim'>, autoLog=True, color=array([1., 1., 1.]), colorSpace='rgb', contrast=1.0, depth=-1.0, flipHoriz=False, flipVert=False, image='instructions/cond-03-error-solid-timeout.png', interpolate=True, mask=None, maskParams=None, name='image_14', opacity=1, ori=0.0, pos=array([0., 0.]), size=array([53., 30.]), texRes=128.0, units='deg', win=Window(...))
12.8531 	WARNING 	Hamming was requested using the 'pygame' sound library but hamming is not supported there.
12.8546 	EXP 	Set sound_2 sound=A
12.8546 	EXP 	Set Sound sound_2 volume=1.000
12.8714 	EXP 	Created image_3 = ImageStim(__class__=<class 'psychopy.visual.image.ImageStim'>, autoLog=True, color=array([1., 1., 1.]), colorSpace='rgb', contrast=1.0, depth=-1.0, flipHoriz=False, flipVert=False, image=str(...), interpolate=True, mask=None, maskParams=None, name='image_3', opacity=1, ori=0.0, pos=array([0., 0.]), size=array([53., 30.]), texRes=128.0, units='deg', win=Window(...))
12.8715 	WARNING 	Hamming was requested using the 'pygame' sound library but hamming is not supported there.
12.8730 	EXP 	Set sound_4 sound=A
12.8730 	EXP 	Set Sound sound_4 volume=1.000
12.9018 	EXP 	Created image_15 = ImageStim(__class__=<class 'psychopy.visual.image.ImageStim'>, autoLog=True, color=array([1., 1., 1.]), colorSpace='rgb', contrast=1.0, depth=-1.0, flipHoriz=False, flipVert=False, image='instructions/cond-03-error-dashed-timeout.png', interpolate=True, mask=None, maskParams=None, name='image_15', opacity=1, ori=0.0, pos=array([0., 0.]), size=array([53., 30.]), texRes=128.0, units='deg', win=Window(...))
12.9038 	EXP 	Created text_2 = TextStim(__class__=<class 'psychopy.visual.text.TextStim'>, alignHoriz=method-wrapper(...), alignText='center', alignVert=method-wrapper(...), anchorHoriz='center', anchorVert='center', antialias=True, autoLog=True, bold=False, color=array([1., 1., 1.]), colorSpace='rgb', contrast=1.0, depth=0.0, flipHoriz=False, flipVert=False, font='Open Sans', fontFiles=[], height=0.1, italic=False, languageStyle='LTR', name='text_2', opacity=1, ori=0.0, pos=array([0., 0.]), rgb=UNKNOWN, text='', units='deg', win=Window(...), wrapWidth=15.0)
12.9055 	EXP 	Created text_3 = TextStim(__class__=<class 'psychopy.visual.text.TextStim'>, alignHoriz=method-wrapper(...), alignText='center', alignVert=method-wrapper(...), anchorHoriz='center', anchorVert='center', antialias=True, autoLog=True, bold=False, color=array([1., 1., 1.]), colorSpace='rgb', contrast=1.0, depth=-1.0, flipHoriz=False, flipVert=False, font='Open Sans', fontFiles=[], height=1.0, italic=False, languageStyle='LTR', name='text_3', opacity=1, ori=0.0, pos=array([0., 0.]), rgb=UNKNOWN, text='', units='deg', win=Window(...), wrapWidth=30.0)
12.9248 	EXP 	Created image = ImageStim(__class__=<class 'psychopy.visual.image.ImageStim'>, autoLog=True, color=array([1., 1., 1.]), colorSpace='rgb', contrast=1.0, depth=0.0, flipHoriz=False, flipVert=False, image='instructions/cond-03-experiment-01.png', interpolate=True, mask=None, maskParams=None, name='image', opacity=1, ori=0.0, pos=array([0., 0.]), size=array([53., 30.]), texRes=128.0, units='deg', win=Window(...))
12.9269 	EXP 	Created text = TextStim(__class__=<class 'psychopy.visual.text.TextStim'>, alignHoriz=method-wrapper(...), alignText='center', alignVert=method-wrapper(...), anchorHoriz='center', anchorVert='center', antialias=True, autoLog=True, bold=False, color=array([1., 1., 1.]), colorSpace='rgb', contrast=1.0, depth=-1.0, flipHoriz=False, flipVert=False, font='Open Sans', fontFiles=[], height=1.0, italic=False, languageStyle='LTR', name='text', opacity=1, ori=0.0, pos=array([0., 0.]), rgb=UNKNOWN, text='', units='deg', win=Window(...), wrapWidth=30.0)
12.9319 	EXP 	Created cue_image = ImageStim(__class__=<class 'psychopy.visual.image.ImageStim'>, autoLog=True, color=array([1., 1., 1.]), colorSpace='rgb', contrast=1.0, depth=0.0, flipHoriz=False, flipVert=False, image='sin', interpolate=True, mask=None, maskParams=None, name='cue_image', opacity=1, ori=0.0, pos=array([0., 0.]), size=array([25., 25.]), texRes=128.0, units='deg', win=Window(...))
12.9363 	EXP 	Created stimuli_image = ImageStim(__class__=<class 'psychopy.visual.image.ImageStim'>, autoLog=True, color=array([1., 1., 1.]), colorSpace='rgb', contrast=1.0, depth=-1.0, flipHoriz=False, flipVert=False, image='sin', interpolate=True, mask=None, maskParams=None, name='stimuli_image', opacity=1, ori=0.0, pos=array([0., 0.]), size=array([12., 12.]), texRes=128.0, units='deg', win=Window(...))
12.9366 	WARNING 	Hamming was requested using the 'pygame' sound library but hamming is not supported there.
12.9380 	EXP 	Set sound_1 sound=A
12.9380 	EXP 	Set Sound sound_1 volume=1.000
12.9528 	EXP 	Created image_2 = ImageStim(__class__=<class 'psychopy.visual.image.ImageStim'>, autoLog=True, color=array([1., 1., 1.]), colorSpace='rgb', contrast=1.0, depth=-1.0, flipHoriz=False, flipVert=False, image=str(...), interpolate=True, mask=None, maskParams=None, name='image_2', opacity=1, ori=0.0, pos=array([0., 0.]), size=array([53., 30.]), texRes=128.0, units='deg', win=Window(...))
12.9529 	WARNING 	Hamming was requested using the 'pygame' sound library but hamming is not supported there.
12.9543 	EXP 	Set sound_3 sound=A
12.9543 	EXP 	Set Sound sound_3 volume=1.000
12.9834 	EXP 	Created image_14 = ImageStim(__class__=<class 'psychopy.visual.image.ImageStim'>, autoLog=True, color=array([1., 1., 1.]), colorSpace='rgb', contrast=1.0, depth=-1.0, flipHoriz=False, flipVert=False, image='instructions/cond-03-error-solid-timeout.png', interpolate=True, mask=None, maskParams=None, name='image_14', opacity=1, ori=0.0, pos=array([0., 0.]), size=array([53., 30.]), texRes=128.0, units='deg', win=Window(...))
12.9834 	WARNING 	Hamming was requested using the 'pygame' sound library but hamming is not supported there.
12.9850 	EXP 	Set sound_2 sound=A
12.9850 	EXP 	Set Sound sound_2 volume=1.000
13.0017 	EXP 	Created image_3 = ImageStim(__class__=<class 'psychopy.visual.image.ImageStim'>, autoLog=True, color=array([1., 1., 1.]), colorSpace='rgb', contrast=1.0, depth=-1.0, flipHoriz=False, flipVert=False, image=str(...), interpolate=True, mask=None, maskParams=None, name='image_3', opacity=1, ori=0.0, pos=array([0., 0.]), size=array([53., 30.]), texRes=128.0, units='deg', win=Window(...))
13.0018 	WARNING 	Hamming was requested using the 'pygame' sound library but hamming is not supported there.
13.0032 	EXP 	Set sound_4 sound=A
13.0032 	EXP 	Set Sound sound_4 volume=1.000
13.0309 	EXP 	Created image_15 = ImageStim(__class__=<class 'psychopy.visual.image.ImageStim'>, autoLog=True, color=array([1., 1., 1.]), colorSpace='rgb', contrast=1.0, depth=-1.0, flipHoriz=False, flipVert=False, image='instructions/cond-03-error-dashed-timeout.png', interpolate=True, mask=None, maskParams=None, name='image_15', opacity=1, ori=0.0, pos=array([0., 0.]), size=array([53., 30.]), texRes=128.0, units='deg', win=Window(...))
13.0330 	EXP 	Created text_2 = TextStim(__class__=<class 'psychopy.visual.text.TextStim'>, alignHoriz=method-wrapper(...), alignText='center', alignVert=method-wrapper(...), anchorHoriz='center', anchorVert='center', antialias=True, autoLog=True, bold=False, color=array([1., 1., 1.]), colorSpace='rgb', contrast=1.0, depth=0.0, flipHoriz=False, flipVert=False, font='Open Sans', fontFiles=[], height=0.1, italic=False, languageStyle='LTR', name='text_2', opacity=1, ori=0.0, pos=array([0., 0.]), rgb=UNKNOWN, text='', units='deg', win=Window(...), wrapWidth=15.0)
13.0346 	EXP 	Created text_4 = TextStim(__class__=<class 'psychopy.visual.text.TextStim'>, alignHoriz=method-wrapper(...), alignText='center', alignVert=method-wrapper(...), anchorHoriz='center', anchorVert='center', antialias=True, autoLog=True, bold=False, color=array([1., 1., 1.]), colorSpace='rgb', contrast=1.0, depth=-1.0, flipHoriz=False, flipVert=False, font='Open Sans', fontFiles=[], height=1.0, italic=False, languageStyle='LTR', name='text_4', opacity=1, ori=0.0, pos=array([0., 0.]), rgb=UNKNOWN, text='', units='deg', win=Window(...), wrapWidth=30.0)
13.0849 	EXP 	text_3: text = '\nYou will be performing this experiment in\ntwo separate postures.\n\nAt this time you should be in the\n`standing` posture\n\nPlease have the experimenter help you\nget yourself into position for this\nportion of the experiment. \n\nPress any button when you are ready to continue.\n'
13.0849 	EXP 	text_3: autoDraw = True
54.2966 	DATA 	Keypress: 1
54.3056 	EXP 	text_3: autoDraw = False
54.3056 	EXP 	image_4: autoDraw = True
56.9598 	DATA 	Keypress: 1
56.9688 	EXP 	image_4: autoDraw = False
56.9688 	EXP 	image_5: autoDraw = True
58.0162 	DATA 	Keypress: 1
58.0252 	EXP 	image_5: autoDraw = False
58.0252 	EXP 	image_6: autoDraw = True
58.2920 	DATA 	Keypress: 2
58.3515 	EXP 	image_6: autoDraw = False
58.3515 	EXP 	image_7: autoDraw = True
58.6876 	DATA 	Keypress: 2
58.7473 	EXP 	image_7: autoDraw = False
58.7473 	EXP 	image_8: autoDraw = True
58.8629 	DATA 	Keypress: 1
58.9224 	EXP 	image_8: autoDraw = False
58.9224 	EXP 	image_9: autoDraw = True
59.1865 	DATA 	Keypress: 2
59.2460 	EXP 	image_9: autoDraw = False
59.2460 	EXP 	image_10: autoDraw = True
59.4712 	DATA 	Keypress: 2
59.5311 	EXP 	image_10: autoDraw = False
59.5311 	EXP 	image_11: autoDraw = True
59.6517 	DATA 	Keypress: 1
59.7128 	EXP 	Imported ../data/8015_task-switching-replication_2021_Nov_09_1102-untimed-01-trials.csv as conditions, 12 conditions, 13 params
59.7133 	EXP 	Created sequence: sequential, trialTypes=12, nReps=1, seed=None
59.7139 	EXP 	New trial (rep=0, index=0): OrderedDict([('blockNum', 1), ('trialNum', 1), ('trialType', 'untimed'), ('condition', 3), ('posture', 'standing'), ('switchTrialType', 'buffer'), ('congruantTrialType', 'buffer'), ('cueType', 'solid'), ('shapeType', 'triangle'), ('shapeColor', 'blue'), ('cueFileName', 'stimuli/solid-rectangle.png'), ('stimuliFileName', 'stimuli/blue-triangle.png'), ('correctAnswer', 2)])
59.7376 	EXP 	image_11: autoDraw = False
59.7376 	EXP 	cue_untimed_image: image = 'stimuli/solid-rectangle.png'
59.7376 	EXP 	stimuli_untimed_image: image = 'stimuli/blue-triangle.png'
59.7376 	EXP 	cue_untimed_image: autoDraw = True
60.7261 	EXP 	stimuli_untimed_image: autoDraw = True
60.9622 	EXP 	Created sequence: sequential, trialTypes=1, nReps=0, seed=None
60.9625 	EXP 	Created sequence: sequential, trialTypes=1, nReps=0, seed=None
60.9789 	DATA 	Keypress: 2
60.9846 	EXP 	cue_untimed_image: autoDraw = False
60.9846 	EXP 	stimuli_untimed_image: autoDraw = False
60.9846 	EXP 	text_2: autoDraw = True
61.1680 	EXP 	New trial (rep=0, index=1): OrderedDict([('blockNum', 1), ('trialNum', 2), ('trialType', 'untimed'), ('condition', 3), ('posture', 'standing'), ('switchTrialType', 'switch'), ('congruantTrialType', 'congruant'), ('cueType', 'dashed'), ('shapeType', 'square'), ('shapeColor', 'blue'), ('cueFileName', 'stimuli/dashed-rectangle.png'), ('stimuliFileName', 'stimuli/blue-square.png'), ('correctAnswer', 2)])
61.1911 	EXP 	text_2: autoDraw = False
61.1911 	EXP 	cue_untimed_image: image = 'stimuli/dashed-rectangle.png'
61.1911 	EXP 	stimuli_untimed_image: image = 'stimuli/blue-square.png'
61.1911 	EXP 	cue_untimed_image: autoDraw = True
62.1900 	EXP 	stimuli_untimed_image: autoDraw = True
62.4015 	EXP 	Created sequence: sequential, trialTypes=1, nReps=0, seed=None
62.4018 	EXP 	Created sequence: sequential, trialTypes=1, nReps=1, seed=None
62.4020 	EXP 	New trial (rep=0, index=0): None
62.4035 	EXP 	Set sound_2 sound=A
62.4036 	EXP 	Sound sound_2 started
62.4233 	DATA 	Keypress: 1
62.4325 	EXP 	cue_untimed_image: autoDraw = False
62.4325 	EXP 	stimuli_untimed_image: autoDraw = False
62.4325 	EXP 	image_3: autoDraw = True
63.4105 	EXP 	Sound sound_2 stopped
65.4141 	DATA 	Keypress: 2
67.4040 	EXP 	Sound sound_2 stopped
67.4298 	EXP 	image_3: autoDraw = False
67.4298 	EXP 	text_2: autoDraw = True
67.6068 	EXP 	New trial (rep=0, index=2): OrderedDict([('blockNum', 1), ('trialNum', 3), ('trialType', 'untimed'), ('condition', 3), ('posture', 'standing'), ('switchTrialType', 'switch'), ('congruantTrialType', 'incongruant'), ('cueType', 'solid'), ('shapeType', 'square'), ('shapeColor', 'yellow'), ('cueFileName', 'stimuli/solid-rectangle.png'), ('stimuliFileName', 'stimuli/yellow-square.png'), ('correctAnswer', 1)])
67.6347 	EXP 	text_2: autoDraw = False
67.6347 	EXP 	cue_untimed_image: image = 'stimuli/solid-rectangle.png'
67.6347 	EXP 	stimuli_untimed_image: image = 'stimuli/yellow-square.png'
67.6347 	EXP 	cue_untimed_image: autoDraw = True
68.6044 	EXP 	stimuli_untimed_image: autoDraw = True
69.1173 	DATA 	Keypress: 1
69.1816 	EXP 	Created sequence: sequential, trialTypes=1, nReps=0, seed=None
69.1819 	EXP 	Created sequence: sequential, trialTypes=1, nReps=0, seed=None
69.2070 	EXP 	cue_untimed_image: autoDraw = False
69.2070 	EXP 	stimuli_untimed_image: autoDraw = False
69.2070 	EXP 	text_2: autoDraw = True
69.3827 	EXP 	New trial (rep=0, index=3): OrderedDict([('blockNum', 1), ('trialNum', 4), ('trialType', 'untimed'), ('condition', 3), ('posture', 'standing'), ('switchTrialType', 'noswitch'), ('congruantTrialType', 'congruant'), ('cueType', 'solid'), ('shapeType', 'triangle'), ('shapeColor', 'yellow'), ('cueFileName', 'stimuli/solid-rectangle.png'), ('stimuliFileName', 'stimuli/yellow-triangle.png'), ('correctAnswer', 1)])
69.4104 	EXP 	text_2: autoDraw = False
69.4104 	EXP 	cue_untimed_image: image = 'stimuli/solid-rectangle.png'
69.4104 	EXP 	stimuli_untimed_image: image = 'stimuli/yellow-triangle.png'
69.4104 	EXP 	cue_untimed_image: autoDraw = True
70.3820 	EXP 	stimuli_untimed_image: autoDraw = True
70.9126 	EXP 	Created sequence: sequential, trialTypes=1, nReps=0, seed=None
70.9131 	EXP 	Created sequence: sequential, trialTypes=1, nReps=0, seed=None
70.9332 	DATA 	Keypress: 1
70.9385 	EXP 	cue_untimed_image: autoDraw = False
70.9385 	EXP 	stimuli_untimed_image: autoDraw = False
70.9385 	EXP 	text_2: autoDraw = True
71.1150 	EXP 	New trial (rep=0, index=4): OrderedDict([('blockNum', 1), ('trialNum', 5), ('trialType', 'untimed'), ('condition', 3), ('posture', 'standing'), ('switchTrialType', 'noswitch'), ('congruantTrialType', 'congruant'), ('cueType', 'solid'), ('shapeType', 'square'), ('shapeColor', 'yellow'), ('cueFileName', 'stimuli/solid-rectangle.png'), ('stimuliFileName', 'stimuli/yellow-square.png'), ('correctAnswer', 1)])
71.1430 	EXP 	text_2: autoDraw = False
71.1430 	EXP 	cue_untimed_image: image = 'stimuli/solid-rectangle.png'
71.1430 	EXP 	stimuli_untimed_image: image = 'stimuli/yellow-square.png'
71.1430 	EXP 	cue_untimed_image: autoDraw = True
72.1135 	EXP 	stimuli_untimed_image: autoDraw = True
72.5984 	EXP 	Created sequence: sequential, trialTypes=1, nReps=0, seed=None
72.5988 	EXP 	Created sequence: sequential, trialTypes=1, nReps=0, seed=None
72.6188 	DATA 	Keypress: 1
72.6242 	EXP 	cue_untimed_image: autoDraw = False
72.6242 	EXP 	stimuli_untimed_image: autoDraw = False
72.6242 	EXP 	text_2: autoDraw = True
72.8004 	EXP 	New trial (rep=0, index=5): OrderedDict([('blockNum', 1), ('trialNum', 6), ('trialType', 'untimed'), ('condition', 3), ('posture', 'standing'), ('switchTrialType', 'switch'), ('congruantTrialType', 'congruant'), ('cueType', 'dashed'), ('shapeType', 'triangle'), ('shapeColor', 'blue'), ('cueFileName', 'stimuli/dashed-rectangle.png'), ('stimuliFileName', 'stimuli/blue-triangle.png'), ('correctAnswer', 1)])
72.8283 	EXP 	text_2: autoDraw = False
72.8283 	EXP 	cue_untimed_image: image = 'stimuli/dashed-rectangle.png'
72.8283 	EXP 	stimuli_untimed_image: image = 'stimuli/blue-triangle.png'
72.8283 	EXP 	cue_untimed_image: autoDraw = True
73.8271 	EXP 	stimuli_untimed_image: autoDraw = True
74.2136 	EXP 	Created sequence: sequential, trialTypes=1, nReps=0, seed=None
74.2140 	EXP 	Created sequence: sequential, trialTypes=1, nReps=1, seed=None
74.2143 	EXP 	New trial (rep=0, index=0): None
74.2158 	EXP 	Set sound_2 sound=A
74.2159 	EXP 	Sound sound_2 started
74.2379 	DATA 	Keypress: 2
74.2471 	EXP 	cue_untimed_image: autoDraw = False
74.2471 	EXP 	stimuli_untimed_image: autoDraw = False
74.2471 	EXP 	image_3: autoDraw = True
75.2185 	EXP 	Sound sound_2 stopped
78.2529 	DATA 	Keypress: 1
79.2432 	EXP 	Sound sound_2 stopped
79.2742 	EXP 	image_3: autoDraw = False
79.2742 	EXP 	text_2: autoDraw = True
79.4250 	EXP 	New trial (rep=0, index=6): OrderedDict([('blockNum', 1), ('trialNum', 7), ('trialType', 'untimed'), ('condition', 3), ('posture', 'standing'), ('switchTrialType', 'switch'), ('congruantTrialType', 'incongruant'), ('cueType', 'solid'), ('shapeType', 'triangle'), ('shapeColor', 'blue'), ('cueFileName', 'stimuli/solid-rectangle.png'), ('stimuliFileName', 'stimuli/blue-triangle.png'), ('correctAnswer', 2)])
79.4580 	EXP 	text_2: autoDraw = False
79.4580 	EXP 	cue_untimed_image: image = 'stimuli/solid-rectangle.png'
79.4580 	EXP 	stimuli_untimed_image: image = 'stimuli/blue-triangle.png'
79.4580 	EXP 	cue_untimed_image: autoDraw = True
80.4554 	EXP 	stimuli_untimed_image: autoDraw = True
80.5264 	DATA 	Keypress: 1
80.8619 	DATA 	Keypress: 2
80.9408 	EXP 	Created sequence: sequential, trialTypes=1, nReps=0, seed=None
80.9411 	EXP 	Created sequence: sequential, trialTypes=1, nReps=0, seed=None
80.9708 	EXP 	cue_untimed_image: autoDraw = False
80.9708 	EXP 	stimuli_untimed_image: autoDraw = False
80.9708 	EXP 	text_2: autoDraw = True
81.1509 	EXP 	New trial (rep=0, index=7): OrderedDict([('blockNum', 1), ('trialNum', 8), ('trialType', 'untimed'), ('condition', 3), ('posture', 'standing'), ('switchTrialType', 'noswitch'), ('congruantTrialType', 'congruant'), ('cueType', 'solid'), ('shapeType', 'square'), ('shapeColor', 'blue'), ('cueFileName', 'stimuli/solid-rectangle.png'), ('stimuliFileName', 'stimuli/blue-square.png'), ('correctAnswer', 2)])
81.1836 	EXP 	text_2: autoDraw = False
81.1836 	EXP 	cue_untimed_image: image = 'stimuli/solid-rectangle.png'
81.1836 	EXP 	stimuli_untimed_image: image = 'stimuli/blue-square.png'
81.1836 	EXP 	cue_untimed_image: autoDraw = True
82.1773 	EXP 	stimuli_untimed_image: autoDraw = True
82.5787 	DATA 	Keypress: 2
82.6579 	EXP 	Created sequence: sequential, trialTypes=1, nReps=0, seed=None
82.6584 	EXP 	Created sequence: sequential, trialTypes=1, nReps=0, seed=None
82.6884 	EXP 	cue_untimed_image: autoDraw = False
82.6884 	EXP 	stimuli_untimed_image: autoDraw = False
82.6884 	EXP 	text_2: autoDraw = True
82.8681 	EXP 	New trial (rep=0, index=8): OrderedDict([('blockNum', 1), ('trialNum', 9), ('trialType', 'untimed'), ('condition', 3), ('posture', 'standing'), ('switchTrialType', 'noswitch'), ('congruantTrialType', 'congruant'), ('cueType', 'solid'), ('shapeType', 'square'), ('shapeColor', 'blue'), ('cueFileName', 'stimuli/solid-rectangle.png'), ('stimuliFileName', 'stimuli/blue-square.png'), ('correctAnswer', 2)])
82.9008 	EXP 	text_2: autoDraw = False
82.9008 	EXP 	cue_untimed_image: image = 'stimuli/solid-rectangle.png'
82.9008 	EXP 	stimuli_untimed_image: image = 'stimuli/blue-square.png'
82.9008 	EXP 	cue_untimed_image: autoDraw = True
83.8941 	EXP 	stimuli_untimed_image: autoDraw = True
84.3198 	EXP 	Created sequence: sequential, trialTypes=1, nReps=0, seed=None
84.3202 	EXP 	Created sequence: sequential, trialTypes=1, nReps=0, seed=None
84.3451 	DATA 	Keypress: 2
84.3505 	EXP 	cue_untimed_image: autoDraw = False
84.3505 	EXP 	stimuli_untimed_image: autoDraw = False
84.3505 	EXP 	text_2: autoDraw = True
84.5306 	EXP 	New trial (rep=0, index=9): OrderedDict([('blockNum', 1), ('trialNum', 10), ('trialType', 'untimed'), ('condition', 3), ('posture', 'standing'), ('switchTrialType', 'switch'), ('congruantTrialType', 'congruant'), ('cueType', 'dashed'), ('shapeType', 'square'), ('shapeColor', 'yellow'), ('cueFileName', 'stimuli/dashed-rectangle.png'), ('stimuliFileName', 'stimuli/yellow-square.png'), ('correctAnswer', 2)])
84.5634 	EXP 	text_2: autoDraw = False
84.5634 	EXP 	cue_untimed_image: image = 'stimuli/dashed-rectangle.png'
84.5634 	EXP 	stimuli_untimed_image: image = 'stimuli/yellow-square.png'
84.5634 	EXP 	cue_untimed_image: autoDraw = True
85.5623 	EXP 	stimuli_untimed_image: autoDraw = True
86.0428 	EXP 	Created sequence: sequential, trialTypes=1, nReps=0, seed=None
86.0432 	EXP 	Created sequence: sequential, trialTypes=1, nReps=1, seed=None
86.0434 	EXP 	New trial (rep=0, index=0): None
86.0450 	EXP 	Set sound_2 sound=A
86.0451 	EXP 	Sound sound_2 started
86.0691 	DATA 	Keypress: 1
86.0782 	EXP 	cue_untimed_image: autoDraw = False
86.0782 	EXP 	stimuli_untimed_image: autoDraw = False
86.0782 	EXP 	image_3: autoDraw = True
87.0605 	EXP 	Sound sound_2 stopped
90.7467 	DATA 	Keypress: 2
91.0726 	EXP 	Sound sound_2 stopped
91.1057 	EXP 	image_3: autoDraw = False
91.1057 	EXP 	text_2: autoDraw = True
91.2678 	EXP 	New trial (rep=0, index=10): OrderedDict([('blockNum', 1), ('trialNum', 11), ('trialType', 'untimed'), ('condition', 3), ('posture', 'standing'), ('switchTrialType', 'noswitch'), ('congruantTrialType', 'congruant'), ('cueType', 'dashed'), ('shapeType', 'square'), ('shapeColor', 'yellow'), ('cueFileName', 'stimuli/dashed-rectangle.png'), ('stimuliFileName', 'stimuli/yellow-square.png'), ('correctAnswer', 2)])
91.3029 	EXP 	text_2: autoDraw = False
91.3029 	EXP 	cue_untimed_image: image = 'stimuli/dashed-rectangle.png'
91.3029 	EXP 	stimuli_untimed_image: image = 'stimuli/yellow-square.png'
91.3029 	EXP 	cue_untimed_image: autoDraw = True
91.4964 	DATA 	Keypress: 2
92.2729 	EXP 	stimuli_untimed_image: autoDraw = True
92.5345 	DATA 	Keypress: 1
92.6204 	EXP 	Created sequence: sequential, trialTypes=1, nReps=0, seed=None
92.6207 	EXP 	Created sequence: sequential, trialTypes=1, nReps=1, seed=None
92.6209 	EXP 	New trial (rep=0, index=0): None
92.6225 	EXP 	Set sound_2 sound=A
92.6225 	EXP 	Sound sound_2 started
92.6578 	EXP 	cue_untimed_image: autoDraw = False
92.6578 	EXP 	stimuli_untimed_image: autoDraw = False
92.6578 	EXP 	image_3: autoDraw = True
93.6416 	EXP 	Sound sound_2 stopped
96.6208 	DATA 	Keypress: 2
97.1831 	DATA 	Keypress: 2
97.6488 	EXP 	Sound sound_2 stopped
97.6819 	EXP 	image_3: autoDraw = False
97.6819 	EXP 	text_2: autoDraw = True
97.8433 	EXP 	New trial (rep=0, index=11): OrderedDict([('blockNum', 1), ('trialNum', 12), ('trialType', 'untimed'), ('condition', 3), ('posture', 'standing'), ('switchTrialType', 'noswitch'), ('congruantTrialType', 'incongruant'), ('cueType', 'dashed'), ('shapeType', 'triangle'), ('shapeColor', 'yellow'), ('cueFileName', 'stimuli/dashed-rectangle.png'), ('stimuliFileName', 'stimuli/yellow-triangle.png'), ('correctAnswer', 1)])
97.8783 	EXP 	text_2: autoDraw = False
97.8783 	EXP 	cue_untimed_image: image = 'stimuli/dashed-rectangle.png'
97.8783 	EXP 	stimuli_untimed_image: image = 'stimuli/yellow-triangle.png'
97.8783 	EXP 	cue_untimed_image: autoDraw = True
98.1053 	DATA 	Keypress: 2
98.8494 	EXP 	stimuli_untimed_image: autoDraw = True
99.2270 	DATA 	Keypress: 2
99.3134 	EXP 	Created sequence: sequential, trialTypes=1, nReps=0, seed=None
99.3138 	EXP 	Created sequence: sequential, trialTypes=1, nReps=1, seed=None
99.3140 	EXP 	New trial (rep=0, index=0): None
99.3161 	EXP 	Set sound_2 sound=A
99.3162 	EXP 	Sound sound_2 started
99.3514 	EXP 	cue_untimed_image: autoDraw = False
99.3514 	EXP 	stimuli_untimed_image: autoDraw = False
99.3514 	EXP 	image_3: autoDraw = True
100.3005 	EXP 	Sound sound_2 stopped
102.0152 	DATA 	Keypress: 1
104.3404 	EXP 	Sound sound_2 stopped
104.3734 	EXP 	image_3: autoDraw = False
104.3734 	EXP 	text_2: autoDraw = True
104.5706 	EXP 	text_2: autoDraw = False
104.5706 	EXP 	image_12: autoDraw = True
105.9278 	DATA 	Keypress: 2
106.0236 	EXP 	image_12: autoDraw = False
106.0236 	EXP 	image_13: autoDraw = True
106.7091 	DATA 	Keypress: 2
106.8080 	EXP 	Imported ../data/8015_task-switching-replication_2021_Nov_09_1102-timed-01-trials.csv as conditions, 24 conditions, 13 params
106.8084 	EXP 	Created sequence: sequential, trialTypes=24, nReps=1, seed=None
106.8089 	EXP 	New trial (rep=0, index=0): OrderedDict([('blockNum', 1), ('trialNum', 1), ('trialType', 'timed'), ('condition', 3), ('posture', 'standing'), ('switchTrialType', 'buffer'), ('congruantTrialType', 'buffer'), ('cueType', 'solid'), ('shapeType', 'square'), ('shapeColor', 'blue'), ('cueFileName', 'stimuli/solid-rectangle.png'), ('stimuliFileName', 'stimuli/blue-square.png'), ('correctAnswer', 2)])
106.8438 	EXP 	image_13: autoDraw = False
106.8438 	EXP 	cue_timed_image: image = 'stimuli/solid-rectangle.png'
106.8438 	EXP 	stimuli_timed_image: image = 'stimuli/blue-square.png'
106.8438 	EXP 	cue_timed_image: autoDraw = True
107.8320 	EXP 	stimuli_timed_image: autoDraw = True
109.3649 	EXP 	Created sequence: sequential, trialTypes=1, nReps=0, seed=None
109.3653 	EXP 	Created sequence: sequential, trialTypes=1, nReps=1, seed=None
109.3656 	EXP 	New trial (rep=0, index=0): None
109.3676 	EXP 	Set sound_3 sound=A
109.3677 	EXP 	Sound sound_3 started
109.4032 	EXP 	cue_timed_image: autoDraw = False
109.4032 	EXP 	stimuli_timed_image: autoDraw = False
109.4032 	EXP 	image_14: autoDraw = True
110.3556 	EXP 	Sound sound_3 stopped
114.3751 	EXP 	Sound sound_3 stopped
114.3762 	EXP 	Created sequence: sequential, trialTypes=1, nReps=0, seed=None
114.3764 	EXP 	Created sequence: sequential, trialTypes=1, nReps=0, seed=None
114.4088 	EXP 	image_14: autoDraw = False
114.4088 	EXP 	text_2: autoDraw = True
114.5710 	EXP 	New trial (rep=0, index=1): OrderedDict([('blockNum', 1), ('trialNum', 2), ('trialType', 'timed'), ('condition', 3), ('posture', 'standing'), ('switchTrialType', 'switch'), ('congruantTrialType', 'incongruant'), ('cueType', 'dashed'), ('shapeType', 'triangle'), ('shapeColor', 'blue'), ('cueFileName', 'stimuli/dashed-rectangle.png'), ('stimuliFileName', 'stimuli/blue-triangle.png'), ('correctAnswer', 1)])
114.6057 	EXP 	text_2: autoDraw = False
114.6057 	EXP 	cue_timed_image: image = 'stimuli/dashed-rectangle.png'
114.6057 	EXP 	stimuli_timed_image: image = 'stimuli/blue-triangle.png'
114.6057 	EXP 	cue_timed_image: autoDraw = True
114.8338 	DATA 	Keypress: 1
115.5993 	EXP 	stimuli_timed_image: autoDraw = True
115.8813 	EXP 	Created sequence: sequential, trialTypes=1, nReps=0, seed=None
115.8818 	EXP 	Created sequence: sequential, trialTypes=1, nReps=0, seed=None
115.8822 	EXP 	Created sequence: sequential, trialTypes=1, nReps=0, seed=None
115.8825 	EXP 	Created sequence: sequential, trialTypes=1, nReps=0, seed=None
115.9099 	DATA 	Keypress: 1
115.9152 	EXP 	cue_timed_image: autoDraw = False
115.9152 	EXP 	stimuli_timed_image: autoDraw = False
115.9152 	EXP 	text_2: autoDraw = True
116.1097 	EXP 	New trial (rep=0, index=2): OrderedDict([('blockNum', 1), ('trialNum', 3), ('trialType', 'timed'), ('condition', 3), ('posture', 'standing'), ('switchTrialType', 'switch'), ('congruantTrialType', 'congruant'), ('cueType', 'solid'), ('shapeType', 'square'), ('shapeColor', 'yellow'), ('cueFileName', 'stimuli/solid-rectangle.png'), ('stimuliFileName', 'stimuli/yellow-square.png'), ('correctAnswer', 1)])
116.1443 	EXP 	text_2: autoDraw = False
116.1443 	EXP 	cue_timed_image: image = 'stimuli/solid-rectangle.png'
116.1443 	EXP 	stimuli_timed_image: image = 'stimuli/yellow-square.png'
116.1443 	EXP 	cue_timed_image: autoDraw = True
116.7958 	DATA 	Keypress: 1
117.1313 	EXP 	stimuli_timed_image: autoDraw = True
117.4133 	EXP 	Created sequence: sequential, trialTypes=1, nReps=0, seed=None
117.4137 	EXP 	Created sequence: sequential, trialTypes=1, nReps=0, seed=None
117.4141 	EXP 	Created sequence: sequential, trialTypes=1, nReps=0, seed=None
117.4145 	EXP 	Created sequence: sequential, trialTypes=1, nReps=0, seed=None
117.4418 	DATA 	Keypress: 1
117.4471 	EXP 	cue_timed_image: autoDraw = False
117.4471 	EXP 	stimuli_timed_image: autoDraw = False
117.4471 	EXP 	text_2: autoDraw = True
117.6416 	EXP 	New trial (rep=0, index=3): OrderedDict([('blockNum', 1), ('trialNum', 4), ('trialType', 'timed'), ('condition', 3), ('posture', 'standing'), ('switchTrialType', 'noswitch'), ('congruantTrialType', 'incongruant'), ('cueType', 'solid'), ('shapeType', 'square'), ('shapeColor', 'blue'), ('cueFileName', 'stimuli/solid-rectangle.png'), ('stimuliFileName', 'stimuli/blue-square.png'), ('correctAnswer', 2)])
117.6762 	EXP 	text_2: autoDraw = False
117.6762 	EXP 	cue_timed_image: image = 'stimuli/solid-rectangle.png'
117.6762 	EXP 	stimuli_timed_image: image = 'stimuli/blue-square.png'
117.6762 	EXP 	cue_timed_image: autoDraw = True
118.6640 	EXP 	stimuli_timed_image: autoDraw = True
118.8648 	DATA 	Keypress: 2
118.9503 	EXP 	Created sequence: sequential, trialTypes=1, nReps=0, seed=None
118.9507 	EXP 	Created sequence: sequential, trialTypes=1, nReps=0, seed=None
118.9510 	EXP 	Created sequence: sequential, trialTypes=1, nReps=0, seed=None
118.9513 	EXP 	Created sequence: sequential, trialTypes=1, nReps=0, seed=None
118.9836 	EXP 	cue_timed_image: autoDraw = False
118.9836 	EXP 	stimuli_timed_image: autoDraw = False
118.9836 	EXP 	text_2: autoDraw = True
119.1779 	EXP 	New trial (rep=0, index=4): OrderedDict([('blockNum', 1), ('trialNum', 5), ('trialType', 'timed'), ('condition', 3), ('posture', 'standing'), ('switchTrialType', 'noswitch'), ('congruantTrialType', 'congruant'), ('cueType', 'solid'), ('shapeType', 'triangle'), ('shapeColor', 'blue'), ('cueFileName', 'stimuli/solid-rectangle.png'), ('stimuliFileName', 'stimuli/blue-triangle.png'), ('correctAnswer', 2)])
119.2125 	EXP 	text_2: autoDraw = False
119.2125 	EXP 	cue_timed_image: image = 'stimuli/solid-rectangle.png'
119.2125 	EXP 	stimuli_timed_image: image = 'stimuli/blue-triangle.png'
119.2125 	EXP 	cue_timed_image: autoDraw = True
120.2006 	EXP 	stimuli_timed_image: autoDraw = True
120.8368 	EXP 	Created sequence: sequential, trialTypes=1, nReps=1, seed=None
120.8370 	EXP 	New trial (rep=0, index=0): None
120.8385 	EXP 	Set sound_1 sound=A
120.8386 	EXP 	Sound sound_1 started
120.8655 	DATA 	Keypress: 1
120.8746 	EXP 	cue_timed_image: autoDraw = False
120.8746 	EXP 	stimuli_timed_image: autoDraw = False
120.8746 	EXP 	image_2: autoDraw = True
121.8585 	EXP 	Sound sound_1 stopped
122.9732 	DATA 	Keypress: escape
123.0882 	EXP 	window1: mouseVisible = True
