0.6476 	WARNING 	We strongly recommend you activate the PTB sound engine in PsychoPy prefs as the preferred audio engine. Its timing is vastly superior. Your prefs are currently set to use ['pygame', 'PTB', 'sounddevice', 'pyo'] (in that order).
17.7301 	EXP 	Created window1 = Window(allowGUI=False, allowStencil=False, autoLog=True, backendConf=UNKNOWN, bitsMode=UNKNOWN, blendMode='avg', bpc=(8, 8, 8), color=array([-1, -1, -1]), colorSpace='rgb', depthBits=8, fullscr=<method-wrapper '__getattribute__' of attributeSetter object at 0x7f4b76309850>, gamma=None, gammaErrorPolicy='raise', lms=UNKNOWN, monitor=<psychopy.monitors.calibTools.Monitor object at 0x7f4b75264c40>, multiSample=False, name='window1', numSamples=2, pos=[0.0, 0.0], screen=0, size=array([1920, 1080]), stencilBits=0, stereo=False, units='deg', useFBO=True, useRetina=False, viewOri=0.0, viewPos=None, viewScale=None, waitBlanking=True, winType='pyglet')
17.7303 	EXP 	window1: mouseVisible = True
17.7304 	EXP 	window1: recordFrameIntervals = False
17.8959 	EXP 	window1: recordFrameIntervals = True
18.0795 	EXP 	window1: recordFrameIntervals = False
18.1984 	EXP 	Created text_3 = TextStim(__class__=<class 'psychopy.visual.text.TextStim'>, alignHoriz=method-wrapper(...), alignText='center', alignVert=method-wrapper(...), anchorHoriz='center', anchorVert='center', antialias=True, autoLog=True, bold=False, color=array([1., 1., 1.]), colorSpace='rgb', contrast=1.0, depth=-1.0, flipHoriz=False, flipVert=False, font='Open Sans', fontFiles=[], height=1.0, italic=False, languageStyle='LTR', name='text_3', opacity=1, ori=0.0, pos=array([0., 0.]), rgb=UNKNOWN, text='', units='deg', win=Window(...), wrapWidth=30.0)
18.2365 	EXP 	Created image_4 = ImageStim(__class__=<class 'psychopy.visual.image.ImageStim'>, autoLog=True, color=array([1., 1., 1.]), colorSpace='rgb', contrast=1.0, depth=0.0, flipHoriz=False, flipVert=False, image='instructions/cond-09-untimed-01.png', interpolate=True, mask=None, maskParams=None, name='image_4', opacity=1, ori=0.0, pos=array([0., 0.]), size=array([53., 30.]), texRes=128.0, units='deg', win=Window(...))
18.2530 	EXP 	Created image_5 = ImageStim(__class__=<class 'psychopy.visual.image.ImageStim'>, autoLog=True, color=array([1., 1., 1.]), colorSpace='rgb', contrast=1.0, depth=0.0, flipHoriz=False, flipVert=False, image='instructions/cond-09-untimed-02.png', interpolate=True, mask=None, maskParams=None, name='image_5', opacity=1, ori=0.0, pos=array([0., 0.]), size=array([53., 30.]), texRes=128.0, units='deg', win=Window(...))
18.2705 	EXP 	Created image_6 = ImageStim(__class__=<class 'psychopy.visual.image.ImageStim'>, autoLog=True, color=array([1., 1., 1.]), colorSpace='rgb', contrast=1.0, depth=0.0, flipHoriz=False, flipVert=False, image='instructions/cond-09-untimed-03.png', interpolate=True, mask=None, maskParams=None, name='image_6', opacity=1, ori=0.0, pos=array([0., 0.]), size=array([53., 30.]), texRes=128.0, units='deg', win=Window(...))
18.2871 	EXP 	Created image_7 = ImageStim(__class__=<class 'psychopy.visual.image.ImageStim'>, autoLog=True, color=array([1., 1., 1.]), colorSpace='rgb', contrast=1.0, depth=0.0, flipHoriz=False, flipVert=False, image='instructions/cond-09-untimed-04.png', interpolate=True, mask=None, maskParams=None, name='image_7', opacity=1, ori=0.0, pos=array([0., 0.]), size=array([53., 30.]), texRes=128.0, units='deg', win=Window(...))
18.3046 	EXP 	Created image_8 = ImageStim(__class__=<class 'psychopy.visual.image.ImageStim'>, autoLog=True, color=array([1., 1., 1.]), colorSpace='rgb', contrast=1.0, depth=0.0, flipHoriz=False, flipVert=False, image='instructions/cond-09-untimed-05.png', interpolate=True, mask=None, maskParams=None, name='image_8', opacity=1, ori=0.0, pos=array([0., 0.]), size=array([53., 30.]), texRes=128.0, units='deg', win=Window(...))
18.3209 	EXP 	Created image_9 = ImageStim(__class__=<class 'psychopy.visual.image.ImageStim'>, autoLog=True, color=array([1., 1., 1.]), colorSpace='rgb', contrast=1.0, depth=0.0, flipHoriz=False, flipVert=False, image='instructions/cond-09-untimed-06.png', interpolate=True, mask=None, maskParams=None, name='image_9', opacity=1, ori=0.0, pos=array([0., 0.]), size=array([53., 30.]), texRes=128.0, units='deg', win=Window(...))
18.3369 	EXP 	Created image_10 = ImageStim(__class__=<class 'psychopy.visual.image.ImageStim'>, autoLog=True, color=array([1., 1., 1.]), colorSpace='rgb', contrast=1.0, depth=0.0, flipHoriz=False, flipVert=False, image='instructions/cond-09-untimed-07.png', interpolate=True, mask=None, maskParams=None, name='image_10', opacity=1, ori=0.0, pos=array([0., 0.]), size=array([53., 30.]), texRes=128.0, units='deg', win=Window(...))
18.3560 	EXP 	Created image_11 = ImageStim(__class__=<class 'psychopy.visual.image.ImageStim'>, autoLog=True, color=array([1., 1., 1.]), colorSpace='rgb', contrast=1.0, depth=0.0, flipHoriz=False, flipVert=False, image='instructions/cond-09-untimed-08.png', interpolate=True, mask=None, maskParams=None, name='image_11', opacity=1, ori=0.0, pos=array([0., 0.]), size=array([53., 30.]), texRes=128.0, units='deg', win=Window(...))
18.3609 	EXP 	Created cue_untimed_image = ImageStim(__class__=<class 'psychopy.visual.image.ImageStim'>, autoLog=True, color=array([1., 1., 1.]), colorSpace='rgb', contrast=1.0, depth=0.0, flipHoriz=False, flipVert=False, image='sin', interpolate=True, mask=None, maskParams=None, name='cue_untimed_image', opacity=1, ori=0.0, pos=array([0., 0.]), size=array([30., 30.]), texRes=128.0, units='cm', win=Window(...))
18.3652 	EXP 	Created stimuli_untimed_image = ImageStim(__class__=<class 'psychopy.visual.image.ImageStim'>, autoLog=True, color=array([1., 1., 1.]), colorSpace='rgb', contrast=1.0, depth=-1.0, flipHoriz=False, flipVert=False, image='sin', interpolate=True, mask=None, maskParams=None, name='stimuli_untimed_image', opacity=1, ori=0.0, pos=array([0., 0.]), size=array([15., 15.]), texRes=128.0, units='cm', win=Window(...))
18.3705 	WARNING 	Hamming was requested using the 'pygame' sound library but hamming is not supported there.
18.3721 	EXP 	Set sound_1 sound=A
18.3721 	EXP 	Set Sound sound_1 volume=1.000
18.3885 	EXP 	Created image_2 = ImageStim(__class__=<class 'psychopy.visual.image.ImageStim'>, autoLog=True, color=array([1., 1., 1.]), colorSpace='rgb', contrast=1.0, depth=-1.0, flipHoriz=False, flipVert=False, image=str(...), interpolate=True, mask=None, maskParams=None, name='image_2', opacity=1, ori=0.0, pos=array([0., 0.]), size=array([53., 30.]), texRes=128.0, units='deg', win=Window(...))
18.3886 	WARNING 	Hamming was requested using the 'pygame' sound library but hamming is not supported there.
18.3900 	EXP 	Set sound_2 sound=A
18.3900 	EXP 	Set Sound sound_2 volume=1.000
18.4077 	EXP 	Created image_3 = ImageStim(__class__=<class 'psychopy.visual.image.ImageStim'>, autoLog=True, color=array([1., 1., 1.]), colorSpace='rgb', contrast=1.0, depth=-1.0, flipHoriz=False, flipVert=False, image=str(...), interpolate=True, mask=None, maskParams=None, name='image_3', opacity=1, ori=0.0, pos=array([0., 0.]), size=array([53., 30.]), texRes=128.0, units='deg', win=Window(...))
18.4283 	EXP 	Created text_2 = TextStim(__class__=<class 'psychopy.visual.text.TextStim'>, alignHoriz=method-wrapper(...), alignText='center', alignVert=method-wrapper(...), anchorHoriz='center', anchorVert='center', antialias=True, autoLog=True, bold=False, color=array([1., 1., 1.]), colorSpace='rgb', contrast=1.0, depth=0.0, flipHoriz=False, flipVert=False, font='Open Sans', fontFiles=[], height=0.1, italic=False, languageStyle='LTR', name='text_2', opacity=1, ori=0.0, pos=array([0., 0.]), rgb=UNKNOWN, text='', units='deg', win=Window(...), wrapWidth=15.0)
18.4438 	EXP 	Created image_12 = ImageStim(__class__=<class 'psychopy.visual.image.ImageStim'>, autoLog=True, color=array([1., 1., 1.]), colorSpace='rgb', contrast=1.0, depth=0.0, flipHoriz=False, flipVert=False, image='instructions/cond-09-timed-01.png', interpolate=True, mask=None, maskParams=None, name='image_12', opacity=1, ori=0.0, pos=array([0., 0.]), size=array([53., 30.]), texRes=128.0, units='deg', win=Window(...))
18.4628 	EXP 	Created image_13 = ImageStim(__class__=<class 'psychopy.visual.image.ImageStim'>, autoLog=True, color=array([1., 1., 1.]), colorSpace='rgb', contrast=1.0, depth=0.0, flipHoriz=False, flipVert=False, image='instructions/cond-09-timed-02.png', interpolate=True, mask=None, maskParams=None, name='image_13', opacity=1, ori=0.0, pos=array([0., 0.]), size=array([53., 30.]), texRes=128.0, units='deg', win=Window(...))
18.4679 	EXP 	Created cue_timed_image = ImageStim(__class__=<class 'psychopy.visual.image.ImageStim'>, autoLog=True, color=array([1., 1., 1.]), colorSpace='rgb', contrast=1.0, depth=0.0, flipHoriz=False, flipVert=False, image='sin', interpolate=True, mask=None, maskParams=None, name='cue_timed_image', opacity=1, ori=0.0, pos=array([0., 0.]), size=array([25., 25.]), texRes=128.0, units='deg', win=Window(...))
18.4723 	EXP 	Created stimuli_timed_image = ImageStim(__class__=<class 'psychopy.visual.image.ImageStim'>, autoLog=True, color=array([1., 1., 1.]), colorSpace='rgb', contrast=1.0, depth=-1.0, flipHoriz=False, flipVert=False, image='sin', interpolate=True, mask=None, maskParams=None, name='stimuli_timed_image', opacity=1, ori=0.0, pos=array([0., 0.]), size=array([12., 12.]), texRes=128.0, units='deg', win=Window(...))
18.4726 	WARNING 	Hamming was requested using the 'pygame' sound library but hamming is not supported there.
18.4741 	EXP 	Set sound_1 sound=A
18.4741 	EXP 	Set Sound sound_1 volume=1.000
18.4895 	EXP 	Created image_2 = ImageStim(__class__=<class 'psychopy.visual.image.ImageStim'>, autoLog=True, color=array([1., 1., 1.]), colorSpace='rgb', contrast=1.0, depth=-1.0, flipHoriz=False, flipVert=False, image=str(...), interpolate=True, mask=None, maskParams=None, name='image_2', opacity=1, ori=0.0, pos=array([0., 0.]), size=array([53., 30.]), texRes=128.0, units='deg', win=Window(...))
18.4896 	WARNING 	Hamming was requested using the 'pygame' sound library but hamming is not supported there.
18.4910 	EXP 	Set sound_3 sound=A
18.4910 	EXP 	Set Sound sound_3 volume=1.000
18.5213 	EXP 	Created image_14 = ImageStim(__class__=<class 'psychopy.visual.image.ImageStim'>, autoLog=True, color=array([1., 1., 1.]), colorSpace='rgb', contrast=1.0, depth=-1.0, flipHoriz=False, flipVert=False, image='instructions/cond-09-error-solid-timeout.png', interpolate=True, mask=None, maskParams=None, name='image_14', opacity=1, ori=0.0, pos=array([0., 0.]), size=array([53., 30.]), texRes=128.0, units='deg', win=Window(...))
18.5213 	WARNING 	Hamming was requested using the 'pygame' sound library but hamming is not supported there.
18.5228 	EXP 	Set sound_2 sound=A
18.5228 	EXP 	Set Sound sound_2 volume=1.000
18.5394 	EXP 	Created image_3 = ImageStim(__class__=<class 'psychopy.visual.image.ImageStim'>, autoLog=True, color=array([1., 1., 1.]), colorSpace='rgb', contrast=1.0, depth=-1.0, flipHoriz=False, flipVert=False, image=str(...), interpolate=True, mask=None, maskParams=None, name='image_3', opacity=1, ori=0.0, pos=array([0., 0.]), size=array([53., 30.]), texRes=128.0, units='deg', win=Window(...))
18.5395 	WARNING 	Hamming was requested using the 'pygame' sound library but hamming is not supported there.
18.5410 	EXP 	Set sound_4 sound=A
18.5410 	EXP 	Set Sound sound_4 volume=1.000
18.5698 	EXP 	Created image_15 = ImageStim(__class__=<class 'psychopy.visual.image.ImageStim'>, autoLog=True, color=array([1., 1., 1.]), colorSpace='rgb', contrast=1.0, depth=-1.0, flipHoriz=False, flipVert=False, image='instructions/cond-09-error-dashed-timeout.png', interpolate=True, mask=None, maskParams=None, name='image_15', opacity=1, ori=0.0, pos=array([0., 0.]), size=array([53., 30.]), texRes=128.0, units='deg', win=Window(...))
18.5717 	EXP 	Created text_2 = TextStim(__class__=<class 'psychopy.visual.text.TextStim'>, alignHoriz=method-wrapper(...), alignText='center', alignVert=method-wrapper(...), anchorHoriz='center', anchorVert='center', antialias=True, autoLog=True, bold=False, color=array([1., 1., 1.]), colorSpace='rgb', contrast=1.0, depth=0.0, flipHoriz=False, flipVert=False, font='Open Sans', fontFiles=[], height=0.1, italic=False, languageStyle='LTR', name='text_2', opacity=1, ori=0.0, pos=array([0., 0.]), rgb=UNKNOWN, text='', units='deg', win=Window(...), wrapWidth=15.0)
18.5735 	EXP 	Created text_3 = TextStim(__class__=<class 'psychopy.visual.text.TextStim'>, alignHoriz=method-wrapper(...), alignText='center', alignVert=method-wrapper(...), anchorHoriz='center', anchorVert='center', antialias=True, autoLog=True, bold=False, color=array([1., 1., 1.]), colorSpace='rgb', contrast=1.0, depth=-1.0, flipHoriz=False, flipVert=False, font='Open Sans', fontFiles=[], height=1.0, italic=False, languageStyle='LTR', name='text_3', opacity=1, ori=0.0, pos=array([0., 0.]), rgb=UNKNOWN, text='', units='deg', win=Window(...), wrapWidth=30.0)
18.5929 	EXP 	Created image = ImageStim(__class__=<class 'psychopy.visual.image.ImageStim'>, autoLog=True, color=array([1., 1., 1.]), colorSpace='rgb', contrast=1.0, depth=0.0, flipHoriz=False, flipVert=False, image='instructions/cond-09-experiment-01.png', interpolate=True, mask=None, maskParams=None, name='image', opacity=1, ori=0.0, pos=array([0., 0.]), size=array([53., 30.]), texRes=128.0, units='deg', win=Window(...))
18.5949 	EXP 	Created text = TextStim(__class__=<class 'psychopy.visual.text.TextStim'>, alignHoriz=method-wrapper(...), alignText='center', alignVert=method-wrapper(...), anchorHoriz='center', anchorVert='center', antialias=True, autoLog=True, bold=False, color=array([1., 1., 1.]), colorSpace='rgb', contrast=1.0, depth=-1.0, flipHoriz=False, flipVert=False, font='Open Sans', fontFiles=[], height=1.0, italic=False, languageStyle='LTR', name='text', opacity=1, ori=0.0, pos=array([0., 0.]), rgb=UNKNOWN, text='', units='deg', win=Window(...), wrapWidth=30.0)
18.5998 	EXP 	Created cue_image = ImageStim(__class__=<class 'psychopy.visual.image.ImageStim'>, autoLog=True, color=array([1., 1., 1.]), colorSpace='rgb', contrast=1.0, depth=0.0, flipHoriz=False, flipVert=False, image='sin', interpolate=True, mask=None, maskParams=None, name='cue_image', opacity=1, ori=0.0, pos=array([0., 0.]), size=array([25., 25.]), texRes=128.0, units='deg', win=Window(...))
18.6042 	EXP 	Created stimuli_image = ImageStim(__class__=<class 'psychopy.visual.image.ImageStim'>, autoLog=True, color=array([1., 1., 1.]), colorSpace='rgb', contrast=1.0, depth=-1.0, flipHoriz=False, flipVert=False, image='sin', interpolate=True, mask=None, maskParams=None, name='stimuli_image', opacity=1, ori=0.0, pos=array([0., 0.]), size=array([12., 12.]), texRes=128.0, units='deg', win=Window(...))
18.6045 	WARNING 	Hamming was requested using the 'pygame' sound library but hamming is not supported there.
18.6060 	EXP 	Set sound_1 sound=A
18.6060 	EXP 	Set Sound sound_1 volume=1.000
18.6206 	EXP 	Created image_2 = ImageStim(__class__=<class 'psychopy.visual.image.ImageStim'>, autoLog=True, color=array([1., 1., 1.]), colorSpace='rgb', contrast=1.0, depth=-1.0, flipHoriz=False, flipVert=False, image=str(...), interpolate=True, mask=None, maskParams=None, name='image_2', opacity=1, ori=0.0, pos=array([0., 0.]), size=array([53., 30.]), texRes=128.0, units='deg', win=Window(...))
18.6207 	WARNING 	Hamming was requested using the 'pygame' sound library but hamming is not supported there.
18.6221 	EXP 	Set sound_3 sound=A
18.6221 	EXP 	Set Sound sound_3 volume=1.000
18.6510 	EXP 	Created image_14 = ImageStim(__class__=<class 'psychopy.visual.image.ImageStim'>, autoLog=True, color=array([1., 1., 1.]), colorSpace='rgb', contrast=1.0, depth=-1.0, flipHoriz=False, flipVert=False, image='instructions/cond-09-error-solid-timeout.png', interpolate=True, mask=None, maskParams=None, name='image_14', opacity=1, ori=0.0, pos=array([0., 0.]), size=array([53., 30.]), texRes=128.0, units='deg', win=Window(...))
18.6511 	WARNING 	Hamming was requested using the 'pygame' sound library but hamming is not supported there.
18.6525 	EXP 	Set sound_2 sound=A
18.6526 	EXP 	Set Sound sound_2 volume=1.000
18.6694 	EXP 	Created image_3 = ImageStim(__class__=<class 'psychopy.visual.image.ImageStim'>, autoLog=True, color=array([1., 1., 1.]), colorSpace='rgb', contrast=1.0, depth=-1.0, flipHoriz=False, flipVert=False, image=str(...), interpolate=True, mask=None, maskParams=None, name='image_3', opacity=1, ori=0.0, pos=array([0., 0.]), size=array([53., 30.]), texRes=128.0, units='deg', win=Window(...))
18.6695 	WARNING 	Hamming was requested using the 'pygame' sound library but hamming is not supported there.
18.6709 	EXP 	Set sound_4 sound=A
18.6710 	EXP 	Set Sound sound_4 volume=1.000
18.6987 	EXP 	Created image_15 = ImageStim(__class__=<class 'psychopy.visual.image.ImageStim'>, autoLog=True, color=array([1., 1., 1.]), colorSpace='rgb', contrast=1.0, depth=-1.0, flipHoriz=False, flipVert=False, image='instructions/cond-09-error-dashed-timeout.png', interpolate=True, mask=None, maskParams=None, name='image_15', opacity=1, ori=0.0, pos=array([0., 0.]), size=array([53., 30.]), texRes=128.0, units='deg', win=Window(...))
18.7006 	EXP 	Created text_2 = TextStim(__class__=<class 'psychopy.visual.text.TextStim'>, alignHoriz=method-wrapper(...), alignText='center', alignVert=method-wrapper(...), anchorHoriz='center', anchorVert='center', antialias=True, autoLog=True, bold=False, color=array([1., 1., 1.]), colorSpace='rgb', contrast=1.0, depth=0.0, flipHoriz=False, flipVert=False, font='Open Sans', fontFiles=[], height=0.1, italic=False, languageStyle='LTR', name='text_2', opacity=1, ori=0.0, pos=array([0., 0.]), rgb=UNKNOWN, text='', units='deg', win=Window(...), wrapWidth=15.0)
18.7023 	EXP 	Created text_4 = TextStim(__class__=<class 'psychopy.visual.text.TextStim'>, alignHoriz=method-wrapper(...), alignText='center', alignVert=method-wrapper(...), anchorHoriz='center', anchorVert='center', antialias=True, autoLog=True, bold=False, color=array([1., 1., 1.]), colorSpace='rgb', contrast=1.0, depth=-1.0, flipHoriz=False, flipVert=False, font='Open Sans', fontFiles=[], height=1.0, italic=False, languageStyle='LTR', name='text_4', opacity=1, ori=0.0, pos=array([0., 0.]), rgb=UNKNOWN, text='', units='deg', win=Window(...), wrapWidth=30.0)
18.7520 	EXP 	text_3: text = '\nYou will be performing this experiment in\ntwo separate postures.\n\nAt this time you should be in the\n`sitting` posture\n\nPlease have the experimenter help you\nget yourself into position for this\nportion of the experiment. \n\nPress any button when you are ready to continue.\n'
18.7520 	EXP 	text_3: autoDraw = True
71.1580 	DATA 	Keypress: 2
71.2505 	EXP 	text_3: autoDraw = False
71.2505 	EXP 	image_4: autoDraw = True
72.4472 	DATA 	Keypress: 2
72.4561 	EXP 	image_4: autoDraw = False
72.4561 	EXP 	image_5: autoDraw = True
73.6264 	DATA 	Keypress: 2
74.0549 	DATA 	Keypress: 1
74.1505 	EXP 	image_5: autoDraw = False
74.1505 	EXP 	image_6: autoDraw = True
74.5341 	DATA 	Keypress: 2
74.6297 	EXP 	image_6: autoDraw = False
74.6297 	EXP 	image_7: autoDraw = True
76.2864 	DATA 	Keypress: 2
76.3823 	EXP 	image_7: autoDraw = False
76.3823 	EXP 	image_8: autoDraw = True
77.2796 	DATA 	Keypress: 1
77.2889 	EXP 	image_8: autoDraw = False
77.2889 	EXP 	image_9: autoDraw = True
78.1605 	DATA 	Keypress: 2
78.2563 	EXP 	image_9: autoDraw = False
78.2563 	EXP 	image_10: autoDraw = True
81.9439 	DATA 	Keypress: 2
81.9529 	EXP 	image_10: autoDraw = False
81.9529 	EXP 	image_11: autoDraw = True
82.7962 	EXP 	Imported ../data/8015_task-switching-replication_2021_Nov_09_1018-untimed-01-trials.csv as conditions, 12 conditions, 13 params
82.7968 	EXP 	Created sequence: sequential, trialTypes=12, nReps=1, seed=None
82.7974 	EXP 	New trial (rep=0, index=0): OrderedDict([('blockNum', 1), ('trialNum', 1), ('trialType', 'untimed'), ('condition', 9), ('posture', 'sitting'), ('switchTrialType', 'buffer'), ('congruantTrialType', 'buffer'), ('cueType', 'dashed'), ('shapeType', 'square'), ('shapeColor', 'blue'), ('cueFileName', 'stimuli/dashed-rectangle.png'), ('stimuliFileName', 'stimuli/blue-square.png'), ('correctAnswer', 2)])
82.8262 	DATA 	Keypress: 2
82.8334 	EXP 	image_11: autoDraw = False
82.8334 	EXP 	cue_untimed_image: image = 'stimuli/dashed-rectangle.png'
82.8334 	EXP 	stimuli_untimed_image: image = 'stimuli/blue-square.png'
82.8334 	EXP 	cue_untimed_image: autoDraw = True
83.8377 	EXP 	stimuli_untimed_image: autoDraw = True
84.5740 	DATA 	Keypress: 2
84.6611 	EXP 	Created sequence: sequential, trialTypes=1, nReps=0, seed=None
84.6616 	EXP 	Created sequence: sequential, trialTypes=1, nReps=0, seed=None
84.6941 	EXP 	cue_untimed_image: autoDraw = False
84.6941 	EXP 	stimuli_untimed_image: autoDraw = False
84.6941 	EXP 	text_2: autoDraw = True
84.8886 	EXP 	New trial (rep=0, index=1): OrderedDict([('blockNum', 1), ('trialNum', 2), ('trialType', 'untimed'), ('condition', 9), ('posture', 'sitting'), ('switchTrialType', 'switch'), ('congruantTrialType', 'incongruant'), ('cueType', 'solid'), ('shapeType', 'square'), ('shapeColor', 'blue'), ('cueFileName', 'stimuli/solid-rectangle.png'), ('stimuliFileName', 'stimuli/blue-square.png'), ('correctAnswer', 1)])
84.9239 	EXP 	text_2: autoDraw = False
84.9239 	EXP 	cue_untimed_image: image = 'stimuli/solid-rectangle.png'
84.9239 	EXP 	stimuli_untimed_image: image = 'stimuli/blue-square.png'
84.9239 	EXP 	cue_untimed_image: autoDraw = True
85.8960 	EXP 	stimuli_untimed_image: autoDraw = True
86.5139 	DATA 	Keypress: 2
86.6004 	EXP 	Created sequence: sequential, trialTypes=1, nReps=1, seed=None
86.6006 	EXP 	New trial (rep=0, index=0): None
86.6026 	EXP 	Set sound_1 sound=A
86.6026 	EXP 	Sound sound_1 started
86.6381 	EXP 	cue_untimed_image: autoDraw = False
86.6381 	EXP 	stimuli_untimed_image: autoDraw = False
86.6381 	EXP 	image_2: autoDraw = True
87.5422 	DATA 	Keypress: 2
87.6215 	EXP 	Sound sound_1 stopped
87.9636 	DATA 	Keypress: 2
88.3150 	DATA 	Keypress: 2
88.7369 	DATA 	Keypress: 2
89.1587 	DATA 	Keypress: 2
89.6859 	DATA 	Keypress: 2
90.2830 	DATA 	Keypress: 2
90.8801 	DATA 	Keypress: 2
91.4778 	DATA 	Keypress: 2
91.6272 	EXP 	Sound sound_1 stopped
91.6282 	EXP 	Created sequence: sequential, trialTypes=1, nReps=0, seed=None
91.6606 	EXP 	image_2: autoDraw = False
91.6606 	EXP 	text_2: autoDraw = True
91.8225 	EXP 	New trial (rep=0, index=2): OrderedDict([('blockNum', 1), ('trialNum', 3), ('trialType', 'untimed'), ('condition', 9), ('posture', 'sitting'), ('switchTrialType', 'switch'), ('congruantTrialType', 'congruant'), ('cueType', 'dashed'), ('shapeType', 'triangle'), ('shapeColor', 'blue'), ('cueFileName', 'stimuli/dashed-rectangle.png'), ('stimuliFileName', 'stimuli/blue-triangle.png'), ('correctAnswer', 1)])
91.8578 	EXP 	text_2: autoDraw = False
91.8578 	EXP 	cue_untimed_image: image = 'stimuli/dashed-rectangle.png'
91.8578 	EXP 	stimuli_untimed_image: image = 'stimuli/blue-triangle.png'
91.8578 	EXP 	cue_untimed_image: autoDraw = True
92.8287 	EXP 	stimuli_untimed_image: autoDraw = True
93.4714 	EXP 	Created sequence: sequential, trialTypes=1, nReps=0, seed=None
93.4717 	EXP 	Created sequence: sequential, trialTypes=1, nReps=0, seed=None
93.4990 	DATA 	Keypress: 1
93.5044 	EXP 	cue_untimed_image: autoDraw = False
93.5044 	EXP 	stimuli_untimed_image: autoDraw = False
93.5044 	EXP 	text_2: autoDraw = True
93.6987 	EXP 	New trial (rep=0, index=3): OrderedDict([('blockNum', 1), ('trialNum', 4), ('trialType', 'untimed'), ('condition', 9), ('posture', 'sitting'), ('switchTrialType', 'switch'), ('congruantTrialType', 'incongruant'), ('cueType', 'solid'), ('shapeType', 'square'), ('shapeColor', 'yellow'), ('cueFileName', 'stimuli/solid-rectangle.png'), ('stimuliFileName', 'stimuli/yellow-square.png'), ('correctAnswer', 2)])
93.7338 	EXP 	text_2: autoDraw = False
93.7338 	EXP 	cue_untimed_image: image = 'stimuli/solid-rectangle.png'
93.7338 	EXP 	stimuli_untimed_image: image = 'stimuli/yellow-square.png'
93.7338 	EXP 	cue_untimed_image: autoDraw = True
94.7034 	EXP 	stimuli_untimed_image: autoDraw = True
95.1431 	DATA 	Keypress: 2
95.2291 	EXP 	Created sequence: sequential, trialTypes=1, nReps=0, seed=None
95.2294 	EXP 	Created sequence: sequential, trialTypes=1, nReps=0, seed=None
95.2616 	EXP 	cue_untimed_image: autoDraw = False
95.2616 	EXP 	stimuli_untimed_image: autoDraw = False
95.2616 	EXP 	text_2: autoDraw = True
95.4557 	EXP 	New trial (rep=0, index=4): OrderedDict([('blockNum', 1), ('trialNum', 5), ('trialType', 'untimed'), ('condition', 9), ('posture', 'sitting'), ('switchTrialType', 'noswitch'), ('congruantTrialType', 'incongruant'), ('cueType', 'solid'), ('shapeType', 'triangle'), ('shapeColor', 'blue'), ('cueFileName', 'stimuli/solid-rectangle.png'), ('stimuliFileName', 'stimuli/blue-triangle.png'), ('correctAnswer', 1)])
95.4908 	EXP 	text_2: autoDraw = False
95.4908 	EXP 	cue_untimed_image: image = 'stimuli/solid-rectangle.png'
95.4908 	EXP 	stimuli_untimed_image: image = 'stimuli/blue-triangle.png'
95.4908 	EXP 	cue_untimed_image: autoDraw = True
96.4616 	EXP 	stimuli_untimed_image: autoDraw = True
96.8052 	EXP 	Created sequence: sequential, trialTypes=1, nReps=0, seed=None
96.8056 	EXP 	Created sequence: sequential, trialTypes=1, nReps=0, seed=None
96.8328 	DATA 	Keypress: 1
96.8382 	EXP 	cue_untimed_image: autoDraw = False
96.8382 	EXP 	stimuli_untimed_image: autoDraw = False
96.8382 	EXP 	text_2: autoDraw = True
97.0327 	EXP 	New trial (rep=0, index=5): OrderedDict([('blockNum', 1), ('trialNum', 6), ('trialType', 'untimed'), ('condition', 9), ('posture', 'sitting'), ('switchTrialType', 'switch'), ('congruantTrialType', 'congruant'), ('cueType', 'dashed'), ('shapeType', 'triangle'), ('shapeColor', 'yellow'), ('cueFileName', 'stimuli/dashed-rectangle.png'), ('stimuliFileName', 'stimuli/yellow-triangle.png'), ('correctAnswer', 1)])
97.0679 	EXP 	text_2: autoDraw = False
97.0679 	EXP 	cue_untimed_image: image = 'stimuli/dashed-rectangle.png'
97.0679 	EXP 	stimuli_untimed_image: image = 'stimuli/yellow-triangle.png'
97.0679 	EXP 	cue_untimed_image: autoDraw = True
98.0405 	EXP 	stimuli_untimed_image: autoDraw = True
99.2248 	EXP 	Created sequence: sequential, trialTypes=1, nReps=0, seed=None
99.2253 	EXP 	Created sequence: sequential, trialTypes=1, nReps=0, seed=None
99.2526 	DATA 	Keypress: 1
99.2580 	EXP 	cue_untimed_image: autoDraw = False
99.2580 	EXP 	stimuli_untimed_image: autoDraw = False
99.2580 	EXP 	text_2: autoDraw = True
99.4526 	EXP 	New trial (rep=0, index=6): OrderedDict([('blockNum', 1), ('trialNum', 7), ('trialType', 'untimed'), ('condition', 9), ('posture', 'sitting'), ('switchTrialType', 'noswitch'), ('congruantTrialType', 'incongruant'), ('cueType', 'dashed'), ('shapeType', 'square'), ('shapeColor', 'blue'), ('cueFileName', 'stimuli/dashed-rectangle.png'), ('stimuliFileName', 'stimuli/blue-square.png'), ('correctAnswer', 2)])
99.4880 	EXP 	text_2: autoDraw = False
99.4880 	EXP 	cue_untimed_image: image = 'stimuli/dashed-rectangle.png'
99.4880 	EXP 	stimuli_untimed_image: image = 'stimuli/blue-square.png'
99.4880 	EXP 	cue_untimed_image: autoDraw = True
100.4597 	EXP 	stimuli_untimed_image: autoDraw = True
100.7780 	DATA 	Keypress: 2
100.8640 	EXP 	Created sequence: sequential, trialTypes=1, nReps=0, seed=None
100.8643 	EXP 	Created sequence: sequential, trialTypes=1, nReps=0, seed=None
100.8964 	EXP 	cue_untimed_image: autoDraw = False
100.8964 	EXP 	stimuli_untimed_image: autoDraw = False
100.8964 	EXP 	text_2: autoDraw = True
101.0913 	EXP 	New trial (rep=0, index=7): OrderedDict([('blockNum', 1), ('trialNum', 8), ('trialType', 'untimed'), ('condition', 9), ('posture', 'sitting'), ('switchTrialType', 'switch'), ('congruantTrialType', 'incongruant'), ('cueType', 'solid'), ('shapeType', 'triangle'), ('shapeColor', 'blue'), ('cueFileName', 'stimuli/solid-rectangle.png'), ('stimuliFileName', 'stimuli/blue-triangle.png'), ('correctAnswer', 1)])
101.1267 	EXP 	text_2: autoDraw = False
101.1267 	EXP 	cue_untimed_image: image = 'stimuli/solid-rectangle.png'
101.1267 	EXP 	stimuli_untimed_image: image = 'stimuli/blue-triangle.png'
101.1267 	EXP 	cue_untimed_image: autoDraw = True
102.0965 	EXP 	stimuli_untimed_image: autoDraw = True
102.6794 	EXP 	Created sequence: sequential, trialTypes=1, nReps=0, seed=None
102.6797 	EXP 	Created sequence: sequential, trialTypes=1, nReps=0, seed=None
102.7073 	DATA 	Keypress: 1
102.7127 	EXP 	cue_untimed_image: autoDraw = False
102.7127 	EXP 	stimuli_untimed_image: autoDraw = False
102.7127 	EXP 	text_2: autoDraw = True
102.9072 	EXP 	New trial (rep=0, index=8): OrderedDict([('blockNum', 1), ('trialNum', 9), ('trialType', 'untimed'), ('condition', 9), ('posture', 'sitting'), ('switchTrialType', 'switch'), ('congruantTrialType', 'incongruant'), ('cueType', 'dashed'), ('shapeType', 'square'), ('shapeColor', 'yellow'), ('cueFileName', 'stimuli/dashed-rectangle.png'), ('stimuliFileName', 'stimuli/yellow-square.png'), ('correctAnswer', 2)])
102.9424 	EXP 	text_2: autoDraw = False
102.9424 	EXP 	cue_untimed_image: image = 'stimuli/dashed-rectangle.png'
102.9424 	EXP 	stimuli_untimed_image: image = 'stimuli/yellow-square.png'
102.9424 	EXP 	cue_untimed_image: autoDraw = True
103.9123 	EXP 	stimuli_untimed_image: autoDraw = True
104.5319 	DATA 	Keypress: 2
104.6179 	EXP 	Created sequence: sequential, trialTypes=1, nReps=0, seed=None
104.6182 	EXP 	Created sequence: sequential, trialTypes=1, nReps=0, seed=None
104.6506 	EXP 	cue_untimed_image: autoDraw = False
104.6506 	EXP 	stimuli_untimed_image: autoDraw = False
104.6506 	EXP 	text_2: autoDraw = True
104.8451 	EXP 	New trial (rep=0, index=9): OrderedDict([('blockNum', 1), ('trialNum', 10), ('trialType', 'untimed'), ('condition', 9), ('posture', 'sitting'), ('switchTrialType', 'switch'), ('congruantTrialType', 'congruant'), ('cueType', 'solid'), ('shapeType', 'triangle'), ('shapeColor', 'yellow'), ('cueFileName', 'stimuli/solid-rectangle.png'), ('stimuliFileName', 'stimuli/yellow-triangle.png'), ('correctAnswer', 2)])
104.8800 	EXP 	text_2: autoDraw = False
104.8800 	EXP 	cue_untimed_image: image = 'stimuli/solid-rectangle.png'
104.8800 	EXP 	stimuli_untimed_image: image = 'stimuli/yellow-triangle.png'
104.8800 	EXP 	cue_untimed_image: autoDraw = True
105.8503 	EXP 	stimuli_untimed_image: autoDraw = True
107.0329 	EXP 	Created sequence: sequential, trialTypes=1, nReps=0, seed=None
107.0333 	EXP 	Created sequence: sequential, trialTypes=1, nReps=0, seed=None
107.0606 	DATA 	Keypress: 2
107.0660 	EXP 	cue_untimed_image: autoDraw = False
107.0660 	EXP 	stimuli_untimed_image: autoDraw = False
107.0660 	EXP 	text_2: autoDraw = True
107.2602 	EXP 	New trial (rep=0, index=10): OrderedDict([('blockNum', 1), ('trialNum', 11), ('trialType', 'untimed'), ('condition', 9), ('posture', 'sitting'), ('switchTrialType', 'switch'), ('congruantTrialType', 'incongruant'), ('cueType', 'dashed'), ('shapeType', 'triangle'), ('shapeColor', 'yellow'), ('cueFileName', 'stimuli/dashed-rectangle.png'), ('stimuliFileName', 'stimuli/yellow-triangle.png'), ('correctAnswer', 1)])
107.2951 	EXP 	text_2: autoDraw = False
107.2951 	EXP 	cue_untimed_image: image = 'stimuli/dashed-rectangle.png'
107.2951 	EXP 	stimuli_untimed_image: image = 'stimuli/yellow-triangle.png'
107.2951 	EXP 	cue_untimed_image: autoDraw = True
108.2649 	EXP 	stimuli_untimed_image: autoDraw = True
108.8845 	DATA 	Keypress: 1
108.9703 	EXP 	Created sequence: sequential, trialTypes=1, nReps=0, seed=None
108.9706 	EXP 	Created sequence: sequential, trialTypes=1, nReps=0, seed=None
109.0028 	EXP 	cue_untimed_image: autoDraw = False
109.0028 	EXP 	stimuli_untimed_image: autoDraw = False
109.0028 	EXP 	text_2: autoDraw = True
109.1969 	EXP 	New trial (rep=0, index=11): OrderedDict([('blockNum', 1), ('trialNum', 12), ('trialType', 'untimed'), ('condition', 9), ('posture', 'sitting'), ('switchTrialType', 'noswitch'), ('congruantTrialType', 'incongruant'), ('cueType', 'dashed'), ('shapeType', 'square'), ('shapeColor', 'yellow'), ('cueFileName', 'stimuli/dashed-rectangle.png'), ('stimuliFileName', 'stimuli/yellow-square.png'), ('correctAnswer', 2)])
109.2319 	EXP 	text_2: autoDraw = False
109.2319 	EXP 	cue_untimed_image: image = 'stimuli/dashed-rectangle.png'
109.2319 	EXP 	stimuli_untimed_image: image = 'stimuli/yellow-square.png'
109.2319 	EXP 	cue_untimed_image: autoDraw = True
110.2027 	EXP 	stimuli_untimed_image: autoDraw = True
110.5466 	EXP 	Created sequence: sequential, trialTypes=1, nReps=0, seed=None
110.5470 	EXP 	Created sequence: sequential, trialTypes=1, nReps=0, seed=None
110.5745 	DATA 	Keypress: 2
110.5799 	EXP 	cue_untimed_image: autoDraw = False
110.5799 	EXP 	stimuli_untimed_image: autoDraw = False
110.5799 	EXP 	text_2: autoDraw = True
110.8094 	EXP 	text_2: autoDraw = False
110.8094 	EXP 	image_12: autoDraw = True
111.9805 	DATA 	Keypress: 2
112.0762 	EXP 	image_12: autoDraw = False
112.0762 	EXP 	image_13: autoDraw = True
113.0044 	DATA 	Keypress: 2
113.1013 	EXP 	Imported ../data/8015_task-switching-replication_2021_Nov_09_1018-timed-01-trials.csv as conditions, 24 conditions, 13 params
113.1018 	EXP 	Created sequence: sequential, trialTypes=24, nReps=1, seed=None
113.1023 	EXP 	New trial (rep=0, index=0): OrderedDict([('blockNum', 1), ('trialNum', 1), ('trialType', 'timed'), ('condition', 9), ('posture', 'sitting'), ('switchTrialType', 'buffer'), ('congruantTrialType', 'buffer'), ('cueType', 'dashed'), ('shapeType', 'triangle'), ('shapeColor', 'yellow'), ('cueFileName', 'stimuli/dashed-rectangle.png'), ('stimuliFileName', 'stimuli/yellow-triangle.png'), ('correctAnswer', 1)])
113.1372 	EXP 	image_13: autoDraw = False
113.1372 	EXP 	cue_timed_image: image = 'stimuli/dashed-rectangle.png'
113.1372 	EXP 	stimuli_timed_image: image = 'stimuli/yellow-triangle.png'
113.1372 	EXP 	cue_timed_image: autoDraw = True
114.1254 	EXP 	stimuli_timed_image: autoDraw = True
115.6580 	EXP 	Created sequence: sequential, trialTypes=1, nReps=0, seed=None
115.6584 	EXP 	Created sequence: sequential, trialTypes=1, nReps=0, seed=None
115.6588 	EXP 	Created sequence: sequential, trialTypes=1, nReps=0, seed=None
115.6591 	EXP 	Created sequence: sequential, trialTypes=1, nReps=1, seed=None
115.6594 	EXP 	New trial (rep=0, index=0): None
115.6614 	EXP 	Set sound_4 sound=A
115.6615 	EXP 	Sound sound_4 started
115.6970 	EXP 	cue_timed_image: autoDraw = False
115.6970 	EXP 	stimuli_timed_image: autoDraw = False
115.6970 	EXP 	image_15: autoDraw = True
116.6488 	EXP 	Sound sound_4 stopped
117.4150 	DATA 	Keypress: 2
120.6652 	EXP 	Sound sound_4 stopped
120.6982 	EXP 	image_15: autoDraw = False
120.6982 	EXP 	text_2: autoDraw = True
120.8603 	EXP 	New trial (rep=0, index=1): OrderedDict([('blockNum', 1), ('trialNum', 2), ('trialType', 'timed'), ('condition', 9), ('posture', 'sitting'), ('switchTrialType', 'noswitch'), ('congruantTrialType', 'incongruant'), ('cueType', 'dashed'), ('shapeType', 'square'), ('shapeColor', 'blue'), ('cueFileName', 'stimuli/dashed-rectangle.png'), ('stimuliFileName', 'stimuli/blue-square.png'), ('correctAnswer', 2)])
120.8948 	EXP 	text_2: autoDraw = False
120.8948 	EXP 	cue_timed_image: image = 'stimuli/dashed-rectangle.png'
120.8948 	EXP 	stimuli_timed_image: image = 'stimuli/blue-square.png'
120.8948 	EXP 	cue_timed_image: autoDraw = True
121.8822 	EXP 	stimuli_timed_image: autoDraw = True
122.2563 	DATA 	Keypress: 2
122.3421 	EXP 	Created sequence: sequential, trialTypes=1, nReps=0, seed=None
122.3425 	EXP 	Created sequence: sequential, trialTypes=1, nReps=0, seed=None
122.3429 	EXP 	Created sequence: sequential, trialTypes=1, nReps=0, seed=None
122.3433 	EXP 	Created sequence: sequential, trialTypes=1, nReps=0, seed=None
122.3758 	EXP 	cue_timed_image: autoDraw = False
122.3758 	EXP 	stimuli_timed_image: autoDraw = False
122.3758 	EXP 	text_2: autoDraw = True
122.5704 	EXP 	New trial (rep=0, index=2): OrderedDict([('blockNum', 1), ('trialNum', 3), ('trialType', 'timed'), ('condition', 9), ('posture', 'sitting'), ('switchTrialType', 'noswitch'), ('congruantTrialType', 'congruant'), ('cueType', 'dashed'), ('shapeType', 'square'), ('shapeColor', 'blue'), ('cueFileName', 'stimuli/dashed-rectangle.png'), ('stimuliFileName', 'stimuli/blue-square.png'), ('correctAnswer', 2)])
122.6050 	EXP 	text_2: autoDraw = False
122.6050 	EXP 	cue_timed_image: image = 'stimuli/dashed-rectangle.png'
122.6050 	EXP 	stimuli_timed_image: image = 'stimuli/blue-square.png'
122.6050 	EXP 	cue_timed_image: autoDraw = True
123.5924 	EXP 	stimuli_timed_image: autoDraw = True
123.9928 	EXP 	Created sequence: sequential, trialTypes=1, nReps=0, seed=None
123.9932 	EXP 	Created sequence: sequential, trialTypes=1, nReps=0, seed=None
123.9935 	EXP 	Created sequence: sequential, trialTypes=1, nReps=0, seed=None
123.9939 	EXP 	Created sequence: sequential, trialTypes=1, nReps=0, seed=None
124.0212 	DATA 	Keypress: 2
124.0265 	EXP 	cue_timed_image: autoDraw = False
124.0265 	EXP 	stimuli_timed_image: autoDraw = False
124.0265 	EXP 	text_2: autoDraw = True
124.2209 	EXP 	New trial (rep=0, index=3): OrderedDict([('blockNum', 1), ('trialNum', 4), ('trialType', 'timed'), ('condition', 9), ('posture', 'sitting'), ('switchTrialType', 'switch'), ('congruantTrialType', 'congruant'), ('cueType', 'solid'), ('shapeType', 'square'), ('shapeColor', 'yellow'), ('cueFileName', 'stimuli/solid-rectangle.png'), ('stimuliFileName', 'stimuli/yellow-square.png'), ('correctAnswer', 2)])
124.2554 	EXP 	text_2: autoDraw = False
124.2554 	EXP 	cue_timed_image: image = 'stimuli/solid-rectangle.png'
124.2554 	EXP 	stimuli_timed_image: image = 'stimuli/yellow-square.png'
124.2554 	EXP 	cue_timed_image: autoDraw = True
125.2433 	EXP 	stimuli_timed_image: autoDraw = True
126.7755 	EXP 	Created sequence: sequential, trialTypes=1, nReps=0, seed=None
126.7759 	EXP 	Created sequence: sequential, trialTypes=1, nReps=1, seed=None
126.7761 	EXP 	New trial (rep=0, index=0): None
126.7781 	EXP 	Set sound_3 sound=A
126.7782 	EXP 	Sound sound_3 started
126.8137 	EXP 	cue_timed_image: autoDraw = False
126.8137 	EXP 	stimuli_timed_image: autoDraw = False
126.8137 	EXP 	image_14: autoDraw = True
127.7653 	EXP 	Sound sound_3 stopped
128.4968 	DATA 	Keypress: 2
131.7835 	EXP 	Sound sound_3 stopped
131.7845 	EXP 	Created sequence: sequential, trialTypes=1, nReps=0, seed=None
131.7848 	EXP 	Created sequence: sequential, trialTypes=1, nReps=0, seed=None
131.8172 	EXP 	image_14: autoDraw = False
131.8172 	EXP 	text_2: autoDraw = True
131.9790 	EXP 	New trial (rep=0, index=4): OrderedDict([('blockNum', 1), ('trialNum', 5), ('trialType', 'timed'), ('condition', 9), ('posture', 'sitting'), ('switchTrialType', 'noswitch'), ('congruantTrialType', 'congruant'), ('cueType', 'solid'), ('shapeType', 'triangle'), ('shapeColor', 'yellow'), ('cueFileName', 'stimuli/solid-rectangle.png'), ('stimuliFileName', 'stimuli/yellow-triangle.png'), ('correctAnswer', 2)])
132.0134 	EXP 	text_2: autoDraw = False
132.0134 	EXP 	cue_timed_image: image = 'stimuli/solid-rectangle.png'
132.0134 	EXP 	stimuli_timed_image: image = 'stimuli/yellow-triangle.png'
132.0134 	EXP 	cue_timed_image: autoDraw = True
132.6650 	DATA 	Keypress: quoteleft
133.0023 	EXP 	stimuli_timed_image: autoDraw = True
133.4356 	DATA 	Keypress: escape
133.5644 	EXP 	window1: mouseVisible = True
