0.6478 	WARNING 	We strongly recommend you activate the PTB sound engine in PsychoPy prefs as the preferred audio engine. Its timing is vastly superior. Your prefs are currently set to use ['pygame', 'PTB', 'sounddevice', 'pyo'] (in that order).
9.0970 	EXP 	Created window1 = Window(allowGUI=False, allowStencil=False, autoLog=True, backendConf=UNKNOWN, bitsMode=UNKNOWN, blendMode='avg', bpc=(8, 8, 8), color=array([-1, -1, -1]), colorSpace='rgb', depthBits=8, fullscr=<method-wrapper '__getattribute__' of attributeSetter object at 0x7f989f6cac10>, gamma=None, gammaErrorPolicy='raise', lms=UNKNOWN, monitor=<psychopy.monitors.calibTools.Monitor object at 0x7f989c1d0fd0>, multiSample=False, name='window1', numSamples=2, pos=[0.0, 0.0], screen=0, size=array([1920, 1080]), stencilBits=0, stereo=False, units='deg', useFBO=True, useRetina=False, viewOri=0.0, viewPos=None, viewScale=None, waitBlanking=True, winType='pyglet')
9.0972 	EXP 	window1: mouseVisible = True
9.0972 	EXP 	window1: recordFrameIntervals = False
9.2628 	EXP 	window1: recordFrameIntervals = True
9.4464 	EXP 	window1: recordFrameIntervals = False
9.5711 	EXP 	Created text_3 = TextStim(__class__=<class 'psychopy.visual.text.TextStim'>, alignHoriz=method-wrapper(...), alignText='center', alignVert=method-wrapper(...), anchorHoriz='center', anchorVert='center', antialias=True, autoLog=True, bold=False, color=array([1., 1., 1.]), colorSpace='rgb', contrast=1.0, depth=-1.0, flipHoriz=False, flipVert=False, font='Open Sans', fontFiles=[], height=1.0, italic=False, languageStyle='LTR', name='text_3', opacity=1, ori=0.0, pos=array([0., 0.]), rgb=UNKNOWN, text='', units='deg', win=Window(...), wrapWidth=30.0)
9.5953 	EXP 	Created image_4 = ImageStim(__class__=<class 'psychopy.visual.image.ImageStim'>, autoLog=True, color=array([1., 1., 1.]), colorSpace='rgb', contrast=1.0, depth=0.0, flipHoriz=False, flipVert=False, image='instructions/cond-14-untimed-01.png', interpolate=True, mask=None, maskParams=None, name='image_4', opacity=1, ori=0.0, pos=array([0., 0.]), size=array([53., 30.]), texRes=128.0, units='deg', win=Window(...))
9.6102 	EXP 	Created image_5 = ImageStim(__class__=<class 'psychopy.visual.image.ImageStim'>, autoLog=True, color=array([1., 1., 1.]), colorSpace='rgb', contrast=1.0, depth=0.0, flipHoriz=False, flipVert=False, image='instructions/cond-14-untimed-02.png', interpolate=True, mask=None, maskParams=None, name='image_5', opacity=1, ori=0.0, pos=array([0., 0.]), size=array([53., 30.]), texRes=128.0, units='deg', win=Window(...))
9.6273 	EXP 	Created image_6 = ImageStim(__class__=<class 'psychopy.visual.image.ImageStim'>, autoLog=True, color=array([1., 1., 1.]), colorSpace='rgb', contrast=1.0, depth=0.0, flipHoriz=False, flipVert=False, image='instructions/cond-14-untimed-03.png', interpolate=True, mask=None, maskParams=None, name='image_6', opacity=1, ori=0.0, pos=array([0., 0.]), size=array([53., 30.]), texRes=128.0, units='deg', win=Window(...))
9.6437 	EXP 	Created image_7 = ImageStim(__class__=<class 'psychopy.visual.image.ImageStim'>, autoLog=True, color=array([1., 1., 1.]), colorSpace='rgb', contrast=1.0, depth=0.0, flipHoriz=False, flipVert=False, image='instructions/cond-14-untimed-04.png', interpolate=True, mask=None, maskParams=None, name='image_7', opacity=1, ori=0.0, pos=array([0., 0.]), size=array([53., 30.]), texRes=128.0, units='deg', win=Window(...))
9.6588 	EXP 	Created image_8 = ImageStim(__class__=<class 'psychopy.visual.image.ImageStim'>, autoLog=True, color=array([1., 1., 1.]), colorSpace='rgb', contrast=1.0, depth=0.0, flipHoriz=False, flipVert=False, image='instructions/cond-14-untimed-05.png', interpolate=True, mask=None, maskParams=None, name='image_8', opacity=1, ori=0.0, pos=array([0., 0.]), size=array([53., 30.]), texRes=128.0, units='deg', win=Window(...))
9.6924 	EXP 	Created image_9 = ImageStim(__class__=<class 'psychopy.visual.image.ImageStim'>, autoLog=True, color=array([1., 1., 1.]), colorSpace='rgb', contrast=1.0, depth=0.0, flipHoriz=False, flipVert=False, image='instructions/cond-14-untimed-06.png', interpolate=True, mask=None, maskParams=None, name='image_9', opacity=1, ori=0.0, pos=array([0., 0.]), size=array([53., 30.]), texRes=128.0, units='deg', win=Window(...))
9.7077 	EXP 	Created image_10 = ImageStim(__class__=<class 'psychopy.visual.image.ImageStim'>, autoLog=True, color=array([1., 1., 1.]), colorSpace='rgb', contrast=1.0, depth=0.0, flipHoriz=False, flipVert=False, image='instructions/cond-14-untimed-07.png', interpolate=True, mask=None, maskParams=None, name='image_10', opacity=1, ori=0.0, pos=array([0., 0.]), size=array([53., 30.]), texRes=128.0, units='deg', win=Window(...))
9.7266 	EXP 	Created image_11 = ImageStim(__class__=<class 'psychopy.visual.image.ImageStim'>, autoLog=True, color=array([1., 1., 1.]), colorSpace='rgb', contrast=1.0, depth=0.0, flipHoriz=False, flipVert=False, image='instructions/cond-14-untimed-08.png', interpolate=True, mask=None, maskParams=None, name='image_11', opacity=1, ori=0.0, pos=array([0., 0.]), size=array([53., 30.]), texRes=128.0, units='deg', win=Window(...))
9.7315 	EXP 	Created cue_untimed_image = ImageStim(__class__=<class 'psychopy.visual.image.ImageStim'>, autoLog=True, color=array([1., 1., 1.]), colorSpace='rgb', contrast=1.0, depth=0.0, flipHoriz=False, flipVert=False, image='sin', interpolate=True, mask=None, maskParams=None, name='cue_untimed_image', opacity=1, ori=0.0, pos=array([0., 0.]), size=array([30., 30.]), texRes=128.0, units='cm', win=Window(...))
9.7359 	EXP 	Created stimuli_untimed_image = ImageStim(__class__=<class 'psychopy.visual.image.ImageStim'>, autoLog=True, color=array([1., 1., 1.]), colorSpace='rgb', contrast=1.0, depth=-1.0, flipHoriz=False, flipVert=False, image='sin', interpolate=True, mask=None, maskParams=None, name='stimuli_untimed_image', opacity=1, ori=0.0, pos=array([0., 0.]), size=array([15., 15.]), texRes=128.0, units='cm', win=Window(...))
9.7410 	WARNING 	Hamming was requested using the 'pygame' sound library but hamming is not supported there.
9.7434 	EXP 	Set sound_1 sound=A
9.7435 	EXP 	Set Sound sound_1 volume=1.000
9.7622 	EXP 	Created image_2 = ImageStim(__class__=<class 'psychopy.visual.image.ImageStim'>, autoLog=True, color=array([1., 1., 1.]), colorSpace='rgb', contrast=1.0, depth=-1.0, flipHoriz=False, flipVert=False, image=str(...), interpolate=True, mask=None, maskParams=None, name='image_2', opacity=1, ori=0.0, pos=array([0., 0.]), size=array([53., 30.]), texRes=128.0, units='deg', win=Window(...))
9.7623 	WARNING 	Hamming was requested using the 'pygame' sound library but hamming is not supported there.
9.7637 	EXP 	Set sound_2 sound=A
9.7637 	EXP 	Set Sound sound_2 volume=1.000
9.7814 	EXP 	Created image_3 = ImageStim(__class__=<class 'psychopy.visual.image.ImageStim'>, autoLog=True, color=array([1., 1., 1.]), colorSpace='rgb', contrast=1.0, depth=-1.0, flipHoriz=False, flipVert=False, image=str(...), interpolate=True, mask=None, maskParams=None, name='image_3', opacity=1, ori=0.0, pos=array([0., 0.]), size=array([53., 30.]), texRes=128.0, units='deg', win=Window(...))
9.8025 	EXP 	Created text_2 = TextStim(__class__=<class 'psychopy.visual.text.TextStim'>, alignHoriz=method-wrapper(...), alignText='center', alignVert=method-wrapper(...), anchorHoriz='center', anchorVert='center', antialias=True, autoLog=True, bold=False, color=array([1., 1., 1.]), colorSpace='rgb', contrast=1.0, depth=0.0, flipHoriz=False, flipVert=False, font='Open Sans', fontFiles=[], height=0.1, italic=False, languageStyle='LTR', name='text_2', opacity=1, ori=0.0, pos=array([0., 0.]), rgb=UNKNOWN, text='', units='deg', win=Window(...), wrapWidth=15.0)
9.8183 	EXP 	Created image_12 = ImageStim(__class__=<class 'psychopy.visual.image.ImageStim'>, autoLog=True, color=array([1., 1., 1.]), colorSpace='rgb', contrast=1.0, depth=0.0, flipHoriz=False, flipVert=False, image='instructions/cond-14-timed-01.png', interpolate=True, mask=None, maskParams=None, name='image_12', opacity=1, ori=0.0, pos=array([0., 0.]), size=array([53., 30.]), texRes=128.0, units='deg', win=Window(...))
9.8373 	EXP 	Created image_13 = ImageStim(__class__=<class 'psychopy.visual.image.ImageStim'>, autoLog=True, color=array([1., 1., 1.]), colorSpace='rgb', contrast=1.0, depth=0.0, flipHoriz=False, flipVert=False, image='instructions/cond-14-timed-02.png', interpolate=True, mask=None, maskParams=None, name='image_13', opacity=1, ori=0.0, pos=array([0., 0.]), size=array([53., 30.]), texRes=128.0, units='deg', win=Window(...))
9.8425 	EXP 	Created cue_timed_image = ImageStim(__class__=<class 'psychopy.visual.image.ImageStim'>, autoLog=True, color=array([1., 1., 1.]), colorSpace='rgb', contrast=1.0, depth=0.0, flipHoriz=False, flipVert=False, image='sin', interpolate=True, mask=None, maskParams=None, name='cue_timed_image', opacity=1, ori=0.0, pos=array([0., 0.]), size=array([25., 25.]), texRes=128.0, units='deg', win=Window(...))
9.8469 	EXP 	Created stimuli_timed_image = ImageStim(__class__=<class 'psychopy.visual.image.ImageStim'>, autoLog=True, color=array([1., 1., 1.]), colorSpace='rgb', contrast=1.0, depth=-1.0, flipHoriz=False, flipVert=False, image='sin', interpolate=True, mask=None, maskParams=None, name='stimuli_timed_image', opacity=1, ori=0.0, pos=array([0., 0.]), size=array([12., 12.]), texRes=128.0, units='deg', win=Window(...))
9.8472 	WARNING 	Hamming was requested using the 'pygame' sound library but hamming is not supported there.
9.8486 	EXP 	Set sound_1 sound=A
9.8486 	EXP 	Set Sound sound_1 volume=1.000
9.8643 	EXP 	Created image_2 = ImageStim(__class__=<class 'psychopy.visual.image.ImageStim'>, autoLog=True, color=array([1., 1., 1.]), colorSpace='rgb', contrast=1.0, depth=-1.0, flipHoriz=False, flipVert=False, image=str(...), interpolate=True, mask=None, maskParams=None, name='image_2', opacity=1, ori=0.0, pos=array([0., 0.]), size=array([53., 30.]), texRes=128.0, units='deg', win=Window(...))
9.8644 	WARNING 	Hamming was requested using the 'pygame' sound library but hamming is not supported there.
9.8659 	EXP 	Set sound_3 sound=A
9.8659 	EXP 	Set Sound sound_3 volume=1.000
9.8963 	EXP 	Created image_14 = ImageStim(__class__=<class 'psychopy.visual.image.ImageStim'>, autoLog=True, color=array([1., 1., 1.]), colorSpace='rgb', contrast=1.0, depth=-1.0, flipHoriz=False, flipVert=False, image='instructions/cond-14-error-solid-timeout.png', interpolate=True, mask=None, maskParams=None, name='image_14', opacity=1, ori=0.0, pos=array([0., 0.]), size=array([53., 30.]), texRes=128.0, units='deg', win=Window(...))
9.8964 	WARNING 	Hamming was requested using the 'pygame' sound library but hamming is not supported there.
9.8979 	EXP 	Set sound_2 sound=A
9.8979 	EXP 	Set Sound sound_2 volume=1.000
9.9146 	EXP 	Created image_3 = ImageStim(__class__=<class 'psychopy.visual.image.ImageStim'>, autoLog=True, color=array([1., 1., 1.]), colorSpace='rgb', contrast=1.0, depth=-1.0, flipHoriz=False, flipVert=False, image=str(...), interpolate=True, mask=None, maskParams=None, name='image_3', opacity=1, ori=0.0, pos=array([0., 0.]), size=array([53., 30.]), texRes=128.0, units='deg', win=Window(...))
9.9147 	WARNING 	Hamming was requested using the 'pygame' sound library but hamming is not supported there.
9.9162 	EXP 	Set sound_4 sound=A
9.9162 	EXP 	Set Sound sound_4 volume=1.000
9.9456 	EXP 	Created image_15 = ImageStim(__class__=<class 'psychopy.visual.image.ImageStim'>, autoLog=True, color=array([1., 1., 1.]), colorSpace='rgb', contrast=1.0, depth=-1.0, flipHoriz=False, flipVert=False, image='instructions/cond-14-error-dashed-timeout.png', interpolate=True, mask=None, maskParams=None, name='image_15', opacity=1, ori=0.0, pos=array([0., 0.]), size=array([53., 30.]), texRes=128.0, units='deg', win=Window(...))
9.9475 	EXP 	Created text_2 = TextStim(__class__=<class 'psychopy.visual.text.TextStim'>, alignHoriz=method-wrapper(...), alignText='center', alignVert=method-wrapper(...), anchorHoriz='center', anchorVert='center', antialias=True, autoLog=True, bold=False, color=array([1., 1., 1.]), colorSpace='rgb', contrast=1.0, depth=0.0, flipHoriz=False, flipVert=False, font='Open Sans', fontFiles=[], height=0.1, italic=False, languageStyle='LTR', name='text_2', opacity=1, ori=0.0, pos=array([0., 0.]), rgb=UNKNOWN, text='', units='deg', win=Window(...), wrapWidth=15.0)
9.9492 	EXP 	Created text_3 = TextStim(__class__=<class 'psychopy.visual.text.TextStim'>, alignHoriz=method-wrapper(...), alignText='center', alignVert=method-wrapper(...), anchorHoriz='center', anchorVert='center', antialias=True, autoLog=True, bold=False, color=array([1., 1., 1.]), colorSpace='rgb', contrast=1.0, depth=-1.0, flipHoriz=False, flipVert=False, font='Open Sans', fontFiles=[], height=1.0, italic=False, languageStyle='LTR', name='text_3', opacity=1, ori=0.0, pos=array([0., 0.]), rgb=UNKNOWN, text='', units='deg', win=Window(...), wrapWidth=30.0)
9.9686 	EXP 	Created image = ImageStim(__class__=<class 'psychopy.visual.image.ImageStim'>, autoLog=True, color=array([1., 1., 1.]), colorSpace='rgb', contrast=1.0, depth=0.0, flipHoriz=False, flipVert=False, image='instructions/cond-14-experiment-01.png', interpolate=True, mask=None, maskParams=None, name='image', opacity=1, ori=0.0, pos=array([0., 0.]), size=array([53., 30.]), texRes=128.0, units='deg', win=Window(...))
9.9706 	EXP 	Created text = TextStim(__class__=<class 'psychopy.visual.text.TextStim'>, alignHoriz=method-wrapper(...), alignText='center', alignVert=method-wrapper(...), anchorHoriz='center', anchorVert='center', antialias=True, autoLog=True, bold=False, color=array([1., 1., 1.]), colorSpace='rgb', contrast=1.0, depth=-1.0, flipHoriz=False, flipVert=False, font='Open Sans', fontFiles=[], height=1.0, italic=False, languageStyle='LTR', name='text', opacity=1, ori=0.0, pos=array([0., 0.]), rgb=UNKNOWN, text='', units='deg', win=Window(...), wrapWidth=30.0)
9.9752 	EXP 	Created cue_image = ImageStim(__class__=<class 'psychopy.visual.image.ImageStim'>, autoLog=True, color=array([1., 1., 1.]), colorSpace='rgb', contrast=1.0, depth=0.0, flipHoriz=False, flipVert=False, image='sin', interpolate=True, mask=None, maskParams=None, name='cue_image', opacity=1, ori=0.0, pos=array([0., 0.]), size=array([25., 25.]), texRes=128.0, units='deg', win=Window(...))
9.9797 	EXP 	Created stimuli_image = ImageStim(__class__=<class 'psychopy.visual.image.ImageStim'>, autoLog=True, color=array([1., 1., 1.]), colorSpace='rgb', contrast=1.0, depth=-1.0, flipHoriz=False, flipVert=False, image='sin', interpolate=True, mask=None, maskParams=None, name='stimuli_image', opacity=1, ori=0.0, pos=array([0., 0.]), size=array([12., 12.]), texRes=128.0, units='deg', win=Window(...))
9.9799 	WARNING 	Hamming was requested using the 'pygame' sound library but hamming is not supported there.
9.9814 	EXP 	Set sound_1 sound=A
9.9814 	EXP 	Set Sound sound_1 volume=1.000
9.9965 	EXP 	Created image_2 = ImageStim(__class__=<class 'psychopy.visual.image.ImageStim'>, autoLog=True, color=array([1., 1., 1.]), colorSpace='rgb', contrast=1.0, depth=-1.0, flipHoriz=False, flipVert=False, image=str(...), interpolate=True, mask=None, maskParams=None, name='image_2', opacity=1, ori=0.0, pos=array([0., 0.]), size=array([53., 30.]), texRes=128.0, units='deg', win=Window(...))
9.9965 	WARNING 	Hamming was requested using the 'pygame' sound library but hamming is not supported there.
9.9981 	EXP 	Set sound_3 sound=A
9.9981 	EXP 	Set Sound sound_3 volume=1.000
10.0273 	EXP 	Created image_14 = ImageStim(__class__=<class 'psychopy.visual.image.ImageStim'>, autoLog=True, color=array([1., 1., 1.]), colorSpace='rgb', contrast=1.0, depth=-1.0, flipHoriz=False, flipVert=False, image='instructions/cond-14-error-solid-timeout.png', interpolate=True, mask=None, maskParams=None, name='image_14', opacity=1, ori=0.0, pos=array([0., 0.]), size=array([53., 30.]), texRes=128.0, units='deg', win=Window(...))
10.0274 	WARNING 	Hamming was requested using the 'pygame' sound library but hamming is not supported there.
10.0289 	EXP 	Set sound_2 sound=A
10.0289 	EXP 	Set Sound sound_2 volume=1.000
10.0455 	EXP 	Created image_3 = ImageStim(__class__=<class 'psychopy.visual.image.ImageStim'>, autoLog=True, color=array([1., 1., 1.]), colorSpace='rgb', contrast=1.0, depth=-1.0, flipHoriz=False, flipVert=False, image=str(...), interpolate=True, mask=None, maskParams=None, name='image_3', opacity=1, ori=0.0, pos=array([0., 0.]), size=array([53., 30.]), texRes=128.0, units='deg', win=Window(...))
10.0455 	WARNING 	Hamming was requested using the 'pygame' sound library but hamming is not supported there.
10.0470 	EXP 	Set sound_4 sound=A
10.0470 	EXP 	Set Sound sound_4 volume=1.000
10.0750 	EXP 	Created image_15 = ImageStim(__class__=<class 'psychopy.visual.image.ImageStim'>, autoLog=True, color=array([1., 1., 1.]), colorSpace='rgb', contrast=1.0, depth=-1.0, flipHoriz=False, flipVert=False, image='instructions/cond-14-error-dashed-timeout.png', interpolate=True, mask=None, maskParams=None, name='image_15', opacity=1, ori=0.0, pos=array([0., 0.]), size=array([53., 30.]), texRes=128.0, units='deg', win=Window(...))
10.0770 	EXP 	Created text_2 = TextStim(__class__=<class 'psychopy.visual.text.TextStim'>, alignHoriz=method-wrapper(...), alignText='center', alignVert=method-wrapper(...), anchorHoriz='center', anchorVert='center', antialias=True, autoLog=True, bold=False, color=array([1., 1., 1.]), colorSpace='rgb', contrast=1.0, depth=0.0, flipHoriz=False, flipVert=False, font='Open Sans', fontFiles=[], height=0.1, italic=False, languageStyle='LTR', name='text_2', opacity=1, ori=0.0, pos=array([0., 0.]), rgb=UNKNOWN, text='', units='deg', win=Window(...), wrapWidth=15.0)
10.0786 	EXP 	Created text_4 = TextStim(__class__=<class 'psychopy.visual.text.TextStim'>, alignHoriz=method-wrapper(...), alignText='center', alignVert=method-wrapper(...), anchorHoriz='center', anchorVert='center', antialias=True, autoLog=True, bold=False, color=array([1., 1., 1.]), colorSpace='rgb', contrast=1.0, depth=-1.0, flipHoriz=False, flipVert=False, font='Open Sans', fontFiles=[], height=1.0, italic=False, languageStyle='LTR', name='text_4', opacity=1, ori=0.0, pos=array([0., 0.]), rgb=UNKNOWN, text='', units='deg', win=Window(...), wrapWidth=30.0)
10.1291 	EXP 	text_3: text = '\nYou will be performing this experiment in\ntwo separate postures.\n\nAt this time you should be in the\n`sitting` posture\n\nPlease have the experimenter help you\nget yourself into position for this\nportion of the experiment. \n\nPress any button when you are ready to continue.\n'
10.1291 	EXP 	text_3: autoDraw = True
11.1934 	DATA 	Keypress: 2
11.2274 	EXP 	text_3: autoDraw = False
11.2274 	EXP 	image_4: autoDraw = True
11.8177 	DATA 	Keypress: 2
11.8553 	EXP 	image_4: autoDraw = False
11.8553 	EXP 	image_5: autoDraw = True
11.9187 	DATA 	Keypress: 2
12.6047 	DATA 	Keypress: 1
12.6421 	EXP 	image_5: autoDraw = False
12.6421 	EXP 	image_6: autoDraw = True
12.9256 	DATA 	Keypress: 1
13.2423 	DATA 	Keypress: 2
13.2515 	EXP 	image_6: autoDraw = False
13.2515 	EXP 	image_7: autoDraw = True
13.4246 	DATA 	Keypress: 2
13.4624 	EXP 	image_7: autoDraw = False
13.4624 	EXP 	image_8: autoDraw = True
13.9294 	DATA 	Keypress: 1
13.9384 	EXP 	image_8: autoDraw = False
13.9384 	EXP 	image_9: autoDraw = True
14.2442 	DATA 	Keypress: 2
14.2816 	EXP 	image_9: autoDraw = False
14.2816 	EXP 	image_10: autoDraw = True
14.4833 	DATA 	Keypress: 2
14.4923 	EXP 	image_10: autoDraw = False
14.4923 	EXP 	image_11: autoDraw = True
15.0395 	EXP 	Imported ../data/8015_task-switching-replication_2021_Nov_09_1337-untimed-01-trials.csv as conditions, 12 conditions, 13 params
15.0401 	EXP 	Created sequence: sequential, trialTypes=12, nReps=1, seed=None
15.0407 	EXP 	New trial (rep=0, index=0): OrderedDict([('blockNum', 1), ('trialNum', 1), ('trialType', 'untimed'), ('condition', 14), ('posture', 'sitting'), ('switchTrialType', 'buffer'), ('congruantTrialType', 'buffer'), ('cueType', 'solid'), ('shapeType', 'triangle'), ('shapeColor', 'blue'), ('cueFileName', 'stimuli/solid-rectangle.png'), ('stimuliFileName', 'stimuli/blue-triangle.png'), ('correctAnswer', 2)])
15.0573 	DATA 	Keypress: 2
15.0645 	EXP 	image_11: autoDraw = False
15.0645 	EXP 	cue_untimed_image: image = 'stimuli/solid-rectangle.png'
15.0645 	EXP 	stimuli_untimed_image: image = 'stimuli/blue-triangle.png'
15.0645 	EXP 	cue_untimed_image: autoDraw = True
16.0512 	EXP 	stimuli_untimed_image: autoDraw = True
16.6103 	EXP 	Created sequence: sequential, trialTypes=1, nReps=0, seed=None
16.6107 	EXP 	Created sequence: sequential, trialTypes=1, nReps=0, seed=None
16.6260 	DATA 	Keypress: 2
16.6313 	EXP 	cue_untimed_image: autoDraw = False
16.6313 	EXP 	stimuli_untimed_image: autoDraw = False
16.6313 	EXP 	text_2: autoDraw = True
16.8148 	EXP 	New trial (rep=0, index=1): OrderedDict([('blockNum', 1), ('trialNum', 2), ('trialType', 'untimed'), ('condition', 14), ('posture', 'sitting'), ('switchTrialType', 'noswitch'), ('congruantTrialType', 'congruant'), ('cueType', 'solid'), ('shapeType', 'triangle'), ('shapeColor', 'blue'), ('cueFileName', 'stimuli/solid-rectangle.png'), ('stimuliFileName', 'stimuli/blue-triangle.png'), ('correctAnswer', 2)])
16.8379 	EXP 	text_2: autoDraw = False
16.8379 	EXP 	cue_untimed_image: image = 'stimuli/solid-rectangle.png'
16.8379 	EXP 	stimuli_untimed_image: image = 'stimuli/blue-triangle.png'
16.8379 	EXP 	cue_untimed_image: autoDraw = True
17.8212 	EXP 	stimuli_untimed_image: autoDraw = True
18.2364 	EXP 	Created sequence: sequential, trialTypes=1, nReps=0, seed=None
18.2368 	EXP 	Created sequence: sequential, trialTypes=1, nReps=0, seed=None
18.2520 	DATA 	Keypress: 2
18.2574 	EXP 	cue_untimed_image: autoDraw = False
18.2574 	EXP 	stimuli_untimed_image: autoDraw = False
18.2574 	EXP 	text_2: autoDraw = True
18.4405 	EXP 	New trial (rep=0, index=2): OrderedDict([('blockNum', 1), ('trialNum', 3), ('trialType', 'untimed'), ('condition', 14), ('posture', 'sitting'), ('switchTrialType', 'noswitch'), ('congruantTrialType', 'incongruant'), ('cueType', 'solid'), ('shapeType', 'square'), ('shapeColor', 'yellow'), ('cueFileName', 'stimuli/solid-rectangle.png'), ('stimuliFileName', 'stimuli/yellow-square.png'), ('correctAnswer', 1)])
18.4638 	EXP 	text_2: autoDraw = False
18.4638 	EXP 	cue_untimed_image: image = 'stimuli/solid-rectangle.png'
18.4638 	EXP 	stimuli_untimed_image: image = 'stimuli/yellow-square.png'
18.4638 	EXP 	cue_untimed_image: autoDraw = True
19.4495 	EXP 	stimuli_untimed_image: autoDraw = True
20.1050 	DATA 	Keypress: 1
20.1547 	EXP 	Created sequence: sequential, trialTypes=1, nReps=0, seed=None
20.1550 	EXP 	Created sequence: sequential, trialTypes=1, nReps=0, seed=None
20.1753 	EXP 	cue_untimed_image: autoDraw = False
20.1753 	EXP 	stimuli_untimed_image: autoDraw = False
20.1753 	EXP 	text_2: autoDraw = True
20.3573 	EXP 	New trial (rep=0, index=3): OrderedDict([('blockNum', 1), ('trialNum', 4), ('trialType', 'untimed'), ('condition', 14), ('posture', 'sitting'), ('switchTrialType', 'noswitch'), ('congruantTrialType', 'incongruant'), ('cueType', 'solid'), ('shapeType', 'triangle'), ('shapeColor', 'yellow'), ('cueFileName', 'stimuli/solid-rectangle.png'), ('stimuliFileName', 'stimuli/yellow-triangle.png'), ('correctAnswer', 2)])
20.3801 	EXP 	text_2: autoDraw = False
20.3801 	EXP 	cue_untimed_image: image = 'stimuli/solid-rectangle.png'
20.3801 	EXP 	stimuli_untimed_image: image = 'stimuli/yellow-triangle.png'
20.3801 	EXP 	cue_untimed_image: autoDraw = True
21.3666 	EXP 	stimuli_untimed_image: autoDraw = True
22.4168 	EXP 	Created sequence: sequential, trialTypes=1, nReps=0, seed=None
22.4171 	EXP 	Created sequence: sequential, trialTypes=1, nReps=0, seed=None
22.4358 	DATA 	Keypress: 2
22.4416 	EXP 	cue_untimed_image: autoDraw = False
22.4416 	EXP 	stimuli_untimed_image: autoDraw = False
22.4416 	EXP 	text_2: autoDraw = True
22.4822 	DATA 	Keypress: 2
22.6239 	EXP 	New trial (rep=0, index=4): OrderedDict([('blockNum', 1), ('trialNum', 5), ('trialType', 'untimed'), ('condition', 14), ('posture', 'sitting'), ('switchTrialType', 'noswitch'), ('congruantTrialType', 'congruant'), ('cueType', 'solid'), ('shapeType', 'triangle'), ('shapeColor', 'yellow'), ('cueFileName', 'stimuli/solid-rectangle.png'), ('stimuliFileName', 'stimuli/yellow-triangle.png'), ('correctAnswer', 2)])
22.6492 	EXP 	text_2: autoDraw = False
22.6492 	EXP 	cue_untimed_image: image = 'stimuli/solid-rectangle.png'
22.6492 	EXP 	stimuli_untimed_image: image = 'stimuli/yellow-triangle.png'
22.6492 	EXP 	cue_untimed_image: autoDraw = True
23.6355 	EXP 	stimuli_untimed_image: autoDraw = True
24.0459 	DATA 	Keypress: 2
24.1177 	EXP 	Created sequence: sequential, trialTypes=1, nReps=0, seed=None
24.1182 	EXP 	Created sequence: sequential, trialTypes=1, nReps=0, seed=None
24.1466 	EXP 	cue_untimed_image: autoDraw = False
24.1466 	EXP 	stimuli_untimed_image: autoDraw = False
24.1466 	EXP 	text_2: autoDraw = True
24.3393 	EXP 	New trial (rep=0, index=5): OrderedDict([('blockNum', 1), ('trialNum', 6), ('trialType', 'untimed'), ('condition', 14), ('posture', 'sitting'), ('switchTrialType', 'noswitch'), ('congruantTrialType', 'incongruant'), ('cueType', 'solid'), ('shapeType', 'square'), ('shapeColor', 'blue'), ('cueFileName', 'stimuli/solid-rectangle.png'), ('stimuliFileName', 'stimuli/blue-square.png'), ('correctAnswer', 1)])
24.3695 	EXP 	text_2: autoDraw = False
24.3695 	EXP 	cue_untimed_image: image = 'stimuli/solid-rectangle.png'
24.3695 	EXP 	stimuli_untimed_image: image = 'stimuli/blue-square.png'
24.3695 	EXP 	cue_untimed_image: autoDraw = True
25.3434 	EXP 	stimuli_untimed_image: autoDraw = True
26.0666 	DATA 	Keypress: 1
26.1382 	EXP 	Created sequence: sequential, trialTypes=1, nReps=0, seed=None
26.1386 	EXP 	Created sequence: sequential, trialTypes=1, nReps=0, seed=None
26.1661 	EXP 	cue_untimed_image: autoDraw = False
26.1661 	EXP 	stimuli_untimed_image: autoDraw = False
26.1661 	EXP 	text_2: autoDraw = True
26.3589 	EXP 	New trial (rep=0, index=6): OrderedDict([('blockNum', 1), ('trialNum', 7), ('trialType', 'untimed'), ('condition', 14), ('posture', 'sitting'), ('switchTrialType', 'switch'), ('congruantTrialType', 'congruant'), ('cueType', 'dashed'), ('shapeType', 'square'), ('shapeColor', 'blue'), ('cueFileName', 'stimuli/dashed-rectangle.png'), ('stimuliFileName', 'stimuli/blue-square.png'), ('correctAnswer', 1)])
26.3892 	EXP 	text_2: autoDraw = False
26.3892 	EXP 	cue_untimed_image: image = 'stimuli/dashed-rectangle.png'
26.3892 	EXP 	stimuli_untimed_image: image = 'stimuli/blue-square.png'
26.3892 	EXP 	cue_untimed_image: autoDraw = True
27.3820 	EXP 	stimuli_untimed_image: autoDraw = True
28.3029 	EXP 	Created sequence: sequential, trialTypes=1, nReps=0, seed=None
28.3033 	EXP 	Created sequence: sequential, trialTypes=1, nReps=1, seed=None
28.3035 	EXP 	New trial (rep=0, index=0): None
28.3052 	EXP 	Set sound_2 sound=A
28.3052 	EXP 	Sound sound_2 started
28.3295 	DATA 	Keypress: 2
28.3386 	EXP 	cue_untimed_image: autoDraw = False
28.3386 	EXP 	stimuli_untimed_image: autoDraw = False
28.3386 	EXP 	image_3: autoDraw = True
28.9553 	DATA 	Keypress: 2
29.3153 	EXP 	Sound sound_2 stopped
29.6925 	DATA 	Keypress: 2
30.0438 	DATA 	Keypress: 2
30.5354 	DATA 	Keypress: 2
31.0978 	DATA 	Keypress: 2
31.5196 	DATA 	Keypress: 2
31.5198 	DATA 	Keypress: 2
31.9422 	DATA 	Keypress: 2
33.3250 	EXP 	Sound sound_2 stopped
33.3580 	EXP 	image_3: autoDraw = False
33.3580 	EXP 	text_2: autoDraw = True
33.5200 	EXP 	New trial (rep=0, index=7): OrderedDict([('blockNum', 1), ('trialNum', 8), ('trialType', 'untimed'), ('condition', 14), ('posture', 'sitting'), ('switchTrialType', 'noswitch'), ('congruantTrialType', 'congruant'), ('cueType', 'dashed'), ('shapeType', 'triangle'), ('shapeColor', 'blue'), ('cueFileName', 'stimuli/dashed-rectangle.png'), ('stimuliFileName', 'stimuli/blue-triangle.png'), ('correctAnswer', 1)])
33.5552 	EXP 	text_2: autoDraw = False
33.5552 	EXP 	cue_untimed_image: image = 'stimuli/dashed-rectangle.png'
33.5552 	EXP 	stimuli_untimed_image: image = 'stimuli/blue-triangle.png'
33.5552 	EXP 	cue_untimed_image: autoDraw = True
34.5261 	EXP 	stimuli_untimed_image: autoDraw = True
35.0837 	DATA 	Keypress: 1
35.1697 	EXP 	Created sequence: sequential, trialTypes=1, nReps=0, seed=None
35.1700 	EXP 	Created sequence: sequential, trialTypes=1, nReps=0, seed=None
35.2023 	EXP 	cue_untimed_image: autoDraw = False
35.2023 	EXP 	stimuli_untimed_image: autoDraw = False
35.2023 	EXP 	text_2: autoDraw = True
35.3963 	EXP 	New trial (rep=0, index=8): OrderedDict([('blockNum', 1), ('trialNum', 9), ('trialType', 'untimed'), ('condition', 14), ('posture', 'sitting'), ('switchTrialType', 'noswitch'), ('congruantTrialType', 'incongruant'), ('cueType', 'dashed'), ('shapeType', 'triangle'), ('shapeColor', 'yellow'), ('cueFileName', 'stimuli/dashed-rectangle.png'), ('stimuliFileName', 'stimuli/yellow-triangle.png'), ('correctAnswer', 2)])
35.4313 	EXP 	text_2: autoDraw = False
35.4313 	EXP 	cue_untimed_image: image = 'stimuli/dashed-rectangle.png'
35.4313 	EXP 	stimuli_untimed_image: image = 'stimuli/yellow-triangle.png'
35.4313 	EXP 	cue_untimed_image: autoDraw = True
36.4014 	EXP 	stimuli_untimed_image: autoDraw = True
36.6640 	DATA 	Keypress: 2
36.7499 	EXP 	Created sequence: sequential, trialTypes=1, nReps=0, seed=None
36.7503 	EXP 	Created sequence: sequential, trialTypes=1, nReps=0, seed=None
36.7825 	EXP 	cue_untimed_image: autoDraw = False
36.7825 	EXP 	stimuli_untimed_image: autoDraw = False
36.7825 	EXP 	text_2: autoDraw = True
36.9769 	EXP 	New trial (rep=0, index=9): OrderedDict([('blockNum', 1), ('trialNum', 10), ('trialType', 'untimed'), ('condition', 14), ('posture', 'sitting'), ('switchTrialType', 'noswitch'), ('congruantTrialType', 'incongruant'), ('cueType', 'dashed'), ('shapeType', 'square'), ('shapeColor', 'blue'), ('cueFileName', 'stimuli/dashed-rectangle.png'), ('stimuliFileName', 'stimuli/blue-square.png'), ('correctAnswer', 1)])
37.0121 	EXP 	text_2: autoDraw = False
37.0121 	EXP 	cue_untimed_image: image = 'stimuli/dashed-rectangle.png'
37.0121 	EXP 	stimuli_untimed_image: image = 'stimuli/blue-square.png'
37.0121 	EXP 	cue_untimed_image: autoDraw = True
37.9819 	EXP 	stimuli_untimed_image: autoDraw = True
38.4235 	DATA 	Keypress: 1
38.5094 	EXP 	Created sequence: sequential, trialTypes=1, nReps=0, seed=None
38.5098 	EXP 	Created sequence: sequential, trialTypes=1, nReps=0, seed=None
38.5420 	EXP 	cue_untimed_image: autoDraw = False
38.5420 	EXP 	stimuli_untimed_image: autoDraw = False
38.5420 	EXP 	text_2: autoDraw = True
38.7363 	EXP 	New trial (rep=0, index=10): OrderedDict([('blockNum', 1), ('trialNum', 11), ('trialType', 'untimed'), ('condition', 14), ('posture', 'sitting'), ('switchTrialType', 'noswitch'), ('congruantTrialType', 'incongruant'), ('cueType', 'dashed'), ('shapeType', 'square'), ('shapeColor', 'yellow'), ('cueFileName', 'stimuli/dashed-rectangle.png'), ('stimuliFileName', 'stimuli/yellow-square.png'), ('correctAnswer', 2)])
38.7714 	EXP 	text_2: autoDraw = False
38.7714 	EXP 	cue_untimed_image: image = 'stimuli/dashed-rectangle.png'
38.7714 	EXP 	stimuli_untimed_image: image = 'stimuli/yellow-square.png'
38.7714 	EXP 	cue_untimed_image: autoDraw = True
39.7412 	EXP 	stimuli_untimed_image: autoDraw = True
40.3025 	DATA 	Keypress: 2
40.3887 	EXP 	Created sequence: sequential, trialTypes=1, nReps=0, seed=None
40.3891 	EXP 	Created sequence: sequential, trialTypes=1, nReps=0, seed=None
40.4213 	EXP 	cue_untimed_image: autoDraw = False
40.4213 	EXP 	stimuli_untimed_image: autoDraw = False
40.4213 	EXP 	text_2: autoDraw = True
40.6158 	EXP 	New trial (rep=0, index=11): OrderedDict([('blockNum', 1), ('trialNum', 12), ('trialType', 'untimed'), ('condition', 14), ('posture', 'sitting'), ('switchTrialType', 'switch'), ('congruantTrialType', 'incongruant'), ('cueType', 'solid'), ('shapeType', 'square'), ('shapeColor', 'blue'), ('cueFileName', 'stimuli/solid-rectangle.png'), ('stimuliFileName', 'stimuli/blue-square.png'), ('correctAnswer', 1)])
40.6509 	EXP 	text_2: autoDraw = False
40.6509 	EXP 	cue_untimed_image: image = 'stimuli/solid-rectangle.png'
40.6509 	EXP 	stimuli_untimed_image: image = 'stimuli/blue-square.png'
40.6509 	EXP 	cue_untimed_image: autoDraw = True
41.6230 	EXP 	stimuli_untimed_image: autoDraw = True
42.1206 	DATA 	Keypress: 2
42.2071 	EXP 	Created sequence: sequential, trialTypes=1, nReps=1, seed=None
42.2075 	EXP 	New trial (rep=0, index=0): None
42.2096 	EXP 	Set sound_1 sound=A
42.2097 	EXP 	Sound sound_1 started
42.2452 	EXP 	cue_untimed_image: autoDraw = False
42.2452 	EXP 	stimuli_untimed_image: autoDraw = False
42.2452 	EXP 	image_2: autoDraw = True
42.6931 	DATA 	Keypress: 2
43.2291 	EXP 	Sound sound_1 stopped
47.2332 	EXP 	Sound sound_1 stopped
47.2343 	EXP 	Created sequence: sequential, trialTypes=1, nReps=0, seed=None
47.2667 	EXP 	image_2: autoDraw = False
47.2667 	EXP 	text_2: autoDraw = True
47.4640 	EXP 	text_2: autoDraw = False
47.4640 	EXP 	image_12: autoDraw = True
50.6671 	DATA 	Keypress: 2
50.6762 	EXP 	image_12: autoDraw = False
50.6762 	EXP 	image_13: autoDraw = True
53.1226 	DATA 	Keypress: 2
53.2199 	EXP 	Imported ../data/8015_task-switching-replication_2021_Nov_09_1337-timed-01-trials.csv as conditions, 24 conditions, 13 params
53.2203 	EXP 	Created sequence: sequential, trialTypes=24, nReps=1, seed=None
53.2208 	EXP 	New trial (rep=0, index=0): OrderedDict([('blockNum', 1), ('trialNum', 1), ('trialType', 'timed'), ('condition', 14), ('posture', 'sitting'), ('switchTrialType', 'buffer'), ('congruantTrialType', 'buffer'), ('cueType', 'solid'), ('shapeType', 'triangle'), ('shapeColor', 'blue'), ('cueFileName', 'stimuli/solid-rectangle.png'), ('stimuliFileName', 'stimuli/blue-triangle.png'), ('correctAnswer', 2)])
53.2492 	DATA 	Keypress: 2
53.2558 	EXP 	image_13: autoDraw = False
53.2558 	EXP 	cue_timed_image: image = 'stimuli/solid-rectangle.png'
53.2558 	EXP 	stimuli_timed_image: image = 'stimuli/blue-triangle.png'
53.2558 	EXP 	cue_timed_image: autoDraw = True
54.2430 	EXP 	stimuli_timed_image: autoDraw = True
55.7752 	EXP 	Created sequence: sequential, trialTypes=1, nReps=0, seed=None
55.7756 	EXP 	Created sequence: sequential, trialTypes=1, nReps=1, seed=None
55.7758 	EXP 	New trial (rep=0, index=0): None
55.7778 	EXP 	Set sound_3 sound=A
55.7779 	EXP 	Sound sound_3 started
55.8134 	EXP 	cue_timed_image: autoDraw = False
55.8134 	EXP 	stimuli_timed_image: autoDraw = False
55.8134 	EXP 	image_14: autoDraw = True
56.7653 	EXP 	Sound sound_3 stopped
60.7824 	EXP 	Sound sound_3 stopped
60.7833 	EXP 	Created sequence: sequential, trialTypes=1, nReps=0, seed=None
60.7836 	EXP 	Created sequence: sequential, trialTypes=1, nReps=0, seed=None
60.8159 	EXP 	image_14: autoDraw = False
60.8159 	EXP 	text_2: autoDraw = True
60.9778 	EXP 	New trial (rep=0, index=1): OrderedDict([('blockNum', 1), ('trialNum', 2), ('trialType', 'timed'), ('condition', 14), ('posture', 'sitting'), ('switchTrialType', 'noswitch'), ('congruantTrialType', 'incongruant'), ('cueType', 'solid'), ('shapeType', 'square'), ('shapeColor', 'yellow'), ('cueFileName', 'stimuli/solid-rectangle.png'), ('stimuliFileName', 'stimuli/yellow-square.png'), ('correctAnswer', 1)])
61.0123 	EXP 	text_2: autoDraw = False
61.0123 	EXP 	cue_timed_image: image = 'stimuli/solid-rectangle.png'
61.0123 	EXP 	stimuli_timed_image: image = 'stimuli/yellow-square.png'
61.0123 	EXP 	cue_timed_image: autoDraw = True
61.9992 	EXP 	stimuli_timed_image: autoDraw = True
62.6955 	EXP 	Created sequence: sequential, trialTypes=1, nReps=1, seed=None
62.6958 	EXP 	New trial (rep=0, index=0): None
62.6979 	EXP 	Set sound_1 sound=A
62.6980 	EXP 	Sound sound_1 started
62.7244 	DATA 	Keypress: 2
62.7335 	EXP 	cue_timed_image: autoDraw = False
62.7335 	EXP 	stimuli_timed_image: autoDraw = False
62.7335 	EXP 	image_2: autoDraw = True
63.7174 	EXP 	Sound sound_1 stopped
67.7196 	EXP 	Sound sound_1 stopped
67.7206 	EXP 	Created sequence: sequential, trialTypes=1, nReps=0, seed=None
67.7208 	EXP 	Created sequence: sequential, trialTypes=1, nReps=0, seed=None
67.7211 	EXP 	Created sequence: sequential, trialTypes=1, nReps=0, seed=None
67.7535 	EXP 	image_2: autoDraw = False
67.7535 	EXP 	text_2: autoDraw = True
67.9154 	EXP 	New trial (rep=0, index=2): OrderedDict([('blockNum', 1), ('trialNum', 3), ('trialType', 'timed'), ('condition', 14), ('posture', 'sitting'), ('switchTrialType', 'switch'), ('congruantTrialType', 'incongruant'), ('cueType', 'dashed'), ('shapeType', 'square'), ('shapeColor', 'yellow'), ('cueFileName', 'stimuli/dashed-rectangle.png'), ('stimuliFileName', 'stimuli/yellow-square.png'), ('correctAnswer', 2)])
67.9500 	EXP 	text_2: autoDraw = False
67.9500 	EXP 	cue_timed_image: image = 'stimuli/dashed-rectangle.png'
67.9500 	EXP 	stimuli_timed_image: image = 'stimuli/yellow-square.png'
67.9500 	EXP 	cue_timed_image: autoDraw = True
68.9374 	EXP 	stimuli_timed_image: autoDraw = True
70.4713 	EXP 	Created sequence: sequential, trialTypes=1, nReps=0, seed=None
70.4717 	EXP 	Created sequence: sequential, trialTypes=1, nReps=0, seed=None
70.4721 	EXP 	Created sequence: sequential, trialTypes=1, nReps=0, seed=None
70.4724 	EXP 	Created sequence: sequential, trialTypes=1, nReps=1, seed=None
70.4727 	EXP 	New trial (rep=0, index=0): None
70.4747 	EXP 	Set sound_4 sound=A
70.4748 	EXP 	Sound sound_4 started
70.5102 	EXP 	cue_timed_image: autoDraw = False
70.5102 	EXP 	stimuli_timed_image: autoDraw = False
70.5102 	EXP 	image_15: autoDraw = True
71.4611 	EXP 	Sound sound_4 stopped
75.4769 	EXP 	Sound sound_4 stopped
75.5099 	EXP 	image_15: autoDraw = False
75.5099 	EXP 	text_2: autoDraw = True
75.6716 	EXP 	New trial (rep=0, index=3): OrderedDict([('blockNum', 1), ('trialNum', 4), ('trialType', 'timed'), ('condition', 14), ('posture', 'sitting'), ('switchTrialType', 'noswitch'), ('congruantTrialType', 'congruant'), ('cueType', 'dashed'), ('shapeType', 'triangle'), ('shapeColor', 'yellow'), ('cueFileName', 'stimuli/dashed-rectangle.png'), ('stimuliFileName', 'stimuli/yellow-triangle.png'), ('correctAnswer', 2)])
75.7060 	EXP 	text_2: autoDraw = False
75.7060 	EXP 	cue_timed_image: image = 'stimuli/dashed-rectangle.png'
75.7060 	EXP 	stimuli_timed_image: image = 'stimuli/yellow-triangle.png'
75.7060 	EXP 	cue_timed_image: autoDraw = True
76.6932 	EXP 	stimuli_timed_image: autoDraw = True
77.8634 	EXP 	Created sequence: sequential, trialTypes=1, nReps=0, seed=None
77.8637 	EXP 	Created sequence: sequential, trialTypes=1, nReps=0, seed=None
77.8640 	EXP 	Created sequence: sequential, trialTypes=1, nReps=1, seed=None
77.8642 	EXP 	New trial (rep=0, index=0): None
77.8658 	EXP 	Set sound_2 sound=A
77.8659 	EXP 	Sound sound_2 started
77.8926 	DATA 	Keypress: 1
77.9016 	EXP 	cue_timed_image: autoDraw = False
77.9016 	EXP 	stimuli_timed_image: autoDraw = False
77.9016 	EXP 	image_3: autoDraw = True
78.8851 	EXP 	Sound sound_2 stopped
80.3875 	DATA 	Keypress: escape
80.4669 	EXP 	window1: mouseVisible = True
