0.6526 	WARNING 	We strongly recommend you activate the PTB sound engine in PsychoPy prefs as the preferred audio engine. Its timing is vastly superior. Your prefs are currently set to use ['pygame', 'PTB', 'sounddevice', 'pyo'] (in that order).
8.8466 	EXP 	Created window1 = Window(allowGUI=False, allowStencil=False, autoLog=True, backendConf=UNKNOWN, bitsMode=UNKNOWN, blendMode='avg', bpc=(8, 8, 8), color=array([-1, -1, -1]), colorSpace='rgb', depthBits=8, fullscr=<method-wrapper '__getattribute__' of attributeSetter object at 0x7fc48f18b940>, gamma=None, gammaErrorPolicy='raise', lms=UNKNOWN, monitor=<psychopy.monitors.calibTools.Monitor object at 0x7fc48c215d30>, multiSample=False, name='window1', numSamples=2, pos=[0.0, 0.0], screen=0, size=array([1920, 1080]), stencilBits=0, stereo=False, units='deg', useFBO=True, useRetina=False, viewOri=0.0, viewPos=None, viewScale=None, waitBlanking=True, winType='pyglet')
8.8468 	EXP 	window1: mouseVisible = True
8.8469 	EXP 	window1: recordFrameIntervals = False
9.0124 	EXP 	window1: recordFrameIntervals = True
9.1960 	EXP 	window1: recordFrameIntervals = False
9.3135 	EXP 	Created text_3 = TextStim(__class__=<class 'psychopy.visual.text.TextStim'>, alignHoriz=method-wrapper(...), alignText='center', alignVert=method-wrapper(...), anchorHoriz='center', anchorVert='center', antialias=True, autoLog=True, bold=False, color=array([1., 1., 1.]), colorSpace='rgb', contrast=1.0, depth=-1.0, flipHoriz=False, flipVert=False, font='Open Sans', fontFiles=[], height=1.0, italic=False, languageStyle='LTR', name='text_3', opacity=1, ori=0.0, pos=array([0., 0.]), rgb=UNKNOWN, text='', units='deg', win=Window(...), wrapWidth=30.0)
9.3379 	EXP 	Created image_4 = ImageStim(__class__=<class 'psychopy.visual.image.ImageStim'>, autoLog=True, color=array([1., 1., 1.]), colorSpace='rgb', contrast=1.0, depth=0.0, flipHoriz=False, flipVert=False, image='instructions/cond-02-untimed-01.png', interpolate=True, mask=None, maskParams=None, name='image_4', opacity=1, ori=0.0, pos=array([0., 0.]), size=array([53., 30.]), texRes=128.0, units='deg', win=Window(...))
9.3526 	EXP 	Created image_5 = ImageStim(__class__=<class 'psychopy.visual.image.ImageStim'>, autoLog=True, color=array([1., 1., 1.]), colorSpace='rgb', contrast=1.0, depth=0.0, flipHoriz=False, flipVert=False, image='instructions/cond-02-untimed-02.png', interpolate=True, mask=None, maskParams=None, name='image_5', opacity=1, ori=0.0, pos=array([0., 0.]), size=array([53., 30.]), texRes=128.0, units='deg', win=Window(...))
9.3693 	EXP 	Created image_6 = ImageStim(__class__=<class 'psychopy.visual.image.ImageStim'>, autoLog=True, color=array([1., 1., 1.]), colorSpace='rgb', contrast=1.0, depth=0.0, flipHoriz=False, flipVert=False, image='instructions/cond-02-untimed-03.png', interpolate=True, mask=None, maskParams=None, name='image_6', opacity=1, ori=0.0, pos=array([0., 0.]), size=array([53., 30.]), texRes=128.0, units='deg', win=Window(...))
9.3847 	EXP 	Created image_7 = ImageStim(__class__=<class 'psychopy.visual.image.ImageStim'>, autoLog=True, color=array([1., 1., 1.]), colorSpace='rgb', contrast=1.0, depth=0.0, flipHoriz=False, flipVert=False, image='instructions/cond-02-untimed-04.png', interpolate=True, mask=None, maskParams=None, name='image_7', opacity=1, ori=0.0, pos=array([0., 0.]), size=array([53., 30.]), texRes=128.0, units='deg', win=Window(...))
9.3998 	EXP 	Created image_8 = ImageStim(__class__=<class 'psychopy.visual.image.ImageStim'>, autoLog=True, color=array([1., 1., 1.]), colorSpace='rgb', contrast=1.0, depth=0.0, flipHoriz=False, flipVert=False, image='instructions/cond-02-untimed-05.png', interpolate=True, mask=None, maskParams=None, name='image_8', opacity=1, ori=0.0, pos=array([0., 0.]), size=array([53., 30.]), texRes=128.0, units='deg', win=Window(...))
9.4153 	EXP 	Created image_9 = ImageStim(__class__=<class 'psychopy.visual.image.ImageStim'>, autoLog=True, color=array([1., 1., 1.]), colorSpace='rgb', contrast=1.0, depth=0.0, flipHoriz=False, flipVert=False, image='instructions/cond-02-untimed-06.png', interpolate=True, mask=None, maskParams=None, name='image_9', opacity=1, ori=0.0, pos=array([0., 0.]), size=array([53., 30.]), texRes=128.0, units='deg', win=Window(...))
9.4306 	EXP 	Created image_10 = ImageStim(__class__=<class 'psychopy.visual.image.ImageStim'>, autoLog=True, color=array([1., 1., 1.]), colorSpace='rgb', contrast=1.0, depth=0.0, flipHoriz=False, flipVert=False, image='instructions/cond-02-untimed-07.png', interpolate=True, mask=None, maskParams=None, name='image_10', opacity=1, ori=0.0, pos=array([0., 0.]), size=array([53., 30.]), texRes=128.0, units='deg', win=Window(...))
9.4605 	EXP 	Created image_11 = ImageStim(__class__=<class 'psychopy.visual.image.ImageStim'>, autoLog=True, color=array([1., 1., 1.]), colorSpace='rgb', contrast=1.0, depth=0.0, flipHoriz=False, flipVert=False, image='instructions/cond-02-untimed-08.png', interpolate=True, mask=None, maskParams=None, name='image_11', opacity=1, ori=0.0, pos=array([0., 0.]), size=array([53., 30.]), texRes=128.0, units='deg', win=Window(...))
9.4657 	EXP 	Created cue_untimed_image = ImageStim(__class__=<class 'psychopy.visual.image.ImageStim'>, autoLog=True, color=array([1., 1., 1.]), colorSpace='rgb', contrast=1.0, depth=0.0, flipHoriz=False, flipVert=False, image='sin', interpolate=True, mask=None, maskParams=None, name='cue_untimed_image', opacity=1, ori=0.0, pos=array([0., 0.]), size=array([30., 30.]), texRes=128.0, units='cm', win=Window(...))
9.4703 	EXP 	Created stimuli_untimed_image = ImageStim(__class__=<class 'psychopy.visual.image.ImageStim'>, autoLog=True, color=array([1., 1., 1.]), colorSpace='rgb', contrast=1.0, depth=-1.0, flipHoriz=False, flipVert=False, image='sin', interpolate=True, mask=None, maskParams=None, name='stimuli_untimed_image', opacity=1, ori=0.0, pos=array([0., 0.]), size=array([15., 15.]), texRes=128.0, units='cm', win=Window(...))
9.4757 	WARNING 	Hamming was requested using the 'pygame' sound library but hamming is not supported there.
9.4773 	EXP 	Set sound_1 sound=A
9.4773 	EXP 	Set Sound sound_1 volume=1.000
9.4971 	EXP 	Created image_2 = ImageStim(__class__=<class 'psychopy.visual.image.ImageStim'>, autoLog=True, color=array([1., 1., 1.]), colorSpace='rgb', contrast=1.0, depth=-1.0, flipHoriz=False, flipVert=False, image=str(...), interpolate=True, mask=None, maskParams=None, name='image_2', opacity=1, ori=0.0, pos=array([0., 0.]), size=array([53., 30.]), texRes=128.0, units='deg', win=Window(...))
9.4971 	WARNING 	Hamming was requested using the 'pygame' sound library but hamming is not supported there.
9.4986 	EXP 	Set sound_2 sound=A
9.4986 	EXP 	Set Sound sound_2 volume=1.000
9.5172 	EXP 	Created image_3 = ImageStim(__class__=<class 'psychopy.visual.image.ImageStim'>, autoLog=True, color=array([1., 1., 1.]), colorSpace='rgb', contrast=1.0, depth=-1.0, flipHoriz=False, flipVert=False, image=str(...), interpolate=True, mask=None, maskParams=None, name='image_3', opacity=1, ori=0.0, pos=array([0., 0.]), size=array([53., 30.]), texRes=128.0, units='deg', win=Window(...))
9.5384 	EXP 	Created text_2 = TextStim(__class__=<class 'psychopy.visual.text.TextStim'>, alignHoriz=method-wrapper(...), alignText='center', alignVert=method-wrapper(...), anchorHoriz='center', anchorVert='center', antialias=True, autoLog=True, bold=False, color=array([1., 1., 1.]), colorSpace='rgb', contrast=1.0, depth=0.0, flipHoriz=False, flipVert=False, font='Open Sans', fontFiles=[], height=0.1, italic=False, languageStyle='LTR', name='text_2', opacity=1, ori=0.0, pos=array([0., 0.]), rgb=UNKNOWN, text='', units='deg', win=Window(...), wrapWidth=15.0)
9.5526 	EXP 	Created image_12 = ImageStim(__class__=<class 'psychopy.visual.image.ImageStim'>, autoLog=True, color=array([1., 1., 1.]), colorSpace='rgb', contrast=1.0, depth=0.0, flipHoriz=False, flipVert=False, image='instructions/cond-02-timed-01.png', interpolate=True, mask=None, maskParams=None, name='image_12', opacity=1, ori=0.0, pos=array([0., 0.]), size=array([53., 30.]), texRes=128.0, units='deg', win=Window(...))
9.5813 	EXP 	Created image_13 = ImageStim(__class__=<class 'psychopy.visual.image.ImageStim'>, autoLog=True, color=array([1., 1., 1.]), colorSpace='rgb', contrast=1.0, depth=0.0, flipHoriz=False, flipVert=False, image='instructions/cond-02-timed-02.png', interpolate=True, mask=None, maskParams=None, name='image_13', opacity=1, ori=0.0, pos=array([0., 0.]), size=array([53., 30.]), texRes=128.0, units='deg', win=Window(...))
9.5875 	EXP 	Created cue_timed_image = ImageStim(__class__=<class 'psychopy.visual.image.ImageStim'>, autoLog=True, color=array([1., 1., 1.]), colorSpace='rgb', contrast=1.0, depth=0.0, flipHoriz=False, flipVert=False, image='sin', interpolate=True, mask=None, maskParams=None, name='cue_timed_image', opacity=1, ori=0.0, pos=array([0., 0.]), size=array([25., 25.]), texRes=128.0, units='deg', win=Window(...))
9.5925 	EXP 	Created stimuli_timed_image = ImageStim(__class__=<class 'psychopy.visual.image.ImageStim'>, autoLog=True, color=array([1., 1., 1.]), colorSpace='rgb', contrast=1.0, depth=-1.0, flipHoriz=False, flipVert=False, image='sin', interpolate=True, mask=None, maskParams=None, name='stimuli_timed_image', opacity=1, ori=0.0, pos=array([0., 0.]), size=array([12., 12.]), texRes=128.0, units='deg', win=Window(...))
9.5927 	WARNING 	Hamming was requested using the 'pygame' sound library but hamming is not supported there.
9.5943 	EXP 	Set sound_1 sound=A
9.5943 	EXP 	Set Sound sound_1 volume=1.000
9.6125 	EXP 	Created image_2 = ImageStim(__class__=<class 'psychopy.visual.image.ImageStim'>, autoLog=True, color=array([1., 1., 1.]), colorSpace='rgb', contrast=1.0, depth=-1.0, flipHoriz=False, flipVert=False, image=str(...), interpolate=True, mask=None, maskParams=None, name='image_2', opacity=1, ori=0.0, pos=array([0., 0.]), size=array([53., 30.]), texRes=128.0, units='deg', win=Window(...))
9.6125 	WARNING 	Hamming was requested using the 'pygame' sound library but hamming is not supported there.
9.6140 	EXP 	Set sound_3 sound=A
9.6140 	EXP 	Set Sound sound_3 volume=1.000
9.6424 	EXP 	Created image_14 = ImageStim(__class__=<class 'psychopy.visual.image.ImageStim'>, autoLog=True, color=array([1., 1., 1.]), colorSpace='rgb', contrast=1.0, depth=-1.0, flipHoriz=False, flipVert=False, image='instructions/cond-02-error-solid-timeout.png', interpolate=True, mask=None, maskParams=None, name='image_14', opacity=1, ori=0.0, pos=array([0., 0.]), size=array([53., 30.]), texRes=128.0, units='deg', win=Window(...))
9.6425 	WARNING 	Hamming was requested using the 'pygame' sound library but hamming is not supported there.
9.6440 	EXP 	Set sound_2 sound=A
9.6440 	EXP 	Set Sound sound_2 volume=1.000
9.6625 	EXP 	Created image_3 = ImageStim(__class__=<class 'psychopy.visual.image.ImageStim'>, autoLog=True, color=array([1., 1., 1.]), colorSpace='rgb', contrast=1.0, depth=-1.0, flipHoriz=False, flipVert=False, image=str(...), interpolate=True, mask=None, maskParams=None, name='image_3', opacity=1, ori=0.0, pos=array([0., 0.]), size=array([53., 30.]), texRes=128.0, units='deg', win=Window(...))
9.6625 	WARNING 	Hamming was requested using the 'pygame' sound library but hamming is not supported there.
9.6641 	EXP 	Set sound_4 sound=A
9.6641 	EXP 	Set Sound sound_4 volume=1.000
9.6924 	EXP 	Created image_15 = ImageStim(__class__=<class 'psychopy.visual.image.ImageStim'>, autoLog=True, color=array([1., 1., 1.]), colorSpace='rgb', contrast=1.0, depth=-1.0, flipHoriz=False, flipVert=False, image='instructions/cond-02-error-dashed-timeout.png', interpolate=True, mask=None, maskParams=None, name='image_15', opacity=1, ori=0.0, pos=array([0., 0.]), size=array([53., 30.]), texRes=128.0, units='deg', win=Window(...))
9.6944 	EXP 	Created text_2 = TextStim(__class__=<class 'psychopy.visual.text.TextStim'>, alignHoriz=method-wrapper(...), alignText='center', alignVert=method-wrapper(...), anchorHoriz='center', anchorVert='center', antialias=True, autoLog=True, bold=False, color=array([1., 1., 1.]), colorSpace='rgb', contrast=1.0, depth=0.0, flipHoriz=False, flipVert=False, font='Open Sans', fontFiles=[], height=0.1, italic=False, languageStyle='LTR', name='text_2', opacity=1, ori=0.0, pos=array([0., 0.]), rgb=UNKNOWN, text='', units='deg', win=Window(...), wrapWidth=15.0)
9.6961 	EXP 	Created text_3 = TextStim(__class__=<class 'psychopy.visual.text.TextStim'>, alignHoriz=method-wrapper(...), alignText='center', alignVert=method-wrapper(...), anchorHoriz='center', anchorVert='center', antialias=True, autoLog=True, bold=False, color=array([1., 1., 1.]), colorSpace='rgb', contrast=1.0, depth=-1.0, flipHoriz=False, flipVert=False, font='Open Sans', fontFiles=[], height=1.0, italic=False, languageStyle='LTR', name='text_3', opacity=1, ori=0.0, pos=array([0., 0.]), rgb=UNKNOWN, text='', units='deg', win=Window(...), wrapWidth=30.0)
9.7251 	EXP 	Created image = ImageStim(__class__=<class 'psychopy.visual.image.ImageStim'>, autoLog=True, color=array([1., 1., 1.]), colorSpace='rgb', contrast=1.0, depth=0.0, flipHoriz=False, flipVert=False, image='instructions/cond-02-experiment-01.png', interpolate=True, mask=None, maskParams=None, name='image', opacity=1, ori=0.0, pos=array([0., 0.]), size=array([53., 30.]), texRes=128.0, units='deg', win=Window(...))
9.7273 	EXP 	Created text = TextStim(__class__=<class 'psychopy.visual.text.TextStim'>, alignHoriz=method-wrapper(...), alignText='center', alignVert=method-wrapper(...), anchorHoriz='center', anchorVert='center', antialias=True, autoLog=True, bold=False, color=array([1., 1., 1.]), colorSpace='rgb', contrast=1.0, depth=-1.0, flipHoriz=False, flipVert=False, font='Open Sans', fontFiles=[], height=1.0, italic=False, languageStyle='LTR', name='text', opacity=1, ori=0.0, pos=array([0., 0.]), rgb=UNKNOWN, text='', units='deg', win=Window(...), wrapWidth=30.0)
9.7325 	EXP 	Created cue_image = ImageStim(__class__=<class 'psychopy.visual.image.ImageStim'>, autoLog=True, color=array([1., 1., 1.]), colorSpace='rgb', contrast=1.0, depth=0.0, flipHoriz=False, flipVert=False, image='sin', interpolate=True, mask=None, maskParams=None, name='cue_image', opacity=1, ori=0.0, pos=array([0., 0.]), size=array([25., 25.]), texRes=128.0, units='deg', win=Window(...))
9.7371 	EXP 	Created stimuli_image = ImageStim(__class__=<class 'psychopy.visual.image.ImageStim'>, autoLog=True, color=array([1., 1., 1.]), colorSpace='rgb', contrast=1.0, depth=-1.0, flipHoriz=False, flipVert=False, image='sin', interpolate=True, mask=None, maskParams=None, name='stimuli_image', opacity=1, ori=0.0, pos=array([0., 0.]), size=array([12., 12.]), texRes=128.0, units='deg', win=Window(...))
9.7374 	WARNING 	Hamming was requested using the 'pygame' sound library but hamming is not supported there.
9.7388 	EXP 	Set sound_1 sound=A
9.7389 	EXP 	Set Sound sound_1 volume=1.000
9.7569 	EXP 	Created image_2 = ImageStim(__class__=<class 'psychopy.visual.image.ImageStim'>, autoLog=True, color=array([1., 1., 1.]), colorSpace='rgb', contrast=1.0, depth=-1.0, flipHoriz=False, flipVert=False, image=str(...), interpolate=True, mask=None, maskParams=None, name='image_2', opacity=1, ori=0.0, pos=array([0., 0.]), size=array([53., 30.]), texRes=128.0, units='deg', win=Window(...))
9.7570 	WARNING 	Hamming was requested using the 'pygame' sound library but hamming is not supported there.
9.7587 	EXP 	Set sound_3 sound=A
9.7587 	EXP 	Set Sound sound_3 volume=1.000
9.7874 	EXP 	Created image_14 = ImageStim(__class__=<class 'psychopy.visual.image.ImageStim'>, autoLog=True, color=array([1., 1., 1.]), colorSpace='rgb', contrast=1.0, depth=-1.0, flipHoriz=False, flipVert=False, image='instructions/cond-02-error-solid-timeout.png', interpolate=True, mask=None, maskParams=None, name='image_14', opacity=1, ori=0.0, pos=array([0., 0.]), size=array([53., 30.]), texRes=128.0, units='deg', win=Window(...))
9.7875 	WARNING 	Hamming was requested using the 'pygame' sound library but hamming is not supported there.
9.7890 	EXP 	Set sound_2 sound=A
9.7890 	EXP 	Set Sound sound_2 volume=1.000
9.8062 	EXP 	Created image_3 = ImageStim(__class__=<class 'psychopy.visual.image.ImageStim'>, autoLog=True, color=array([1., 1., 1.]), colorSpace='rgb', contrast=1.0, depth=-1.0, flipHoriz=False, flipVert=False, image=str(...), interpolate=True, mask=None, maskParams=None, name='image_3', opacity=1, ori=0.0, pos=array([0., 0.]), size=array([53., 30.]), texRes=128.0, units='deg', win=Window(...))
9.8063 	WARNING 	Hamming was requested using the 'pygame' sound library but hamming is not supported there.
9.8078 	EXP 	Set sound_4 sound=A
9.8078 	EXP 	Set Sound sound_4 volume=1.000
9.8363 	EXP 	Created image_15 = ImageStim(__class__=<class 'psychopy.visual.image.ImageStim'>, autoLog=True, color=array([1., 1., 1.]), colorSpace='rgb', contrast=1.0, depth=-1.0, flipHoriz=False, flipVert=False, image='instructions/cond-02-error-dashed-timeout.png', interpolate=True, mask=None, maskParams=None, name='image_15', opacity=1, ori=0.0, pos=array([0., 0.]), size=array([53., 30.]), texRes=128.0, units='deg', win=Window(...))
9.8383 	EXP 	Created text_2 = TextStim(__class__=<class 'psychopy.visual.text.TextStim'>, alignHoriz=method-wrapper(...), alignText='center', alignVert=method-wrapper(...), anchorHoriz='center', anchorVert='center', antialias=True, autoLog=True, bold=False, color=array([1., 1., 1.]), colorSpace='rgb', contrast=1.0, depth=0.0, flipHoriz=False, flipVert=False, font='Open Sans', fontFiles=[], height=0.1, italic=False, languageStyle='LTR', name='text_2', opacity=1, ori=0.0, pos=array([0., 0.]), rgb=UNKNOWN, text='', units='deg', win=Window(...), wrapWidth=15.0)
9.8400 	EXP 	Created text_4 = TextStim(__class__=<class 'psychopy.visual.text.TextStim'>, alignHoriz=method-wrapper(...), alignText='center', alignVert=method-wrapper(...), anchorHoriz='center', anchorVert='center', antialias=True, autoLog=True, bold=False, color=array([1., 1., 1.]), colorSpace='rgb', contrast=1.0, depth=-1.0, flipHoriz=False, flipVert=False, font='Open Sans', fontFiles=[], height=1.0, italic=False, languageStyle='LTR', name='text_4', opacity=1, ori=0.0, pos=array([0., 0.]), rgb=UNKNOWN, text='', units='deg', win=Window(...), wrapWidth=30.0)
9.8920 	EXP 	text_3: text = '\nYou will be performing this experiment in\ntwo separate postures.\n\nAt this time you should be in the\n`standing` posture\n\nPlease have the experimenter help you\nget yourself into position for this\nportion of the experiment. \n\nPress any button when you are ready to continue.\n'
9.8920 	EXP 	text_3: autoDraw = True
14.0718 	DATA 	Keypress: 2
14.1353 	EXP 	text_3: autoDraw = False
14.1353 	EXP 	image_4: autoDraw = True
30.8135 	DATA 	Keypress: 2
30.9093 	EXP 	image_4: autoDraw = False
30.9093 	EXP 	image_5: autoDraw = True
32.1076 	DATA 	Keypress: 1
32.1168 	EXP 	image_5: autoDraw = False
32.1168 	EXP 	image_6: autoDraw = True
32.6232 	DATA 	Keypress: 2
32.7192 	EXP 	image_6: autoDraw = False
32.7192 	EXP 	image_7: autoDraw = True
34.1329 	DATA 	Keypress: 2
34.2287 	EXP 	image_7: autoDraw = False
34.2287 	EXP 	image_8: autoDraw = True
34.8532 	DATA 	Keypress: 2
35.0999 	DATA 	Keypress: 1
35.1954 	EXP 	image_8: autoDraw = False
35.1954 	EXP 	image_9: autoDraw = True
35.5785 	DATA 	Keypress: 2
35.6743 	EXP 	image_9: autoDraw = False
35.6743 	EXP 	image_10: autoDraw = True
36.3265 	DATA 	Keypress: 1
36.3359 	EXP 	image_10: autoDraw = False
36.3359 	EXP 	image_11: autoDraw = True
37.4852 	EXP 	Imported ../data/8016_task-switching-replication_2021_Nov_09_1059-untimed-01-trials.csv as conditions, 12 conditions, 13 params
37.4857 	EXP 	Created sequence: sequential, trialTypes=12, nReps=1, seed=None
37.4863 	EXP 	New trial (rep=0, index=0): OrderedDict([('blockNum', 1), ('trialNum', 1), ('trialType', 'untimed'), ('condition', 2), ('posture', 'standing'), ('switchTrialType', 'buffer'), ('congruantTrialType', 'buffer'), ('cueType', 'dashed'), ('shapeType', 'square'), ('shapeColor', 'yellow'), ('cueFileName', 'stimuli/dashed-rectangle.png'), ('stimuliFileName', 'stimuli/yellow-square.png'), ('correctAnswer', 1)])
37.5149 	DATA 	Keypress: 1
37.5222 	EXP 	image_11: autoDraw = False
37.5222 	EXP 	cue_untimed_image: image = 'stimuli/dashed-rectangle.png'
37.5222 	EXP 	stimuli_untimed_image: image = 'stimuli/yellow-square.png'
37.5222 	EXP 	cue_untimed_image: autoDraw = True
38.5269 	EXP 	stimuli_untimed_image: autoDraw = True
44.0860 	EXP 	Created sequence: sequential, trialTypes=1, nReps=0, seed=None
44.0864 	EXP 	Created sequence: sequential, trialTypes=1, nReps=0, seed=None
44.1137 	DATA 	Keypress: 1
44.1190 	EXP 	cue_untimed_image: autoDraw = False
44.1190 	EXP 	stimuli_untimed_image: autoDraw = False
44.1190 	EXP 	text_2: autoDraw = True
44.3137 	EXP 	New trial (rep=0, index=1): OrderedDict([('blockNum', 1), ('trialNum', 2), ('trialType', 'untimed'), ('condition', 2), ('posture', 'standing'), ('switchTrialType', 'switch'), ('congruantTrialType', 'incongruant'), ('cueType', 'solid'), ('shapeType', 'square'), ('shapeColor', 'yellow'), ('cueFileName', 'stimuli/solid-rectangle.png'), ('stimuliFileName', 'stimuli/yellow-square.png'), ('correctAnswer', 2)])
44.3488 	EXP 	text_2: autoDraw = False
44.3488 	EXP 	cue_untimed_image: image = 'stimuli/solid-rectangle.png'
44.3488 	EXP 	stimuli_untimed_image: image = 'stimuli/yellow-square.png'
44.3488 	EXP 	cue_untimed_image: autoDraw = True
45.3196 	EXP 	stimuli_untimed_image: autoDraw = True
45.6988 	DATA 	Keypress: 2
45.7848 	EXP 	Created sequence: sequential, trialTypes=1, nReps=0, seed=None
45.7852 	EXP 	Created sequence: sequential, trialTypes=1, nReps=0, seed=None
45.8174 	EXP 	cue_untimed_image: autoDraw = False
45.8174 	EXP 	stimuli_untimed_image: autoDraw = False
45.8174 	EXP 	text_2: autoDraw = True
46.0119 	EXP 	New trial (rep=0, index=2): OrderedDict([('blockNum', 1), ('trialNum', 3), ('trialType', 'untimed'), ('condition', 2), ('posture', 'standing'), ('switchTrialType', 'noswitch'), ('congruantTrialType', 'incongruant'), ('cueType', 'solid'), ('shapeType', 'triangle'), ('shapeColor', 'blue'), ('cueFileName', 'stimuli/solid-rectangle.png'), ('stimuliFileName', 'stimuli/blue-triangle.png'), ('correctAnswer', 1)])
46.0470 	EXP 	text_2: autoDraw = False
46.0470 	EXP 	cue_untimed_image: image = 'stimuli/solid-rectangle.png'
46.0470 	EXP 	stimuli_untimed_image: image = 'stimuli/blue-triangle.png'
46.0470 	EXP 	cue_untimed_image: autoDraw = True
47.0175 	EXP 	stimuli_untimed_image: autoDraw = True
47.6941 	DATA 	Keypress: 2
47.7805 	EXP 	Created sequence: sequential, trialTypes=1, nReps=1, seed=None
47.7808 	EXP 	New trial (rep=0, index=0): None
47.7829 	EXP 	Set sound_1 sound=A
47.7830 	EXP 	Sound sound_1 started
47.8185 	EXP 	cue_untimed_image: autoDraw = False
47.8185 	EXP 	stimuli_untimed_image: autoDraw = False
47.8185 	EXP 	image_2: autoDraw = True
48.7718 	EXP 	Sound sound_1 stopped
50.6601 	WARNING 	Got keycode {} but that code isn't yet known
50.6601 	WARNING 	Keypress was given unknown key code (123)
51.3409 	WARNING 	Got keycode {} but that code isn't yet known
51.3409 	WARNING 	Keypress was given unknown key code (123)
51.5905 	WARNING 	Got keycode {} but that code isn't yet known
51.5905 	WARNING 	Keypress was given unknown key code (123)
51.8036 	WARNING 	Got keycode {} but that code isn't yet known
51.8037 	WARNING 	Keypress was given unknown key code (123)
52.2304 	WARNING 	Got keycode {} but that code isn't yet known
52.2304 	WARNING 	Keypress was given unknown key code (123)
52.4074 	WARNING 	Got keycode {} but that code isn't yet known
52.4075 	WARNING 	Keypress was given unknown key code (123)
52.5852 	WARNING 	Got keycode {} but that code isn't yet known
52.5853 	WARNING 	Keypress was given unknown key code (123)
52.8149 	EXP 	Sound sound_1 stopped
52.8161 	EXP 	Created sequence: sequential, trialTypes=1, nReps=0, seed=None
52.8486 	EXP 	image_2: autoDraw = False
52.8486 	EXP 	text_2: autoDraw = True
53.0112 	EXP 	New trial (rep=0, index=3): OrderedDict([('blockNum', 1), ('trialNum', 4), ('trialType', 'untimed'), ('condition', 2), ('posture', 'standing'), ('switchTrialType', 'noswitch'), ('congruantTrialType', 'congruant'), ('cueType', 'solid'), ('shapeType', 'square'), ('shapeColor', 'blue'), ('cueFileName', 'stimuli/solid-rectangle.png'), ('stimuliFileName', 'stimuli/blue-square.png'), ('correctAnswer', 1)])
53.0467 	EXP 	text_2: autoDraw = False
53.0467 	EXP 	cue_untimed_image: image = 'stimuli/solid-rectangle.png'
53.0467 	EXP 	stimuli_untimed_image: image = 'stimuli/blue-square.png'
53.0467 	EXP 	cue_untimed_image: autoDraw = True
54.0189 	EXP 	stimuli_untimed_image: autoDraw = True
55.0855 	EXP 	Created sequence: sequential, trialTypes=1, nReps=0, seed=None
55.0858 	EXP 	Created sequence: sequential, trialTypes=1, nReps=0, seed=None
55.1131 	DATA 	Keypress: 1
55.1185 	EXP 	cue_untimed_image: autoDraw = False
55.1185 	EXP 	stimuli_untimed_image: autoDraw = False
55.1185 	EXP 	text_2: autoDraw = True
55.3131 	EXP 	New trial (rep=0, index=4): OrderedDict([('blockNum', 1), ('trialNum', 5), ('trialType', 'untimed'), ('condition', 2), ('posture', 'standing'), ('switchTrialType', 'switch'), ('congruantTrialType', 'incongruant'), ('cueType', 'dashed'), ('shapeType', 'triangle'), ('shapeColor', 'yellow'), ('cueFileName', 'stimuli/dashed-rectangle.png'), ('stimuliFileName', 'stimuli/yellow-triangle.png'), ('correctAnswer', 2)])
55.3481 	EXP 	text_2: autoDraw = False
55.3481 	EXP 	cue_untimed_image: image = 'stimuli/dashed-rectangle.png'
55.3481 	EXP 	stimuli_untimed_image: image = 'stimuli/yellow-triangle.png'
55.3481 	EXP 	cue_untimed_image: autoDraw = True
56.3206 	EXP 	stimuli_untimed_image: autoDraw = True
57.1780 	DATA 	Keypress: 2
57.2640 	EXP 	Created sequence: sequential, trialTypes=1, nReps=0, seed=None
57.2643 	EXP 	Created sequence: sequential, trialTypes=1, nReps=0, seed=None
57.2966 	EXP 	cue_untimed_image: autoDraw = False
57.2966 	EXP 	stimuli_untimed_image: autoDraw = False
57.2966 	EXP 	text_2: autoDraw = True
57.4908 	EXP 	New trial (rep=0, index=5): OrderedDict([('blockNum', 1), ('trialNum', 6), ('trialType', 'untimed'), ('condition', 2), ('posture', 'standing'), ('switchTrialType', 'switch'), ('congruantTrialType', 'incongruant'), ('cueType', 'solid'), ('shapeType', 'square'), ('shapeColor', 'blue'), ('cueFileName', 'stimuli/solid-rectangle.png'), ('stimuliFileName', 'stimuli/blue-square.png'), ('correctAnswer', 1)])
57.5260 	EXP 	text_2: autoDraw = False
57.5260 	EXP 	cue_untimed_image: image = 'stimuli/solid-rectangle.png'
57.5260 	EXP 	stimuli_untimed_image: image = 'stimuli/blue-square.png'
57.5260 	EXP 	cue_untimed_image: autoDraw = True
58.4967 	EXP 	stimuli_untimed_image: autoDraw = True
60.1316 	DATA 	Keypress: 2
60.2181 	EXP 	Created sequence: sequential, trialTypes=1, nReps=1, seed=None
60.2184 	EXP 	New trial (rep=0, index=0): None
60.2204 	EXP 	Set sound_1 sound=A
60.2205 	EXP 	Sound sound_1 started
60.2560 	EXP 	cue_untimed_image: autoDraw = False
60.2560 	EXP 	stimuli_untimed_image: autoDraw = False
60.2560 	EXP 	image_2: autoDraw = True
61.2087 	EXP 	Sound sound_1 stopped
65.2267 	EXP 	Sound sound_1 stopped
65.2277 	EXP 	Created sequence: sequential, trialTypes=1, nReps=0, seed=None
65.2602 	EXP 	image_2: autoDraw = False
65.2602 	EXP 	text_2: autoDraw = True
65.4222 	EXP 	New trial (rep=0, index=6): OrderedDict([('blockNum', 1), ('trialNum', 7), ('trialType', 'untimed'), ('condition', 2), ('posture', 'standing'), ('switchTrialType', 'switch'), ('congruantTrialType', 'congruant'), ('cueType', 'dashed'), ('shapeType', 'square'), ('shapeColor', 'blue'), ('cueFileName', 'stimuli/dashed-rectangle.png'), ('stimuliFileName', 'stimuli/blue-square.png'), ('correctAnswer', 1)])
65.4573 	EXP 	text_2: autoDraw = False
65.4573 	EXP 	cue_untimed_image: image = 'stimuli/dashed-rectangle.png'
65.4573 	EXP 	stimuli_untimed_image: image = 'stimuli/blue-square.png'
65.4573 	EXP 	cue_untimed_image: autoDraw = True
66.4267 	EXP 	stimuli_untimed_image: autoDraw = True
67.0095 	EXP 	Created sequence: sequential, trialTypes=1, nReps=0, seed=None
67.0098 	EXP 	Created sequence: sequential, trialTypes=1, nReps=0, seed=None
67.0374 	DATA 	Keypress: 1
67.0427 	EXP 	cue_untimed_image: autoDraw = False
67.0427 	EXP 	stimuli_untimed_image: autoDraw = False
67.0427 	EXP 	text_2: autoDraw = True
67.2380 	EXP 	New trial (rep=0, index=7): OrderedDict([('blockNum', 1), ('trialNum', 8), ('trialType', 'untimed'), ('condition', 2), ('posture', 'standing'), ('switchTrialType', 'noswitch'), ('congruantTrialType', 'incongruant'), ('cueType', 'dashed'), ('shapeType', 'triangle'), ('shapeColor', 'blue'), ('cueFileName', 'stimuli/dashed-rectangle.png'), ('stimuliFileName', 'stimuli/blue-triangle.png'), ('correctAnswer', 2)])
67.2732 	EXP 	text_2: autoDraw = False
67.2732 	EXP 	cue_untimed_image: image = 'stimuli/dashed-rectangle.png'
67.2732 	EXP 	stimuli_untimed_image: image = 'stimuli/blue-triangle.png'
67.2732 	EXP 	cue_untimed_image: autoDraw = True
68.2428 	EXP 	stimuli_untimed_image: autoDraw = True
68.7064 	EXP 	Created sequence: sequential, trialTypes=1, nReps=0, seed=None
68.7068 	EXP 	Created sequence: sequential, trialTypes=1, nReps=1, seed=None
68.7070 	EXP 	New trial (rep=0, index=0): None
68.7090 	EXP 	Set sound_2 sound=A
68.7091 	EXP 	Sound sound_2 started
68.7356 	DATA 	Keypress: 1
68.7448 	EXP 	cue_untimed_image: autoDraw = False
68.7448 	EXP 	stimuli_untimed_image: autoDraw = False
68.7448 	EXP 	image_3: autoDraw = True
69.6967 	EXP 	Sound sound_2 stopped
73.7157 	EXP 	Sound sound_2 stopped
73.7487 	EXP 	image_3: autoDraw = False
73.7487 	EXP 	text_2: autoDraw = True
73.8975 	WARNING 	Got keycode {} but that code isn't yet known
73.8975 	WARNING 	Keypress was given unknown key code (122)
73.9108 	EXP 	New trial (rep=0, index=8): OrderedDict([('blockNum', 1), ('trialNum', 9), ('trialType', 'untimed'), ('condition', 2), ('posture', 'standing'), ('switchTrialType', 'switch'), ('congruantTrialType', 'congruant'), ('cueType', 'solid'), ('shapeType', 'triangle'), ('shapeColor', 'yellow'), ('cueFileName', 'stimuli/solid-rectangle.png'), ('stimuliFileName', 'stimuli/yellow-triangle.png'), ('correctAnswer', 2)])
73.9458 	EXP 	text_2: autoDraw = False
73.9458 	EXP 	cue_untimed_image: image = 'stimuli/solid-rectangle.png'
73.9458 	EXP 	stimuli_untimed_image: image = 'stimuli/yellow-triangle.png'
73.9458 	EXP 	cue_untimed_image: autoDraw = True
74.9306 	EXP 	stimuli_untimed_image: autoDraw = True
75.3945 	EXP 	Created sequence: sequential, trialTypes=1, nReps=1, seed=None
75.3947 	EXP 	New trial (rep=0, index=0): None
75.3963 	EXP 	Set sound_1 sound=A
75.3964 	EXP 	Sound sound_1 started
75.4228 	DATA 	Keypress: 1
75.4321 	EXP 	cue_untimed_image: autoDraw = False
75.4321 	EXP 	stimuli_untimed_image: autoDraw = False
75.4321 	EXP 	image_2: autoDraw = True
76.3894 	EXP 	Sound sound_1 stopped
78.3235 	DATA 	Keypress: 2
80.4131 	EXP 	Sound sound_1 stopped
80.4141 	EXP 	Created sequence: sequential, trialTypes=1, nReps=0, seed=None
80.4465 	EXP 	image_2: autoDraw = False
80.4465 	EXP 	text_2: autoDraw = True
80.6087 	EXP 	New trial (rep=0, index=9): OrderedDict([('blockNum', 1), ('trialNum', 10), ('trialType', 'untimed'), ('condition', 2), ('posture', 'standing'), ('switchTrialType', 'switch'), ('congruantTrialType', 'congruant'), ('cueType', 'dashed'), ('shapeType', 'triangle'), ('shapeColor', 'blue'), ('cueFileName', 'stimuli/dashed-rectangle.png'), ('stimuliFileName', 'stimuli/blue-triangle.png'), ('correctAnswer', 2)])
80.6439 	EXP 	text_2: autoDraw = False
80.6439 	EXP 	cue_untimed_image: image = 'stimuli/dashed-rectangle.png'
80.6439 	EXP 	stimuli_untimed_image: image = 'stimuli/blue-triangle.png'
80.6439 	EXP 	cue_untimed_image: autoDraw = True
80.7709 	DATA 	Keypress: 2
81.6170 	EXP 	stimuli_untimed_image: autoDraw = True
82.4143 	DATA 	Keypress: 2
82.5006 	EXP 	Created sequence: sequential, trialTypes=1, nReps=0, seed=None
82.5010 	EXP 	Created sequence: sequential, trialTypes=1, nReps=0, seed=None
82.5336 	EXP 	cue_untimed_image: autoDraw = False
82.5336 	EXP 	stimuli_untimed_image: autoDraw = False
82.5336 	EXP 	text_2: autoDraw = True
82.7277 	EXP 	New trial (rep=0, index=10): OrderedDict([('blockNum', 1), ('trialNum', 11), ('trialType', 'untimed'), ('condition', 2), ('posture', 'standing'), ('switchTrialType', 'switch'), ('congruantTrialType', 'congruant'), ('cueType', 'solid'), ('shapeType', 'square'), ('shapeColor', 'yellow'), ('cueFileName', 'stimuli/solid-rectangle.png'), ('stimuliFileName', 'stimuli/yellow-square.png'), ('correctAnswer', 2)])
82.7627 	EXP 	text_2: autoDraw = False
82.7627 	EXP 	cue_untimed_image: image = 'stimuli/solid-rectangle.png'
82.7627 	EXP 	stimuli_untimed_image: image = 'stimuli/yellow-square.png'
82.7627 	EXP 	cue_untimed_image: autoDraw = True
83.7330 	EXP 	stimuli_untimed_image: autoDraw = True
84.1729 	DATA 	Keypress: 1
84.2591 	EXP 	Created sequence: sequential, trialTypes=1, nReps=1, seed=None
84.2593 	EXP 	New trial (rep=0, index=0): None
84.2610 	EXP 	Set sound_1 sound=A
84.2610 	EXP 	Sound sound_1 started
84.2964 	EXP 	cue_untimed_image: autoDraw = False
84.2964 	EXP 	stimuli_untimed_image: autoDraw = False
84.2964 	EXP 	image_2: autoDraw = True
85.2492 	EXP 	Sound sound_1 stopped
87.5027 	DATA 	Keypress: 2
89.2756 	EXP 	Sound sound_1 stopped
89.2766 	EXP 	Created sequence: sequential, trialTypes=1, nReps=0, seed=None
89.3089 	EXP 	image_2: autoDraw = False
89.3089 	EXP 	text_2: autoDraw = True
89.4709 	EXP 	New trial (rep=0, index=11): OrderedDict([('blockNum', 1), ('trialNum', 12), ('trialType', 'untimed'), ('condition', 2), ('posture', 'standing'), ('switchTrialType', 'switch'), ('congruantTrialType', 'congruant'), ('cueType', 'dashed'), ('shapeType', 'triangle'), ('shapeColor', 'yellow'), ('cueFileName', 'stimuli/dashed-rectangle.png'), ('stimuliFileName', 'stimuli/yellow-triangle.png'), ('correctAnswer', 2)])
89.5059 	EXP 	text_2: autoDraw = False
89.5059 	EXP 	cue_untimed_image: image = 'stimuli/dashed-rectangle.png'
89.5059 	EXP 	stimuli_untimed_image: image = 'stimuli/yellow-triangle.png'
89.5059 	EXP 	cue_untimed_image: autoDraw = True
90.4754 	EXP 	stimuli_untimed_image: autoDraw = True
91.0328 	DATA 	Keypress: 2
91.1191 	EXP 	Created sequence: sequential, trialTypes=1, nReps=0, seed=None
91.1196 	EXP 	Created sequence: sequential, trialTypes=1, nReps=0, seed=None
91.1521 	EXP 	cue_untimed_image: autoDraw = False
91.1521 	EXP 	stimuli_untimed_image: autoDraw = False
91.1521 	EXP 	text_2: autoDraw = True
91.3818 	EXP 	text_2: autoDraw = False
91.3818 	EXP 	image_12: autoDraw = True
93.1611 	DATA 	Keypress: 2
93.2570 	EXP 	image_12: autoDraw = False
93.2570 	EXP 	image_13: autoDraw = True
97.2434 	DATA 	Keypress: 2
97.3407 	EXP 	Imported ../data/8016_task-switching-replication_2021_Nov_09_1059-timed-01-trials.csv as conditions, 24 conditions, 13 params
97.3411 	EXP 	Created sequence: sequential, trialTypes=24, nReps=1, seed=None
97.3416 	EXP 	New trial (rep=0, index=0): OrderedDict([('blockNum', 1), ('trialNum', 1), ('trialType', 'timed'), ('condition', 2), ('posture', 'standing'), ('switchTrialType', 'buffer'), ('congruantTrialType', 'buffer'), ('cueType', 'dashed'), ('shapeType', 'triangle'), ('shapeColor', 'yellow'), ('cueFileName', 'stimuli/dashed-rectangle.png'), ('stimuliFileName', 'stimuli/yellow-triangle.png'), ('correctAnswer', 2)])
97.3762 	EXP 	image_13: autoDraw = False
97.3762 	EXP 	cue_timed_image: image = 'stimuli/dashed-rectangle.png'
97.3762 	EXP 	stimuli_timed_image: image = 'stimuli/yellow-triangle.png'
97.3762 	EXP 	cue_timed_image: autoDraw = True
98.3642 	EXP 	stimuli_timed_image: autoDraw = True
99.8965 	EXP 	Created sequence: sequential, trialTypes=1, nReps=0, seed=None
99.8969 	EXP 	Created sequence: sequential, trialTypes=1, nReps=0, seed=None
99.8973 	EXP 	Created sequence: sequential, trialTypes=1, nReps=0, seed=None
99.8976 	EXP 	Created sequence: sequential, trialTypes=1, nReps=1, seed=None
99.8979 	EXP 	New trial (rep=0, index=0): None
99.8999 	EXP 	Set sound_4 sound=A
99.9000 	EXP 	Sound sound_4 started
99.9355 	EXP 	cue_timed_image: autoDraw = False
99.9355 	EXP 	stimuli_timed_image: autoDraw = False
99.9355 	EXP 	image_15: autoDraw = True
100.8874 	EXP 	Sound sound_4 stopped
104.9065 	EXP 	Sound sound_4 stopped
104.9395 	EXP 	image_15: autoDraw = False
104.9395 	EXP 	text_2: autoDraw = True
105.1016 	EXP 	New trial (rep=0, index=1): OrderedDict([('blockNum', 1), ('trialNum', 2), ('trialType', 'timed'), ('condition', 2), ('posture', 'standing'), ('switchTrialType', 'switch'), ('congruantTrialType', 'congruant'), ('cueType', 'solid'), ('shapeType', 'square'), ('shapeColor', 'yellow'), ('cueFileName', 'stimuli/solid-rectangle.png'), ('stimuliFileName', 'stimuli/yellow-square.png'), ('correctAnswer', 2)])
105.1362 	EXP 	text_2: autoDraw = False
105.1362 	EXP 	cue_timed_image: image = 'stimuli/solid-rectangle.png'
105.1362 	EXP 	stimuli_timed_image: image = 'stimuli/yellow-square.png'
105.1362 	EXP 	cue_timed_image: autoDraw = True
106.1247 	EXP 	stimuli_timed_image: autoDraw = True
107.6573 	EXP 	Created sequence: sequential, trialTypes=1, nReps=0, seed=None
107.6578 	EXP 	Created sequence: sequential, trialTypes=1, nReps=1, seed=None
107.6580 	EXP 	New trial (rep=0, index=0): None
107.6600 	EXP 	Set sound_3 sound=A
107.6601 	EXP 	Sound sound_3 started
107.6956 	EXP 	cue_timed_image: autoDraw = False
107.6956 	EXP 	stimuli_timed_image: autoDraw = False
107.6956 	EXP 	image_14: autoDraw = True
108.6477 	EXP 	Sound sound_3 stopped
112.6648 	EXP 	Sound sound_3 stopped
112.6658 	EXP 	Created sequence: sequential, trialTypes=1, nReps=0, seed=None
112.6661 	EXP 	Created sequence: sequential, trialTypes=1, nReps=0, seed=None
112.6985 	EXP 	image_14: autoDraw = False
112.6985 	EXP 	text_2: autoDraw = True
112.8606 	EXP 	New trial (rep=0, index=2): OrderedDict([('blockNum', 1), ('trialNum', 3), ('trialType', 'timed'), ('condition', 2), ('posture', 'standing'), ('switchTrialType', 'switch'), ('congruantTrialType', 'congruant'), ('cueType', 'dashed'), ('shapeType', 'triangle'), ('shapeColor', 'blue'), ('cueFileName', 'stimuli/dashed-rectangle.png'), ('stimuliFileName', 'stimuli/blue-triangle.png'), ('correctAnswer', 2)])
112.8952 	EXP 	text_2: autoDraw = False
112.8952 	EXP 	cue_timed_image: image = 'stimuli/dashed-rectangle.png'
112.8952 	EXP 	stimuli_timed_image: image = 'stimuli/blue-triangle.png'
112.8952 	EXP 	cue_timed_image: autoDraw = True
113.8831 	EXP 	stimuli_timed_image: autoDraw = True
115.4144 	EXP 	Created sequence: sequential, trialTypes=1, nReps=0, seed=None
115.4148 	EXP 	Created sequence: sequential, trialTypes=1, nReps=0, seed=None
115.4152 	EXP 	Created sequence: sequential, trialTypes=1, nReps=0, seed=None
115.4156 	EXP 	Created sequence: sequential, trialTypes=1, nReps=1, seed=None
115.4159 	EXP 	New trial (rep=0, index=0): None
115.4180 	EXP 	Set sound_4 sound=A
115.4181 	EXP 	Sound sound_4 started
115.4535 	EXP 	cue_timed_image: autoDraw = False
115.4535 	EXP 	stimuli_timed_image: autoDraw = False
115.4535 	EXP 	image_15: autoDraw = True
116.4057 	EXP 	Sound sound_4 stopped
120.4245 	EXP 	Sound sound_4 stopped
120.4575 	EXP 	image_15: autoDraw = False
120.4575 	EXP 	text_2: autoDraw = True
120.6196 	EXP 	New trial (rep=0, index=3): OrderedDict([('blockNum', 1), ('trialNum', 4), ('trialType', 'timed'), ('condition', 2), ('posture', 'standing'), ('switchTrialType', 'switch'), ('congruantTrialType', 'congruant'), ('cueType', 'solid'), ('shapeType', 'triangle'), ('shapeColor', 'yellow'), ('cueFileName', 'stimuli/solid-rectangle.png'), ('stimuliFileName', 'stimuli/yellow-triangle.png'), ('correctAnswer', 2)])
120.6540 	EXP 	text_2: autoDraw = False
120.6540 	EXP 	cue_timed_image: image = 'stimuli/solid-rectangle.png'
120.6540 	EXP 	stimuli_timed_image: image = 'stimuli/yellow-triangle.png'
120.6540 	EXP 	cue_timed_image: autoDraw = True
120.9143 	DATA 	Keypress: 1
121.6471 	EXP 	stimuli_timed_image: autoDraw = True
121.8442 	DATA 	Keypress: 1
121.9299 	EXP 	Created sequence: sequential, trialTypes=1, nReps=1, seed=None
121.9301 	EXP 	New trial (rep=0, index=0): None
121.9322 	EXP 	Set sound_1 sound=A
121.9323 	EXP 	Sound sound_1 started
121.9677 	EXP 	cue_timed_image: autoDraw = False
121.9677 	EXP 	stimuli_timed_image: autoDraw = False
121.9677 	EXP 	image_2: autoDraw = True
122.9196 	EXP 	Sound sound_1 stopped
126.7534 	DATA 	Keypress: escape
126.9039 	EXP 	window1: mouseVisible = True
